{"numTotalTestSuites":20,"numPassedTestSuites":20,"numFailedTestSuites":0,"numPendingTestSuites":0,"numTotalTests":20,"numPassedTests":20,"numFailedTests":0,"numPendingTests":0,"numTodoTests":0,"snapshot":{"added":0,"failure":false,"filesAdded":0,"filesRemoved":0,"filesRemovedList":[],"filesUnmatched":0,"filesUpdated":0,"matched":0,"total":0,"unchecked":0,"uncheckedKeysByFile":[],"unmatched":0,"updated":0,"didUpdate":false},"startTime":1781702018534,"success":true,"testResults":[{"assertionResults":[{"ancestorTitles":["App"],"fullName":"App should have a router outlet","status":"passed","title":"should have a router outlet","duration":21.400000035762787,"failureMessages":[],"meta":{},"tags":[]},{"ancestorTitles":["App"],"fullName":"App should display the menu component","status":"passed","title":"should display the menu component","duration":30.299999952316284,"failureMessages":[],"meta":{},"tags":[]}],"startTime":1781702026068,"endTime":1781702026120.3,"status":"passed","message":"","name":"D:/Projects/Angular v20.2.0/20. Forms/Exercise/ponyracer/src/app/app.spec.ts"},{"assertionResults":[{"ancestorTitles":["Login"],"fullName":"Login should have a title","status":"passed","title":"should have a title","duration":177.60000002384186,"failureMessages":[],"meta":{},"tags":[]},{"ancestorTitles":["Login"],"fullName":"Login should display error messages if fields are touched and invalid","status":"passed","title":"should display error messages if fields are touched and invalid","duration":486.5,"failureMessages":[],"meta":{},"tags":[]},{"ancestorTitles":["Login"],"fullName":"Login should displays errors on submit if the form is invalid","status":"passed","title":"should displays errors on submit if the form is invalid","duration":192.10000002384186,"failureMessages":[],"meta":{},"tags":[]},{"ancestorTitles":["Login"],"fullName":"Login should call the user service and redirect if success","status":"passed","title":"should call the user service and redirect if success","duration":168.39999997615814,"failureMessages":[],"meta":{},"tags":[]},{"ancestorTitles":["Login"],"fullName":"Login should call the user service and display a message if failed","status":"passed","title":"should call the user service and display a message if failed","duration":156.80000001192093,"failureMessages":[],"meta":{},"tags":[]}],"startTime":1781702025538,"endTime":1781702026719.8,"status":"passed","message":"","name":"D:/Projects/Angular v20.2.0/20. Forms/Exercise/ponyracer/src/app/login/login.spec.ts"},{"assertionResults":[{"ancestorTitles":["Home"],"fullName":"Home should display the title and quote","status":"passed","title":"should display the title and quote","duration":31.19999998807907,"failureMessages":[],"meta":{},"tags":[]},{"ancestorTitles":["Home"],"fullName":"Home should display a link to go to the login page","status":"passed","title":"should display a link to go to the login page","duration":36.09999996423721,"failureMessages":[],"meta":{},"tags":[]}],"startTime":1781702025861,"endTime":1781702025928.1,"status":"passed","message":"","name":"D:/Projects/Angular v20.2.0/20. Forms/Exercise/ponyracer/src/app/home/home.spec.ts"},{"assertionResults":[{"ancestorTitles":["Menu"],"fullName":"Menu should toggle the class on click","status":"passed","title":"should toggle the class on click","duration":453.30000001192093,"failureMessages":[],"meta":{},"tags":[]},{"ancestorTitles":["Menu"],"fullName":"Menu should use routerLink to navigate","status":"passed","title":"should use routerLink to navigate","duration":24.899999976158142,"failureMessages":[],"meta":{},"tags":[]}],"startTime":1781702025694,"endTime":1781702026171.9,"status":"passed","message":"","name":"D:/Projects/Angular v20.2.0/20. Forms/Exercise/ponyracer/src/app/menu/menu.spec.ts"},{"assertionResults":[{"ancestorTitles":["Pony"],"fullName":"Pony should display an image and a legend","status":"passed","title":"should display an image and a legend","duration":132.5,"failureMessages":[],"meta":{},"tags":[]},{"ancestorTitles":["Pony"],"fullName":"Pony should emit an event on click","status":"passed","title":"should emit an event on click","duration":472.80000001192093,"failureMessages":[],"meta":{},"tags":[]}],"startTime":1781702024744,"endTime":1781702025349.8,"status":"passed","message":"","name":"D:/Projects/Angular v20.2.0/20. Forms/Exercise/ponyracer/src/app/pony/pony.spec.ts"},{"assertionResults":[{"ancestorTitles":["Race"],"fullName":"Race should display a race name and its ponies","status":"passed","title":"should display a race name and its ponies","duration":55,"failureMessages":[],"meta":{},"tags":[]}],"startTime":1781702025362,"endTime":1781702025417,"status":"passed","message":"","name":"D:/Projects/Angular v20.2.0/20. Forms/Exercise/ponyracer/src/app/race/race.spec.ts"},{"assertionResults":[{"ancestorTitles":["Races"],"fullName":"Races should display every race","status":"passed","title":"should display every race","duration":172.39999997615814,"failureMessages":[],"meta":{},"tags":[]},{"ancestorTitles":["Races"],"fullName":"Races should display a loading message while races are loading","status":"passed","title":"should display a loading message while races are loading","duration":24.80000001192093,"failureMessages":[],"meta":{},"tags":[]},{"ancestorTitles":["Races"],"fullName":"Races should display an error message if loading races failed","status":"passed","title":"should display an error message if loading races failed","duration":20.30000001192093,"failureMessages":[],"meta":{},"tags":[]}],"startTime":1781702025043,"endTime":1781702025261.3,"status":"passed","message":"","name":"D:/Projects/Angular v20.2.0/20. Forms/Exercise/ponyracer/src/app/races/races.spec.ts"},{"assertionResults":[{"ancestorTitles":["RaceService"],"fullName":"RaceService should list races","status":"passed","title":"should list races","duration":12.699999988079071,"failureMessages":[],"meta":{},"tags":[]}],"startTime":1781702025626,"endTime":1781702025638.7,"status":"passed","message":"","name":"D:/Projects/Angular v20.2.0/20. Forms/Exercise/ponyracer/src/app/services/race-service.spec.ts"},{"assertionResults":[{"ancestorTitles":["UserService"],"fullName":"UserService should authenticate a user","status":"passed","title":"should authenticate a user","duration":11.5,"failureMessages":[],"meta":{},"tags":[]}],"startTime":1781702025555,"endTime":1781702025566.5,"status":"passed","message":"","name":"D:/Projects/Angular v20.2.0/20. Forms/Exercise/ponyracer/src/app/services/user-service.spec.ts"},{"assertionResults":[{"ancestorTitles":["PrettyDatePipe"],"fullName":"PrettyDatePipe should transform the input","status":"passed","title":"should transform the input","duration":1.800000011920929,"failureMessages":[],"meta":{},"tags":[]}],"startTime":1781702026228,"endTime":1781702026229.8,"status":"passed","message":"","name":"D:/Projects/Angular v20.2.0/20. Forms/Exercise/ponyracer/src/app/shared/pipes/pretty-date-pipe.spec.ts"}]}