{"numTotalTestSuites":10,"numPassedTestSuites":10,"numFailedTestSuites":0,"numPendingTestSuites":0,"numTotalTests":0,"numPassedTests":0,"numFailedTests":0,"numPendingTests":0,"numTodoTests":0,"snapshot":{"added":0,"failure":false,"filesAdded":0,"filesRemoved":0,"filesRemovedList":[],"filesUnmatched":0,"filesUpdated":0,"matched":0,"total":0,"unchecked":0,"uncheckedKeysByFile":[],"unmatched":0,"updated":0,"didUpdate":false},"startTime":1781407158092,"success":true,"testResults":[{"assertionResults":[],"startTime":1781407158092,"endTime":1781407158092,"status":"passed","message":"","name":"D:/Projects/Angular v20.2.0/20. Forms/Exercise/ponyracer/src/app/app.spec.ts"},{"assertionResults":[],"startTime":1781407158092,"endTime":1781407158092,"status":"passed","message":"","name":"D:/Projects/Angular v20.2.0/20. Forms/Exercise/ponyracer/src/app/home/home.spec.ts"},{"assertionResults":[],"startTime":1781407158092,"endTime":1781407158092,"status":"passed","message":"","name":"D:/Projects/Angular v20.2.0/20. Forms/Exercise/ponyracer/src/app/login/login.spec.ts"},{"assertionResults":[],"startTime":1781407158092,"endTime":1781407158092,"status":"passed","message":"","name":"D:/Projects/Angular v20.2.0/20. Forms/Exercise/ponyracer/src/app/menu/menu.spec.ts"},{"assertionResults":[],"startTime":1781407158092,"endTime":1781407158092,"status":"passed","message":"","name":"D:/Projects/Angular v20.2.0/20. Forms/Exercise/ponyracer/src/app/pony/pony.spec.ts"},{"assertionResults":[],"startTime":1781407158092,"endTime":1781407158092,"status":"passed","message":"","name":"D:/Projects/Angular v20.2.0/20. Forms/Exercise/ponyracer/src/app/race/race.spec.ts"},{"assertionResults":[],"startTime":1781407158092,"endTime":1781407158092,"status":"passed","message":"","name":"D:/Projects/Angular v20.2.0/20. Forms/Exercise/ponyracer/src/app/races/races.spec.ts"},{"assertionResults":[],"startTime":1781407158092,"endTime":1781407158092,"status":"passed","message":"","name":"D:/Projects/Angular v20.2.0/20. Forms/Exercise/ponyracer/src/app/services/race-service.spec.ts"},{"assertionResults":[],"startTime":1781407158092,"endTime":1781407158092,"status":"passed","message":"","name":"D:/Projects/Angular v20.2.0/20. Forms/Exercise/ponyracer/src/app/services/user-service.spec.ts"},{"assertionResults":[],"startTime":1781407158092,"endTime":1781407158092,"status":"passed","message":"","name":"D:/Projects/Angular v20.2.0/20. Forms/Exercise/ponyracer/src/app/shared/pipes/pretty-date-pipe.spec.ts"}]}