{"numTotalTestSuites":14,"numPassedTestSuites":14,"numFailedTestSuites":0,"numPendingTestSuites":0,"numTotalTests":12,"numPassedTests":12,"numFailedTests":0,"numPendingTests":0,"numTodoTests":0,"snapshot":{"added":0,"failure":false,"filesAdded":0,"filesRemoved":0,"filesRemovedList":[],"filesUnmatched":0,"filesUpdated":0,"matched":0,"total":0,"unchecked":0,"uncheckedKeysByFile":[],"unmatched":0,"updated":0,"didUpdate":false},"startTime":1781698651768,"success":true,"testResults":[{"assertionResults":[{"ancestorTitles":["App"],"fullName":"App should have a title","status":"passed","title":"should have a title","duration":386.80000001192093,"failureMessages":[],"meta":{},"tags":[]},{"ancestorTitles":["App"],"fullName":"App should display the menu component","status":"passed","title":"should display the menu component","duration":176.5,"failureMessages":[],"meta":{},"tags":[]},{"ancestorTitles":["App"],"fullName":"App should display the races component","status":"passed","title":"should display the races component","duration":130.0999999642372,"failureMessages":[],"meta":{},"tags":[]}],"startTime":1781698678514,"endTime":1781698679209.1,"status":"passed","message":"","name":"D:/Projects/Angular v20.2.0/18. Resources - v22 update/Exercise/ponyracer/src/app/app.spec.ts"},{"assertionResults":[{"ancestorTitles":["Menu"],"fullName":"Menu should toggle the class on click","status":"passed","title":"should toggle the class on click","duration":2946.800000011921,"failureMessages":[],"meta":{},"tags":[]}],"startTime":1781698678514,"endTime":1781698681460.8,"status":"passed","message":"","name":"D:/Projects/Angular v20.2.0/18. Resources - v22 update/Exercise/ponyracer/src/app/menu/menu.spec.ts"},{"assertionResults":[{"ancestorTitles":["Pony"],"fullName":"Pony should display an image and a legend","status":"passed","title":"should display an image and a legend","duration":503.5,"failureMessages":[],"meta":{},"tags":[]},{"ancestorTitles":["Pony"],"fullName":"Pony should emit an event on click","status":"passed","title":"should emit an event on click","duration":1747.199999988079,"failureMessages":[],"meta":{},"tags":[]}],"startTime":1781698678461,"endTime":1781698680712.2,"status":"passed","message":"","name":"D:/Projects/Angular v20.2.0/18. Resources - v22 update/Exercise/ponyracer/src/app/pony/pony.spec.ts"},{"assertionResults":[{"ancestorTitles":["Race"],"fullName":"Race should display a race name and its ponies","status":"passed","title":"should display a race name and its ponies","duration":214,"failureMessages":[],"meta":{},"tags":[]}],"startTime":1781698680458,"endTime":1781698680672,"status":"passed","message":"","name":"D:/Projects/Angular v20.2.0/18. Resources - v22 update/Exercise/ponyracer/src/app/race/race.spec.ts"},{"assertionResults":[{"ancestorTitles":["Races"],"fullName":"Races should display every race","status":"passed","title":"should display every race","duration":197.69999998807907,"failureMessages":[],"meta":{},"tags":[]},{"ancestorTitles":["Races"],"fullName":"Races should display a loading message while races are loading","status":"passed","title":"should display a loading message while races are loading","duration":45.5,"failureMessages":[],"meta":{},"tags":[]},{"ancestorTitles":["Races"],"fullName":"Races should display an error message if loading races failed","status":"passed","title":"should display an error message if loading races failed","duration":62,"failureMessages":[],"meta":{},"tags":[]}],"startTime":1781698679756,"endTime":1781698680061,"status":"passed","message":"","name":"D:/Projects/Angular v20.2.0/18. Resources - v22 update/Exercise/ponyracer/src/app/races/races.spec.ts"},{"assertionResults":[{"ancestorTitles":["RaceService"],"fullName":"RaceService should list races","status":"passed","title":"should list races","duration":47.10000002384186,"failureMessages":[],"meta":{},"tags":[]}],"startTime":1781698681136,"endTime":1781698681183.1,"status":"passed","message":"","name":"D:/Projects/Angular v20.2.0/18. Resources - v22 update/Exercise/ponyracer/src/app/services/race-service.spec.ts"},{"assertionResults":[{"ancestorTitles":["PrettyDatePipe"],"fullName":"PrettyDatePipe should transform the input","status":"passed","title":"should transform the input","duration":23.099999964237213,"failureMessages":[],"meta":{},"tags":[]}],"startTime":1781698681300,"endTime":1781698681323.1,"status":"passed","message":"","name":"D:/Projects/Angular v20.2.0/18. Resources - v22 update/Exercise/ponyracer/src/app/shared/pipes/pretty-date-pipe.spec.ts"}]}