{"numTotalTestSuites":4,"numPassedTestSuites":4,"numFailedTestSuites":0,"numPendingTestSuites":0,"numTotalTests":11,"numPassedTests":11,"numFailedTests":0,"numPendingTests":0,"numTodoTests":0,"snapshot":{"added":0,"failure":false,"filesAdded":0,"filesRemoved":0,"filesRemovedList":[],"filesUnmatched":0,"filesUpdated":0,"matched":0,"total":0,"unchecked":0,"uncheckedKeysByFile":[],"unmatched":0,"updated":0,"didUpdate":false},"startTime":1784103009559,"success":true,"testResults":[{"assertionResults":[{"ancestorTitles":["Login"],"fullName":"Login should have a title","status":"passed","title":"should have a title","duration":91.30000007152557,"failureMessages":[],"meta":{},"tags":[]},{"ancestorTitles":["Login"],"fullName":"Login should display error messages if fields are touched and invalid","status":"passed","title":"should display error messages if fields are touched and invalid","duration":280.2999999523163,"failureMessages":[],"meta":{},"tags":[]},{"ancestorTitles":["Login"],"fullName":"Login should displays errors on submit if the form is invalid","status":"passed","title":"should displays errors on submit if the form is invalid","duration":121.29999995231628,"failureMessages":[],"meta":{},"tags":[]},{"ancestorTitles":["Login"],"fullName":"Login should call the user service and redirect if success","status":"passed","title":"should call the user service and redirect if success","duration":305.10000002384186,"failureMessages":[],"meta":{},"tags":[]},{"ancestorTitles":["Login"],"fullName":"Login should call the user service and display a message if failed","status":"passed","title":"should call the user service and display a message if failed","duration":184.30000007152557,"failureMessages":[],"meta":{},"tags":[]}],"startTime":1784106376869,"endTime":1784106377851.3,"status":"passed","message":"","name":"D:/Projects/Angular/26. Advanced components and directives/Exercise/ponyracer/src/app/login/login.spec.ts"},{"assertionResults":[{"ancestorTitles":["Races"],"fullName":"Races should redirect from /races to /races/pending","status":"passed","title":"should redirect from /races to /races/pending","duration":122.70000004768372,"failureMessages":[],"meta":{},"tags":[]},{"ancestorTitles":["Races"],"fullName":"Races should show two tabs","status":"passed","title":"should show two tabs","duration":30.299999952316284,"failureMessages":[],"meta":{},"tags":[]},{"ancestorTitles":["Races"],"fullName":"Races should make first tab active when showing pending races","status":"passed","title":"should make first tab active when showing pending races","duration":18.200000047683716,"failureMessages":[],"meta":{},"tags":[]},{"ancestorTitles":["Races"],"fullName":"Races should make second tab active when showing finished races","status":"passed","title":"should make second tab active when showing finished races","duration":23.199999928474426,"failureMessages":[],"meta":{},"tags":[]},{"ancestorTitles":["Races"],"fullName":"Races should not show tabs when showing bet page","status":"passed","title":"should not show tabs when showing bet page","duration":29.899999976158142,"failureMessages":[],"meta":{},"tags":[]},{"ancestorTitles":["Races"],"fullName":"Races should display pending races for /races/pending and finished races for /races/finished","status":"passed","title":"should display pending races for /races/pending and finished races for /races/finished","duration":36.700000047683716,"failureMessages":[],"meta":{},"tags":[]}],"startTime":1784106376694,"endTime":1784106376955.7,"status":"passed","message":"","name":"D:/Projects/Angular/26. Advanced components and directives/Exercise/ponyracer/src/app/races/races.spec.ts"}]}