{"numTotalTestSuites":45,"numPassedTestSuites":45,"numFailedTestSuites":0,"numPendingTestSuites":0,"numTotalTests":104,"numPassedTests":104,"numFailedTests":0,"numPendingTests":0,"numTodoTests":0,"snapshot":{"added":0,"failure":false,"filesAdded":0,"filesRemoved":0,"filesRemovedList":[],"filesUnmatched":0,"filesUpdated":0,"matched":0,"total":0,"unchecked":0,"uncheckedKeysByFile":[],"unmatched":0,"updated":0,"didUpdate":false},"startTime":1784195252665,"success":true,"testResults":[{"assertionResults":[{"ancestorTitles":["App"],"fullName":"App should have a router outlet","status":"passed","title":"should have a router outlet","duration":15.700000047683716,"failureMessages":[],"meta":{},"tags":[]},{"ancestorTitles":["App"],"fullName":"App should display the menu component","status":"passed","title":"should display the menu component","duration":12.399999976158142,"failureMessages":[],"meta":{},"tags":[]}],"startTime":1784195318472,"endTime":1784195318500.4,"status":"passed","message":"","name":"D:/Projects/Angular/26. Advanced components and directives/Exercise/ponyracer/src/app/app.spec.ts"},{"assertionResults":[{"ancestorTitles":["jwtInterceptor"],"fullName":"jwtInterceptor should do nothing if no jwt token","status":"passed","title":"should do nothing if no jwt token","duration":6.400000095367432,"failureMessages":[],"meta":{},"tags":[]},{"ancestorTitles":["jwtInterceptor"],"fullName":"jwtInterceptor should send a jwt token","status":"passed","title":"should send a jwt token","duration":5.900000095367432,"failureMessages":[],"meta":{},"tags":[]}],"startTime":1784195318747,"endTime":1784195318759.9,"status":"passed","message":"","name":"D:/Projects/Angular/26. Advanced components and directives/Exercise/ponyracer/src/app/jwt-interceptor.spec.ts"},{"assertionResults":[{"ancestorTitles":["loggedInGuard"],"fullName":"loggedInGuard should allow activation if user is logged in","status":"passed","title":"should allow activation if user is logged in","duration":4.800000071525574,"failureMessages":[],"meta":{},"tags":[]},{"ancestorTitles":["loggedInGuard"],"fullName":"loggedInGuard should forbid activation if user is not logged in, and navigate to home","status":"passed","title":"should forbid activation if user is not logged in, and navigate to home","duration":3.6999999284744263,"failureMessages":[],"meta":{},"tags":[]}],"startTime":1784195318634,"endTime":1784195318642.7,"status":"passed","message":"","name":"D:/Projects/Angular/26. Advanced components and directives/Exercise/ponyracer/src/app/logged-in-guard.spec.ts"},{"assertionResults":[{"ancestorTitles":["Alert"],"fullName":"Alert should display a div with correct classes","status":"passed","title":"should display a div with correct classes","duration":100.20000004768372,"failureMessages":[],"meta":{},"tags":[]},{"ancestorTitles":["Alert"],"fullName":"Alert should display the content","status":"passed","title":"should display the content","duration":8.100000023841858,"failureMessages":[],"meta":{},"tags":[]},{"ancestorTitles":["Alert"],"fullName":"Alert should display a button depending on dismissible input","status":"passed","title":"should display a button depending on dismissible input","duration":17.699999928474426,"failureMessages":[],"meta":{},"tags":[]},{"ancestorTitles":["Alert"],"fullName":"Alert should emit a close event","status":"passed","title":"should emit a close event","duration":208.10000002384186,"failureMessages":[],"meta":{},"tags":[]},{"ancestorTitles":["Alert"],"fullName":"Alert should have optional type and dismissible inputs","status":"passed","title":"should have optional type and dismissible inputs","duration":19,"failureMessages":[],"meta":{},"tags":[]}],"startTime":1784195316360,"endTime":1784195316713,"status":"passed","message":"","name":"D:/Projects/Angular/26. Advanced components and directives/Exercise/ponyracer/src/app/alert/alert.spec.ts"},{"assertionResults":[{"ancestorTitles":["Bet"],"fullName":"Bet should display a race, its date and its ponies","status":"passed","title":"should display a race, its date and its ponies","duration":167.89999997615814,"failureMessages":[],"meta":{},"tags":[]},{"ancestorTitles":["Bet"],"fullName":"Bet should trigger a bet when a pony is clicked","status":"passed","title":"should trigger a bet when a pony is clicked","duration":455.1999999284744,"failureMessages":[],"meta":{},"tags":[]},{"ancestorTitles":["Bet"],"fullName":"Bet should display an error message if bet failed","status":"passed","title":"should display an error message if bet failed","duration":812.6000000238419,"failureMessages":[],"meta":{},"tags":[]},{"ancestorTitles":["Bet"],"fullName":"Bet should display a loading message while loading the race","status":"passed","title":"should display a loading message while loading the race","duration":29.299999952316284,"failureMessages":[],"meta":{},"tags":[]},{"ancestorTitles":["Bet"],"fullName":"Bet should display an error message if loading the race failed","status":"passed","title":"should display an error message if loading the race failed","duration":28.199999928474426,"failureMessages":[],"meta":{},"tags":[]},{"ancestorTitles":["Bet"],"fullName":"Bet should cancel a bet","status":"passed","title":"should cancel a bet","duration":347.89999997615814,"failureMessages":[],"meta":{},"tags":[]},{"ancestorTitles":["Bet"],"fullName":"Bet should display a message if canceling a bet fails","status":"passed","title":"should display a message if canceling a bet fails","duration":249.90000009536743,"failureMessages":[],"meta":{},"tags":[]},{"ancestorTitles":["Bet"],"fullName":"Bet should display a link to go to live","status":"passed","title":"should display a link to go to live","duration":44.800000071525574,"failureMessages":[],"meta":{},"tags":[]}],"startTime":1784195312568,"endTime":1784195314703.8,"status":"passed","message":"","name":"D:/Projects/Angular/26. Advanced components and directives/Exercise/ponyracer/src/app/bet/bet.spec.ts"},{"assertionResults":[{"ancestorTitles":["BirthYearInput"],"fullName":"BirthYearInput should display the initial value and update it","status":"passed","title":"should display the initial value and update it","duration":3745,"failureMessages":[],"meta":{},"tags":[]},{"ancestorTitles":["BirthYearInput"],"fullName":"BirthYearInput should transform negative value","status":"passed","title":"should transform negative value","duration":165.20000004768372,"failureMessages":[],"meta":{},"tags":[]},{"ancestorTitles":["BirthYearInput"],"fullName":"BirthYearInput should transform value less than 1900","status":"passed","title":"should transform value less than 1900","duration":382.5,"failureMessages":[],"meta":{},"tags":[]},{"ancestorTitles":["BirthYearInput"],"fullName":"BirthYearInput should transform value greater than current year","status":"passed","title":"should transform value greater than current year","duration":114.5,"failureMessages":[],"meta":{},"tags":[]},{"ancestorTitles":["BirthYearInput"],"fullName":"BirthYearInput should transform value after 1900 and before current year","status":"passed","title":"should transform value after 1900 and before current year","duration":138.19999992847443,"failureMessages":[],"meta":{},"tags":[]},{"ancestorTitles":["BirthYearInput"],"fullName":"BirthYearInput should transform value greater than 100 and lower than 1900","status":"passed","title":"should transform value greater than 100 and lower than 1900","duration":97.89999997615814,"failureMessages":[],"meta":{},"tags":[]},{"ancestorTitles":["BirthYearInput"],"fullName":"BirthYearInput should transform value less than 100 and after current year","status":"passed","title":"should transform value less than 100 and after current year","duration":188.80000007152557,"failureMessages":[],"meta":{},"tags":[]},{"ancestorTitles":["BirthYearInput"],"fullName":"BirthYearInput should transform value less than 100 and before current year","status":"passed","title":"should transform value less than 100 and before current year","duration":125.09999990463257,"failureMessages":[],"meta":{},"tags":[]},{"ancestorTitles":["BirthYearInput"],"fullName":"BirthYearInput should propagate null when the value is cleared","status":"passed","title":"should propagate null when the value is cleared","duration":196.30000007152557,"failureMessages":[],"meta":{},"tags":[]},{"ancestorTitles":["BirthYearInput"],"fullName":"BirthYearInput should have the is-invalid class if invalid","status":"passed","title":"should have the is-invalid class if invalid","duration":193.5,"failureMessages":[],"meta":{},"tags":[]},{"ancestorTitles":["BirthYearInput"],"fullName":"BirthYearInput should be disabled if the form control is disabled","status":"passed","title":"should be disabled if the form control is disabled","duration":46.700000047683716,"failureMessages":[],"meta":{},"tags":[]},{"ancestorTitles":["BirthYearInput"],"fullName":"BirthYearInput should mark the field as touched on blur","status":"passed","title":"should mark the field as touched on blur","duration":279.6999999284744,"failureMessages":[],"meta":{},"tags":[]}],"startTime":1784195305274,"endTime":1784195310947.7,"status":"passed","message":"","name":"D:/Projects/Angular/26. Advanced components and directives/Exercise/ponyracer/src/app/birth-year-input/birth-year-input.spec.ts"},{"assertionResults":[{"ancestorTitles":["FormLabel"],"fullName":"FormLabel should add the text-danger CSS class to the label if invalid","status":"passed","title":"should add the text-danger CSS class to the label if invalid","duration":294.39999997615814,"failureMessages":[],"meta":{},"tags":[]}],"startTime":1784195317474,"endTime":1784195317768.4,"status":"passed","message":"","name":"D:/Projects/Angular/26. Advanced components and directives/Exercise/ponyracer/src/app/directives/form-label.spec.ts"},{"assertionResults":[{"ancestorTitles":["Home"],"fullName":"Home should display the title and quote","status":"passed","title":"should display the title and quote","duration":10.600000023841858,"failureMessages":[],"meta":{},"tags":[]},{"ancestorTitles":["Home"],"fullName":"Home should display a link to go to the login page and another to the register page","status":"passed","title":"should display a link to go to the login page and another to the register page","duration":33.299999952316284,"failureMessages":[],"meta":{},"tags":[]},{"ancestorTitles":["Home"],"fullName":"Home should display only a link to go the races page if logged in","status":"passed","title":"should display only a link to go the races page if logged in","duration":18.5,"failureMessages":[],"meta":{},"tags":[]}],"startTime":1784195317923,"endTime":1784195317985.5,"status":"passed","message":"","name":"D:/Projects/Angular/26. Advanced components and directives/Exercise/ponyracer/src/app/home/home.spec.ts"},{"assertionResults":[{"ancestorTitles":["Live"],"fullName":"Live should change the race status once the race is RUNNING","status":"passed","title":"should change the race status once the race is RUNNING","duration":2516.4000000953674,"failureMessages":[],"meta":{},"tags":[]},{"ancestorTitles":["Live"],"fullName":"Live should unsubscribe on destruction","status":"passed","title":"should unsubscribe on destruction","duration":34.60000002384186,"failureMessages":[],"meta":{},"tags":[]},{"ancestorTitles":["Live"],"fullName":"Live should display the pending race","status":"passed","title":"should display the pending race","duration":40.199999928474426,"failureMessages":[],"meta":{},"tags":[]},{"ancestorTitles":["Live"],"fullName":"Live should display the running race","status":"passed","title":"should display the running race","duration":50.300000071525574,"failureMessages":[],"meta":{},"tags":[]},{"ancestorTitles":["Live"],"fullName":"Live should display the finished race","status":"passed","title":"should display the finished race","duration":60.09999990463257,"failureMessages":[],"meta":{},"tags":[]},{"ancestorTitles":["Live"],"fullName":"Live should display a message when the race is lost","status":"passed","title":"should display a message when the race is lost","duration":44.5,"failureMessages":[],"meta":{},"tags":[]},{"ancestorTitles":["Live"],"fullName":"Live should display a message when the race is over","status":"passed","title":"should display a message when the race is over","duration":26.600000023841858,"failureMessages":[],"meta":{},"tags":[]},{"ancestorTitles":["Live"],"fullName":"Live should display a message when an error occurred","status":"passed","title":"should display a message when an error occurred","duration":46.60000002384186,"failureMessages":[],"meta":{},"tags":[]},{"ancestorTitles":["Live","with boost"],"fullName":"Live with boost should buffer clicks over a second and call the boost method","status":"passed","title":"should buffer clicks over a second and call the boost method","duration":2485.7999999523163,"failureMessages":[],"meta":{},"tags":[]},{"ancestorTitles":["Live","with boost"],"fullName":"Live with boost should filter click buffer that are not at least 5","status":"passed","title":"should filter click buffer that are not at least 5","duration":2814.5,"failureMessages":[],"meta":{},"tags":[]},{"ancestorTitles":["Live","with boost"],"fullName":"Live with boost should throttle repeated boosts","status":"passed","title":"should throttle repeated boosts","duration":2559.899999976158,"failureMessages":[],"meta":{},"tags":[]},{"ancestorTitles":["Live","with boost"],"fullName":"Live with boost should catch a boost error","status":"passed","title":"should catch a boost error","duration":1822.5,"failureMessages":[],"meta":{},"tags":[]}],"startTime":1784195306454,"endTime":1784195318961.5,"status":"passed","message":"","name":"D:/Projects/Angular/26. Advanced components and directives/Exercise/ponyracer/src/app/live/live.spec.ts"},{"assertionResults":[{"ancestorTitles":["Login"],"fullName":"Login should have a title","status":"passed","title":"should have a title","duration":134.69999992847443,"failureMessages":[],"meta":{},"tags":[]},{"ancestorTitles":["Login"],"fullName":"Login should display error messages if fields are touched and invalid","status":"passed","title":"should display error messages if fields are touched and invalid","duration":686.7000000476837,"failureMessages":[],"meta":{},"tags":[]},{"ancestorTitles":["Login"],"fullName":"Login should displays errors on submit if the form is invalid","status":"passed","title":"should displays errors on submit if the form is invalid","duration":362.90000009536743,"failureMessages":[],"meta":{},"tags":[]},{"ancestorTitles":["Login"],"fullName":"Login should call the user service and redirect if success","status":"passed","title":"should call the user service and redirect if success","duration":627.7000000476837,"failureMessages":[],"meta":{},"tags":[]},{"ancestorTitles":["Login"],"fullName":"Login should call the user service and display a message if failed","status":"passed","title":"should call the user service and display a message if failed","duration":559.7000000476837,"failureMessages":[],"meta":{},"tags":[]}],"startTime":1784195312365,"endTime":1784195314736.7,"status":"passed","message":"","name":"D:/Projects/Angular/26. Advanced components and directives/Exercise/ponyracer/src/app/login/login.spec.ts"},{"assertionResults":[{"ancestorTitles":["Menu"],"fullName":"Menu should toggle the class on click","status":"passed","title":"should toggle the class on click","duration":1032.4000000953674,"failureMessages":[],"meta":{},"tags":[]},{"ancestorTitles":["Menu"],"fullName":"Menu should use routerLink to navigate","status":"passed","title":"should use routerLink to navigate","duration":48.90000009536743,"failureMessages":[],"meta":{},"tags":[]},{"ancestorTitles":["Menu"],"fullName":"Menu should display the user if logged in","status":"passed","title":"should display the user if logged in","duration":21.199999928474426,"failureMessages":[],"meta":{},"tags":[]},{"ancestorTitles":["Menu"],"fullName":"Menu should display a logout button","status":"passed","title":"should display a logout button","duration":829.6000000238419,"failureMessages":[],"meta":{},"tags":[]},{"ancestorTitles":["Menu"],"fullName":"Menu should listen to score updates","status":"passed","title":"should listen to score updates","duration":360.39999997615814,"failureMessages":[],"meta":{},"tags":[]}],"startTime":1784195314940,"endTime":1784195317232.4,"status":"passed","message":"","name":"D:/Projects/Angular/26. Advanced components and directives/Exercise/ponyracer/src/app/menu/menu.spec.ts"},{"assertionResults":[{"ancestorTitles":["Pony"],"fullName":"Pony should display an image and a legend","status":"passed","title":"should display an image and a legend","duration":52.200000047683716,"failureMessages":[],"meta":{},"tags":[]},{"ancestorTitles":["Pony"],"fullName":"Pony should emit an event on click","status":"passed","title":"should emit an event on click","duration":335,"failureMessages":[],"meta":{},"tags":[]},{"ancestorTitles":["Pony"],"fullName":"Pony should display a running pony","status":"passed","title":"should display a running pony","duration":20.799999952316284,"failureMessages":[],"meta":{},"tags":[]},{"ancestorTitles":["Pony"],"fullName":"Pony should display a boosted pony","status":"passed","title":"should display a boosted pony","duration":23.299999952316284,"failureMessages":[],"meta":{},"tags":[]}],"startTime":1784195316918,"endTime":1784195317349.3,"status":"passed","message":"","name":"D:/Projects/Angular/26. Advanced components and directives/Exercise/ponyracer/src/app/pony/pony.spec.ts"},{"assertionResults":[{"ancestorTitles":["Race"],"fullName":"Race should display a race name and its ponies","status":"passed","title":"should display a race name and its ponies","duration":43.60000002384186,"failureMessages":[],"meta":{},"tags":[]}],"startTime":1784195318478,"endTime":1784195318521.6,"status":"passed","message":"","name":"D:/Projects/Angular/26. Advanced components and directives/Exercise/ponyracer/src/app/race/race.spec.ts"},{"assertionResults":[{"ancestorTitles":["Races"],"fullName":"Races should redirect from /races to /races/pending","status":"passed","title":"should redirect from /races to /races/pending","duration":147.5,"failureMessages":[],"meta":{},"tags":[]},{"ancestorTitles":["Races"],"fullName":"Races should show two tabs","status":"passed","title":"should show two tabs","duration":48.40000009536743,"failureMessages":[],"meta":{},"tags":[]},{"ancestorTitles":["Races"],"fullName":"Races should make first tab active when showing pending races","status":"passed","title":"should make first tab active when showing pending races","duration":44.299999952316284,"failureMessages":[],"meta":{},"tags":[]},{"ancestorTitles":["Races"],"fullName":"Races should make second tab active when showing finished races","status":"passed","title":"should make second tab active when showing finished races","duration":42,"failureMessages":[],"meta":{},"tags":[]},{"ancestorTitles":["Races"],"fullName":"Races should not show tabs when showing bet page","status":"passed","title":"should not show tabs when showing bet page","duration":30.199999928474426,"failureMessages":[],"meta":{},"tags":[]},{"ancestorTitles":["Races"],"fullName":"Races should display pending races for /races/pending and finished races for /races/finished","status":"passed","title":"should display pending races for /races/pending and finished races for /races/finished","duration":70.5,"failureMessages":[],"meta":{},"tags":[]}],"startTime":1784195315767,"endTime":1784195316150.5,"status":"passed","message":"","name":"D:/Projects/Angular/26. Advanced components and directives/Exercise/ponyracer/src/app/races/races.spec.ts"},{"assertionResults":[{"ancestorTitles":["Register"],"fullName":"Register should validate the login input","status":"passed","title":"should validate the login input","duration":3040.2000000476837,"failureMessages":[],"meta":{},"tags":[]},{"ancestorTitles":["Register"],"fullName":"Register should validate the password input","status":"passed","title":"should validate the password input","duration":156.70000004768372,"failureMessages":[],"meta":{},"tags":[]},{"ancestorTitles":["Register"],"fullName":"Register should validate the password confirmation input","status":"passed","title":"should validate the password confirmation input","duration":173.5,"failureMessages":[],"meta":{},"tags":[]},{"ancestorTitles":["Register"],"fullName":"Register should validate that passwords match","status":"passed","title":"should validate that passwords match","duration":431.7999999523163,"failureMessages":[],"meta":{},"tags":[]},{"ancestorTitles":["Register"],"fullName":"Register should validate the birth year","status":"passed","title":"should validate the birth year","duration":613.7999999523163,"failureMessages":[],"meta":{},"tags":[]},{"ancestorTitles":["Register"],"fullName":"Register should displays errors on submit if the form is invalid","status":"passed","title":"should displays errors on submit if the form is invalid","duration":310,"failureMessages":[],"meta":{},"tags":[]},{"ancestorTitles":["Register"],"fullName":"Register should call the user service to register","status":"passed","title":"should call the user service to register","duration":339.2000000476837,"failureMessages":[],"meta":{},"tags":[]},{"ancestorTitles":["Register"],"fullName":"Register should display an error message if registration fails","status":"passed","title":"should display an error message if registration fails","duration":483.60000002384186,"failureMessages":[],"meta":{},"tags":[]}],"startTime":1784195306537,"endTime":1784195312086.6,"status":"passed","message":"","name":"D:/Projects/Angular/26. Advanced components and directives/Exercise/ponyracer/src/app/register/register.spec.ts"},{"assertionResults":[{"ancestorTitles":["ScoreHistory"],"fullName":"ScoreHistory should display a chart","status":"passed","title":"should display a chart","duration":379.2999999523163,"failureMessages":[],"meta":{},"tags":[]}],"startTime":1784195315075,"endTime":1784195315454.3,"status":"passed","message":"","name":"D:/Projects/Angular/26. Advanced components and directives/Exercise/ponyracer/src/app/score-history/score-history.spec.ts"},{"assertionResults":[{"ancestorTitles":["RaceService"],"fullName":"RaceService should list races","status":"passed","title":"should list races","duration":20.200000047683716,"failureMessages":[],"meta":{},"tags":[]},{"ancestorTitles":["RaceService"],"fullName":"RaceService should get a race","status":"passed","title":"should get a race","duration":7.699999928474426,"failureMessages":[],"meta":{},"tags":[]},{"ancestorTitles":["RaceService"],"fullName":"RaceService should bet on a race","status":"passed","title":"should bet on a race","duration":5.200000047683716,"failureMessages":[],"meta":{},"tags":[]},{"ancestorTitles":["RaceService"],"fullName":"RaceService should cancel a bet on a race","status":"passed","title":"should cancel a bet on a race","duration":5.199999928474426,"failureMessages":[],"meta":{},"tags":[]},{"ancestorTitles":["RaceService"],"fullName":"RaceService should return a live race from websockets","status":"passed","title":"should return a live race from websockets","duration":4.900000095367432,"failureMessages":[],"meta":{},"tags":[]},{"ancestorTitles":["RaceService"],"fullName":"RaceService should boost a pony in a race","status":"passed","title":"should boost a pony in a race","duration":7.900000095367432,"failureMessages":[],"meta":{},"tags":[]}],"startTime":1784195318159,"endTime":1784195318209.9,"status":"passed","message":"","name":"D:/Projects/Angular/26. Advanced components and directives/Exercise/ponyracer/src/app/services/race-service.spec.ts"},{"assertionResults":[{"ancestorTitles":["UserService"],"fullName":"UserService should authenticate and store a user","status":"passed","title":"should authenticate and store a user","duration":14.700000047683716,"failureMessages":[],"meta":{},"tags":[]},{"ancestorTitles":["UserService"],"fullName":"UserService should register a user","status":"passed","title":"should register a user","duration":6.299999952316284,"failureMessages":[],"meta":{},"tags":[]},{"ancestorTitles":["UserService"],"fullName":"UserService should retrieve a user if one is stored","status":"passed","title":"should retrieve a user if one is stored","duration":5.399999976158142,"failureMessages":[],"meta":{},"tags":[]},{"ancestorTitles":["UserService"],"fullName":"UserService should retrieve no user if none stored","status":"passed","title":"should retrieve no user if none stored","duration":3.600000023841858,"failureMessages":[],"meta":{},"tags":[]},{"ancestorTitles":["UserService"],"fullName":"UserService should logout the user","status":"passed","title":"should logout the user","duration":10.299999952316284,"failureMessages":[],"meta":{},"tags":[]},{"ancestorTitles":["UserService"],"fullName":"UserService should subscribe to the score of the user","status":"passed","title":"should subscribe to the score of the user","duration":8.300000071525574,"failureMessages":[],"meta":{},"tags":[]},{"ancestorTitles":["UserService"],"fullName":"UserService should fetch the score history","status":"passed","title":"should fetch the score history","duration":8.800000071525574,"failureMessages":[],"meta":{},"tags":[]}],"startTime":1784195318309,"endTime":1784195318366.8,"status":"passed","message":"","name":"D:/Projects/Angular/26. Advanced components and directives/Exercise/ponyracer/src/app/services/user-service.spec.ts"},{"assertionResults":[{"ancestorTitles":["WsService"],"fullName":"WsService should connect to a websocket channel","status":"passed","title":"should connect to a websocket channel","duration":5,"failureMessages":[],"meta":{},"tags":[]},{"ancestorTitles":["WsService"],"fullName":"WsService should throw an error if the connection fails","status":"passed","title":"should throw an error if the connection fails","duration":4.600000023841858,"failureMessages":[],"meta":{},"tags":[]},{"ancestorTitles":["WsService"],"fullName":"WsService should unsubscribe from the websocket connection on unsubscription","status":"passed","title":"should unsubscribe from the websocket connection on unsubscription","duration":3.700000047683716,"failureMessages":[],"meta":{},"tags":[]}],"startTime":1784195318632,"endTime":1784195318645.7,"status":"passed","message":"","name":"D:/Projects/Angular/26. Advanced components and directives/Exercise/ponyracer/src/app/services/ws-service.spec.ts"},{"assertionResults":[{"ancestorTitles":["FinishedRaces"],"fullName":"FinishedRaces should display the first page of races by default","status":"passed","title":"should display the first page of races by default","duration":93.89999997615814,"failureMessages":[],"meta":{},"tags":[]},{"ancestorTitles":["FinishedRaces"],"fullName":"FinishedRaces should display the second page of races if page query param is 2","status":"passed","title":"should display the second page of races if page query param is 2","duration":45.299999952316284,"failureMessages":[],"meta":{},"tags":[]},{"ancestorTitles":["FinishedRaces"],"fullName":"FinishedRaces should display a loading message while races are loading","status":"passed","title":"should display a loading message while races are loading","duration":13.300000071525574,"failureMessages":[],"meta":{},"tags":[]},{"ancestorTitles":["FinishedRaces"],"fullName":"FinishedRaces should navigate to the second page of races when clicking the button","status":"passed","title":"should navigate to the second page of races when clicking the button","duration":196.30000007152557,"failureMessages":[],"meta":{},"tags":[]},{"ancestorTitles":["FinishedRaces"],"fullName":"FinishedRaces should not display a link to bet on a race","status":"passed","title":"should not display a link to bet on a race","duration":37.799999952316284,"failureMessages":[],"meta":{},"tags":[]},{"ancestorTitles":["FinishedRaces"],"fullName":"FinishedRaces should display an error message if loading races failed","status":"passed","title":"should display an error message if loading races failed","duration":16.200000047683716,"failureMessages":[],"meta":{},"tags":[]}],"startTime":1784195317937,"endTime":1784195318340.2,"status":"passed","message":"","name":"D:/Projects/Angular/26. Advanced components and directives/Exercise/ponyracer/src/app/races/finished-races/finished-races.spec.ts"},{"assertionResults":[{"ancestorTitles":["PendingRaces"],"fullName":"PendingRaces should display every race","status":"passed","title":"should display every race","duration":51.299999952316284,"failureMessages":[],"meta":{},"tags":[]},{"ancestorTitles":["PendingRaces"],"fullName":"PendingRaces should display a loading message while races are loading","status":"passed","title":"should display a loading message while races are loading","duration":21.100000023841858,"failureMessages":[],"meta":{},"tags":[]},{"ancestorTitles":["PendingRaces"],"fullName":"PendingRaces should display a link to bet on a race","status":"passed","title":"should display a link to bet on a race","duration":35.60000002384186,"failureMessages":[],"meta":{},"tags":[]},{"ancestorTitles":["PendingRaces"],"fullName":"PendingRaces should display an error message if loading races failed","status":"passed","title":"should display an error message if loading races failed","duration":22.799999952316284,"failureMessages":[],"meta":{},"tags":[]}],"startTime":1784195317639,"endTime":1784195317769.8,"status":"passed","message":"","name":"D:/Projects/Angular/26. Advanced components and directives/Exercise/ponyracer/src/app/races/pending-races/pending-races.spec.ts"},{"assertionResults":[{"ancestorTitles":["PrettyDatePipe"],"fullName":"PrettyDatePipe should transform the input","status":"passed","title":"should transform the input","duration":1.7000000476837158,"failureMessages":[],"meta":{},"tags":[]}],"startTime":1784195318754,"endTime":1784195318755.7,"status":"passed","message":"","name":"D:/Projects/Angular/26. Advanced components and directives/Exercise/ponyracer/src/app/shared/pipes/pretty-date-pipe.spec.ts"}]}