{"numTotalTestSuites":32,"numPassedTestSuites":32,"numFailedTestSuites":0,"numPendingTestSuites":0,"numTotalTests":70,"numPassedTests":70,"numFailedTests":0,"numPendingTests":0,"numTodoTests":0,"snapshot":{"added":0,"failure":false,"filesAdded":0,"filesRemoved":0,"filesRemovedList":[],"filesUnmatched":0,"filesUpdated":0,"matched":0,"total":0,"unchecked":0,"uncheckedKeysByFile":[],"unmatched":0,"updated":0,"didUpdate":false},"startTime":1783411215071,"success":true,"testResults":[{"assertionResults":[{"ancestorTitles":["App"],"fullName":"App should have a router outlet","status":"passed","title":"should have a router outlet","duration":19.200000047683716,"failureMessages":[],"meta":{},"tags":[]},{"ancestorTitles":["App"],"fullName":"App should display the menu component","status":"passed","title":"should display the menu component","duration":29.200000047683716,"failureMessages":[],"meta":{},"tags":[]}],"startTime":1783411264119,"endTime":1783411264167.2,"status":"passed","message":"","name":"D:/Projects/Angular/17. Send and receive data through HTTP/Exercise/ponyracer - from chapter 25/src/app/app.spec.ts"},{"assertionResults":[{"ancestorTitles":["jwtInterceptor"],"fullName":"jwtInterceptor should do nothing if no jwt token","status":"passed","title":"should do nothing if no jwt token","duration":6.5,"failureMessages":[],"meta":{},"tags":[]},{"ancestorTitles":["jwtInterceptor"],"fullName":"jwtInterceptor should send a jwt token","status":"passed","title":"should send a jwt token","duration":5.600000023841858,"failureMessages":[],"meta":{},"tags":[]}],"startTime":1783411264215,"endTime":1783411264227.6,"status":"passed","message":"","name":"D:/Projects/Angular/17. Send and receive data through HTTP/Exercise/ponyracer - from chapter 25/src/app/jwt-interceptor.spec.ts"},{"assertionResults":[{"ancestorTitles":["Bet"],"fullName":"Bet should display a race, its date and its ponies","status":"passed","title":"should display a race, its date and its ponies","duration":181.79999995231628,"failureMessages":[],"meta":{},"tags":[]},{"ancestorTitles":["Bet"],"fullName":"Bet should trigger a bet when a pony is clicked","status":"passed","title":"should trigger a bet when a pony is clicked","duration":350.2000000476837,"failureMessages":[],"meta":{},"tags":[]},{"ancestorTitles":["Bet"],"fullName":"Bet should display an error message if bet failed","status":"passed","title":"should display an error message if bet failed","duration":620.8999999761581,"failureMessages":[],"meta":{},"tags":[]},{"ancestorTitles":["Bet"],"fullName":"Bet should display a loading message while loading the race","status":"passed","title":"should display a loading message while loading the race","duration":48.799999952316284,"failureMessages":[],"meta":{},"tags":[]},{"ancestorTitles":["Bet"],"fullName":"Bet should display an error message if loading the race failed","status":"passed","title":"should display an error message if loading the race failed","duration":71.5,"failureMessages":[],"meta":{},"tags":[]},{"ancestorTitles":["Bet"],"fullName":"Bet should cancel a bet","status":"passed","title":"should cancel a bet","duration":284.2999999523163,"failureMessages":[],"meta":{},"tags":[]},{"ancestorTitles":["Bet"],"fullName":"Bet should display a message if canceling a bet fails","status":"passed","title":"should display a message if canceling a bet fails","duration":169.60000002384186,"failureMessages":[],"meta":{},"tags":[]},{"ancestorTitles":["Bet"],"fullName":"Bet should display a link to go to live","status":"passed","title":"should display a link to go to live","duration":44.799999952316284,"failureMessages":[],"meta":{},"tags":[]}],"startTime":1783411261607,"endTime":1783411263379.8,"status":"passed","message":"","name":"D:/Projects/Angular/17. Send and receive data through HTTP/Exercise/ponyracer - from chapter 25/src/app/bet/bet.spec.ts"},{"assertionResults":[{"ancestorTitles":["BirthYearInput"],"fullName":"BirthYearInput should display the initial value and update it","status":"passed","title":"should display the initial value and update it","duration":975.8000000715256,"failureMessages":[],"meta":{},"tags":[]},{"ancestorTitles":["BirthYearInput"],"fullName":"BirthYearInput should transform negative value","status":"passed","title":"should transform negative value","duration":166.5,"failureMessages":[],"meta":{},"tags":[]},{"ancestorTitles":["BirthYearInput"],"fullName":"BirthYearInput should transform value less than 1900","status":"passed","title":"should transform value less than 1900","duration":207.10000002384186,"failureMessages":[],"meta":{},"tags":[]},{"ancestorTitles":["BirthYearInput"],"fullName":"BirthYearInput should transform value greater than current year","status":"passed","title":"should transform value greater than current year","duration":162.69999992847443,"failureMessages":[],"meta":{},"tags":[]},{"ancestorTitles":["BirthYearInput"],"fullName":"BirthYearInput should transform value after 1900 and before current year","status":"passed","title":"should transform value after 1900 and before current year","duration":178.60000002384186,"failureMessages":[],"meta":{},"tags":[]},{"ancestorTitles":["BirthYearInput"],"fullName":"BirthYearInput should transform value greater than 100 and lower than 1900","status":"passed","title":"should transform value greater than 100 and lower than 1900","duration":223.29999995231628,"failureMessages":[],"meta":{},"tags":[]},{"ancestorTitles":["BirthYearInput"],"fullName":"BirthYearInput should transform value less than 100 and after current year","status":"passed","title":"should transform value less than 100 and after current year","duration":282.2000000476837,"failureMessages":[],"meta":{},"tags":[]},{"ancestorTitles":["BirthYearInput"],"fullName":"BirthYearInput should transform value less than 100 and before current year","status":"passed","title":"should transform value less than 100 and before current year","duration":293.5,"failureMessages":[],"meta":{},"tags":[]},{"ancestorTitles":["BirthYearInput"],"fullName":"BirthYearInput should propagate null when the value is cleared","status":"passed","title":"should propagate null when the value is cleared","duration":371.6999999284744,"failureMessages":[],"meta":{},"tags":[]},{"ancestorTitles":["BirthYearInput"],"fullName":"BirthYearInput should have the is-invalid class if invalid","status":"passed","title":"should have the is-invalid class if invalid","duration":466.60000002384186,"failureMessages":[],"meta":{},"tags":[]},{"ancestorTitles":["BirthYearInput"],"fullName":"BirthYearInput should be disabled if the form control is disabled","status":"passed","title":"should be disabled if the form control is disabled","duration":44.10000002384186,"failureMessages":[],"meta":{},"tags":[]},{"ancestorTitles":["BirthYearInput"],"fullName":"BirthYearInput should mark the field as touched on blur","status":"passed","title":"should mark the field as touched on blur","duration":450.6999999284744,"failureMessages":[],"meta":{},"tags":[]}],"startTime":1783411257412,"endTime":1783411261236.7,"status":"passed","message":"","name":"D:/Projects/Angular/17. Send and receive data through HTTP/Exercise/ponyracer - from chapter 25/src/app/birth-year-input/birth-year-input.spec.ts"},{"assertionResults":[{"ancestorTitles":["Home"],"fullName":"Home should display the title and quote","status":"passed","title":"should display the title and quote","duration":14.299999952316284,"failureMessages":[],"meta":{},"tags":[]},{"ancestorTitles":["Home"],"fullName":"Home should display a link to go to the login page and another to the register page","status":"passed","title":"should display a link to go to the login page and another to the register page","duration":31.700000047683716,"failureMessages":[],"meta":{},"tags":[]},{"ancestorTitles":["Home"],"fullName":"Home should display only a link to go the races page if logged in","status":"passed","title":"should display only a link to go the races page if logged in","duration":22.100000023841858,"failureMessages":[],"meta":{},"tags":[]}],"startTime":1783411263991,"endTime":1783411264059.1,"status":"passed","message":"","name":"D:/Projects/Angular/17. Send and receive data through HTTP/Exercise/ponyracer - from chapter 25/src/app/home/home.spec.ts"},{"assertionResults":[{"ancestorTitles":["Live"],"fullName":"Live should display the title","status":"passed","title":"should display the title","duration":98.39999997615814,"failureMessages":[],"meta":{},"tags":[]},{"ancestorTitles":["Live"],"fullName":"Live should subscribe to the live observable","status":"passed","title":"should subscribe to the live observable","duration":31.09999990463257,"failureMessages":[],"meta":{},"tags":[]},{"ancestorTitles":["Live"],"fullName":"Live should unsubscribe on destruction","status":"passed","title":"should unsubscribe on destruction","duration":25.90000009536743,"failureMessages":[],"meta":{},"tags":[]},{"ancestorTitles":["Live"],"fullName":"Live should display running ponies","status":"passed","title":"should display running ponies","duration":51.90000009536743,"failureMessages":[],"meta":{},"tags":[]}],"startTime":1783411263318,"endTime":1783411263525.9,"status":"passed","message":"","name":"D:/Projects/Angular/17. Send and receive data through HTTP/Exercise/ponyracer - from chapter 25/src/app/live/live.spec.ts"},{"assertionResults":[{"ancestorTitles":["Login"],"fullName":"Login should have a title","status":"passed","title":"should have a title","duration":307,"failureMessages":[],"meta":{},"tags":[]},{"ancestorTitles":["Login"],"fullName":"Login should display error messages if fields are touched and invalid","status":"passed","title":"should display error messages if fields are touched and invalid","duration":896.1999999284744,"failureMessages":[],"meta":{},"tags":[]},{"ancestorTitles":["Login"],"fullName":"Login should displays errors on submit if the form is invalid","status":"passed","title":"should displays errors on submit if the form is invalid","duration":497.10000002384186,"failureMessages":[],"meta":{},"tags":[]},{"ancestorTitles":["Login"],"fullName":"Login should call the user service and redirect if success","status":"passed","title":"should call the user service and redirect if success","duration":963.8999999761581,"failureMessages":[],"meta":{},"tags":[]},{"ancestorTitles":["Login"],"fullName":"Login should call the user service and display a message if failed","status":"passed","title":"should call the user service and display a message if failed","duration":919,"failureMessages":[],"meta":{},"tags":[]}],"startTime":1783411257534,"endTime":1783411261118,"status":"passed","message":"","name":"D:/Projects/Angular/17. Send and receive data through HTTP/Exercise/ponyracer - from chapter 25/src/app/login/login.spec.ts"},{"assertionResults":[{"ancestorTitles":["Menu"],"fullName":"Menu should toggle the class on click","status":"passed","title":"should toggle the class on click","duration":595.2999999523163,"failureMessages":[],"meta":{},"tags":[]},{"ancestorTitles":["Menu"],"fullName":"Menu should use routerLink to navigate","status":"passed","title":"should use routerLink to navigate","duration":72.79999995231628,"failureMessages":[],"meta":{},"tags":[]},{"ancestorTitles":["Menu"],"fullName":"Menu should display the user if logged in","status":"passed","title":"should display the user if logged in","duration":39.700000047683716,"failureMessages":[],"meta":{},"tags":[]},{"ancestorTitles":["Menu"],"fullName":"Menu should display a logout button","status":"passed","title":"should display a logout button","duration":595.3999999761581,"failureMessages":[],"meta":{},"tags":[]}],"startTime":1783411261868,"endTime":1783411263171.4,"status":"passed","message":"","name":"D:/Projects/Angular/17. Send and receive data through HTTP/Exercise/ponyracer - from chapter 25/src/app/menu/menu.spec.ts"},{"assertionResults":[{"ancestorTitles":["Pony"],"fullName":"Pony should display an image and a legend","status":"passed","title":"should display an image and a legend","duration":22.699999928474426,"failureMessages":[],"meta":{},"tags":[]},{"ancestorTitles":["Pony"],"fullName":"Pony should emit an event on click","status":"passed","title":"should emit an event on click","duration":344.2000000476837,"failureMessages":[],"meta":{},"tags":[]},{"ancestorTitles":["Pony"],"fullName":"Pony should display a running pony","status":"passed","title":"should display a running pony","duration":19.100000023841858,"failureMessages":[],"meta":{},"tags":[]}],"startTime":1783411263495,"endTime":1783411263881.1,"status":"passed","message":"","name":"D:/Projects/Angular/17. Send and receive data through HTTP/Exercise/ponyracer - from chapter 25/src/app/pony/pony.spec.ts"},{"assertionResults":[{"ancestorTitles":["Race"],"fullName":"Race should display a race name and its ponies","status":"passed","title":"should display a race name and its ponies","duration":38.200000047683716,"failureMessages":[],"meta":{},"tags":[]}],"startTime":1783411264212,"endTime":1783411264250.2,"status":"passed","message":"","name":"D:/Projects/Angular/17. Send and receive data through HTTP/Exercise/ponyracer - from chapter 25/src/app/race/race.spec.ts"},{"assertionResults":[{"ancestorTitles":["Races"],"fullName":"Races should display every race","status":"passed","title":"should display every race","duration":68.20000004768372,"failureMessages":[],"meta":{},"tags":[]},{"ancestorTitles":["Races"],"fullName":"Races should display a loading message while races are loading","status":"passed","title":"should display a loading message while races are loading","duration":30.399999976158142,"failureMessages":[],"meta":{},"tags":[]},{"ancestorTitles":["Races"],"fullName":"Races should display an error message if loading races failed","status":"passed","title":"should display an error message if loading races failed","duration":18.299999952316284,"failureMessages":[],"meta":{},"tags":[]},{"ancestorTitles":["Races"],"fullName":"Races should display a link to bet on a race","status":"passed","title":"should display a link to bet on a race","duration":37.700000047683716,"failureMessages":[],"meta":{},"tags":[]}],"startTime":1783411263821,"endTime":1783411263975.7,"status":"passed","message":"","name":"D:/Projects/Angular/17. Send and receive data through HTTP/Exercise/ponyracer - from chapter 25/src/app/races/races.spec.ts"},{"assertionResults":[{"ancestorTitles":["Register"],"fullName":"Register should validate the login input","status":"passed","title":"should validate the login input","duration":1236.6000000238419,"failureMessages":[],"meta":{},"tags":[]},{"ancestorTitles":["Register"],"fullName":"Register should validate the password input","status":"passed","title":"should validate the password input","duration":240.79999995231628,"failureMessages":[],"meta":{},"tags":[]},{"ancestorTitles":["Register"],"fullName":"Register should validate the password confirmation input","status":"passed","title":"should validate the password confirmation input","duration":385.2000000476837,"failureMessages":[],"meta":{},"tags":[]},{"ancestorTitles":["Register"],"fullName":"Register should validate that passwords match","status":"passed","title":"should validate that passwords match","duration":741,"failureMessages":[],"meta":{},"tags":[]},{"ancestorTitles":["Register"],"fullName":"Register should validate the birth year","status":"passed","title":"should validate the birth year","duration":1014.6000000238419,"failureMessages":[],"meta":{},"tags":[]},{"ancestorTitles":["Register"],"fullName":"Register should displays errors on submit if the form is invalid","status":"passed","title":"should displays errors on submit if the form is invalid","duration":672.6000000238419,"failureMessages":[],"meta":{},"tags":[]},{"ancestorTitles":["Register"],"fullName":"Register should call the user service to register","status":"passed","title":"should call the user service to register","duration":805.5,"failureMessages":[],"meta":{},"tags":[]},{"ancestorTitles":["Register"],"fullName":"Register should display an error message if registration fails","status":"passed","title":"should display an error message if registration fails","duration":594.9000000953674,"failureMessages":[],"meta":{},"tags":[]}],"startTime":1783411257612,"endTime":1783411263303.9,"status":"passed","message":"","name":"D:/Projects/Angular/17. Send and receive data through HTTP/Exercise/ponyracer - from chapter 25/src/app/register/register.spec.ts"},{"assertionResults":[{"ancestorTitles":["RaceService"],"fullName":"RaceService should list races","status":"passed","title":"should list races","duration":25.199999928474426,"failureMessages":[],"meta":{},"tags":[]},{"ancestorTitles":["RaceService"],"fullName":"RaceService should get a race","status":"passed","title":"should get a race","duration":9.300000071525574,"failureMessages":[],"meta":{},"tags":[]},{"ancestorTitles":["RaceService"],"fullName":"RaceService should bet on a race","status":"passed","title":"should bet on a race","duration":5.299999952316284,"failureMessages":[],"meta":{},"tags":[]},{"ancestorTitles":["RaceService"],"fullName":"RaceService should cancel a bet on a race","status":"passed","title":"should cancel a bet on a race","duration":4.5,"failureMessages":[],"meta":{},"tags":[]},{"ancestorTitles":["RaceService"],"fullName":"RaceService should return a live race from websockets","status":"passed","title":"should return a live race from websockets","duration":4.699999928474426,"failureMessages":[],"meta":{},"tags":[]}],"startTime":1783411263796,"endTime":1783411263844.7,"status":"passed","message":"","name":"D:/Projects/Angular/17. Send and receive data through HTTP/Exercise/ponyracer - from chapter 25/src/app/services/race-service.spec.ts"},{"assertionResults":[{"ancestorTitles":["UserService"],"fullName":"UserService should authenticate and store a user","status":"passed","title":"should authenticate and store a user","duration":25,"failureMessages":[],"meta":{},"tags":[]},{"ancestorTitles":["UserService"],"fullName":"UserService should register a user","status":"passed","title":"should register a user","duration":6.600000023841858,"failureMessages":[],"meta":{},"tags":[]},{"ancestorTitles":["UserService"],"fullName":"UserService should retrieve a user if one is stored","status":"passed","title":"should retrieve a user if one is stored","duration":8.700000047683716,"failureMessages":[],"meta":{},"tags":[]},{"ancestorTitles":["UserService"],"fullName":"UserService should retrieve no user if none stored","status":"passed","title":"should retrieve no user if none stored","duration":6.599999904632568,"failureMessages":[],"meta":{},"tags":[]},{"ancestorTitles":["UserService"],"fullName":"UserService should logout the user","status":"passed","title":"should logout the user","duration":4.800000071525574,"failureMessages":[],"meta":{},"tags":[]}],"startTime":1783411264021,"endTime":1783411264072.8,"status":"passed","message":"","name":"D:/Projects/Angular/17. Send and receive data through HTTP/Exercise/ponyracer - from chapter 25/src/app/services/user-service.spec.ts"},{"assertionResults":[{"ancestorTitles":["WsService"],"fullName":"WsService should connect to a websocket channel","status":"passed","title":"should connect to a websocket channel","duration":8.300000071525574,"failureMessages":[],"meta":{},"tags":[]},{"ancestorTitles":["WsService"],"fullName":"WsService should throw an error if the connection fails","status":"passed","title":"should throw an error if the connection fails","duration":6.899999976158142,"failureMessages":[],"meta":{},"tags":[]},{"ancestorTitles":["WsService"],"fullName":"WsService should unsubscribe from the websocket connection on unsubscription","status":"passed","title":"should unsubscribe from the websocket connection on unsubscription","duration":3.799999952316284,"failureMessages":[],"meta":{},"tags":[]}],"startTime":1783411263485,"endTime":1783411263503.8,"status":"passed","message":"","name":"D:/Projects/Angular/17. Send and receive data through HTTP/Exercise/ponyracer - from chapter 25/src/app/services/ws-service.spec.ts"},{"assertionResults":[{"ancestorTitles":["PrettyDatePipe"],"fullName":"PrettyDatePipe should transform the input","status":"passed","title":"should transform the input","duration":1.100000023841858,"failureMessages":[],"meta":{},"tags":[]}],"startTime":1783411264281,"endTime":1783411264282.1,"status":"passed","message":"","name":"D:/Projects/Angular/17. Send and receive data through HTTP/Exercise/ponyracer - from chapter 25/src/app/shared/pipes/pretty-date-pipe.spec.ts"}]}