{"numTotalTestSuites":35,"numPassedTestSuites":35,"numFailedTestSuites":0,"numPendingTestSuites":0,"numTotalTests":84,"numPassedTests":84,"numFailedTests":0,"numPendingTests":0,"numTodoTests":0,"snapshot":{"added":0,"failure":false,"filesAdded":0,"filesRemoved":0,"filesRemovedList":[],"filesUnmatched":0,"filesUpdated":0,"matched":0,"total":0,"unchecked":0,"uncheckedKeysByFile":[],"unmatched":0,"updated":0,"didUpdate":false},"startTime":1783690362181,"success":true,"testResults":[{"assertionResults":[{"ancestorTitles":["App"],"fullName":"App should have a router outlet","status":"passed","title":"should have a router outlet","duration":10.599999994039536,"failureMessages":[],"meta":{},"tags":[]},{"ancestorTitles":["App"],"fullName":"App should display the menu component","status":"passed","title":"should display the menu component","duration":11.900000005960464,"failureMessages":[],"meta":{},"tags":[]}],"startTime":1783690409563,"endTime":1783690409585.9,"status":"passed","message":"","name":"D:/Projects/Angular/19. Router/Exercise/ponyracer - Routes guard implemented/src/app/app.spec.ts"},{"assertionResults":[{"ancestorTitles":["jwtInterceptor"],"fullName":"jwtInterceptor should do nothing if no jwt token","status":"passed","title":"should do nothing if no jwt token","duration":3.0999999940395355,"failureMessages":[],"meta":{},"tags":[]},{"ancestorTitles":["jwtInterceptor"],"fullName":"jwtInterceptor should send a jwt token","status":"passed","title":"should send a jwt token","duration":4.5,"failureMessages":[],"meta":{},"tags":[]}],"startTime":1783690409706,"endTime":1783690409713.5,"status":"passed","message":"","name":"D:/Projects/Angular/19. Router/Exercise/ponyracer - Routes guard implemented/src/app/jwt-interceptor.spec.ts"},{"assertionResults":[{"ancestorTitles":["loggedInGuard"],"fullName":"loggedInGuard should allow activation if user is logged in","status":"passed","title":"should allow activation if user is logged in","duration":3.5,"failureMessages":[],"meta":{},"tags":[]},{"ancestorTitles":["loggedInGuard"],"fullName":"loggedInGuard should forbid activation if user is not logged in, and navigate to home","status":"passed","title":"should forbid activation if user is not logged in, and navigate to home","duration":3.2000000178813934,"failureMessages":[],"meta":{},"tags":[]}],"startTime":1783690409731,"endTime":1783690409738.2,"status":"passed","message":"","name":"D:/Projects/Angular/19. Router/Exercise/ponyracer - Routes guard implemented/src/app/logged-in-guard.spec.ts"},{"assertionResults":[{"ancestorTitles":["Bet"],"fullName":"Bet should display a race, its date and its ponies","status":"passed","title":"should display a race, its date and its ponies","duration":159.7000000178814,"failureMessages":[],"meta":{},"tags":[]},{"ancestorTitles":["Bet"],"fullName":"Bet should trigger a bet when a pony is clicked","status":"passed","title":"should trigger a bet when a pony is clicked","duration":287.5,"failureMessages":[],"meta":{},"tags":[]},{"ancestorTitles":["Bet"],"fullName":"Bet should display an error message if bet failed","status":"passed","title":"should display an error message if bet failed","duration":1181.3999999761581,"failureMessages":[],"meta":{},"tags":[]},{"ancestorTitles":["Bet"],"fullName":"Bet should display a loading message while loading the race","status":"passed","title":"should display a loading message while loading the race","duration":38,"failureMessages":[],"meta":{},"tags":[]},{"ancestorTitles":["Bet"],"fullName":"Bet should display an error message if loading the race failed","status":"passed","title":"should display an error message if loading the race failed","duration":72.59999999403954,"failureMessages":[],"meta":{},"tags":[]},{"ancestorTitles":["Bet"],"fullName":"Bet should cancel a bet","status":"passed","title":"should cancel a bet","duration":393.30000001192093,"failureMessages":[],"meta":{},"tags":[]},{"ancestorTitles":["Bet"],"fullName":"Bet should display a message if canceling a bet fails","status":"passed","title":"should display a message if canceling a bet fails","duration":233.2999999821186,"failureMessages":[],"meta":{},"tags":[]},{"ancestorTitles":["Bet"],"fullName":"Bet should display a link to go to live","status":"passed","title":"should display a link to go to live","duration":70.5,"failureMessages":[],"meta":{},"tags":[]}],"startTime":1783690405918,"endTime":1783690408354.5,"status":"passed","message":"","name":"D:/Projects/Angular/19. Router/Exercise/ponyracer - Routes guard implemented/src/app/bet/bet.spec.ts"},{"assertionResults":[{"ancestorTitles":["BirthYearInput"],"fullName":"BirthYearInput should display the initial value and update it","status":"passed","title":"should display the initial value and update it","duration":605.8000000119209,"failureMessages":[],"meta":{},"tags":[]},{"ancestorTitles":["BirthYearInput"],"fullName":"BirthYearInput should transform negative value","status":"passed","title":"should transform negative value","duration":130.60000002384186,"failureMessages":[],"meta":{},"tags":[]},{"ancestorTitles":["BirthYearInput"],"fullName":"BirthYearInput should transform value less than 1900","status":"passed","title":"should transform value less than 1900","duration":106.5,"failureMessages":[],"meta":{},"tags":[]},{"ancestorTitles":["BirthYearInput"],"fullName":"BirthYearInput should transform value greater than current year","status":"passed","title":"should transform value greater than current year","duration":187.19999998807907,"failureMessages":[],"meta":{},"tags":[]},{"ancestorTitles":["BirthYearInput"],"fullName":"BirthYearInput should transform value after 1900 and before current year","status":"passed","title":"should transform value after 1900 and before current year","duration":318.5,"failureMessages":[],"meta":{},"tags":[]},{"ancestorTitles":["BirthYearInput"],"fullName":"BirthYearInput should transform value greater than 100 and lower than 1900","status":"passed","title":"should transform value greater than 100 and lower than 1900","duration":323.40000000596046,"failureMessages":[],"meta":{},"tags":[]},{"ancestorTitles":["BirthYearInput"],"fullName":"BirthYearInput should transform value less than 100 and after current year","status":"passed","title":"should transform value less than 100 and after current year","duration":200.80000001192093,"failureMessages":[],"meta":{},"tags":[]},{"ancestorTitles":["BirthYearInput"],"fullName":"BirthYearInput should transform value less than 100 and before current year","status":"passed","title":"should transform value less than 100 and before current year","duration":168.90000000596046,"failureMessages":[],"meta":{},"tags":[]},{"ancestorTitles":["BirthYearInput"],"fullName":"BirthYearInput should propagate null when the value is cleared","status":"passed","title":"should propagate null when the value is cleared","duration":211.30000001192093,"failureMessages":[],"meta":{},"tags":[]},{"ancestorTitles":["BirthYearInput"],"fullName":"BirthYearInput should have the is-invalid class if invalid","status":"passed","title":"should have the is-invalid class if invalid","duration":165.90000000596046,"failureMessages":[],"meta":{},"tags":[]},{"ancestorTitles":["BirthYearInput"],"fullName":"BirthYearInput should be disabled if the form control is disabled","status":"passed","title":"should be disabled if the form control is disabled","duration":38.69999998807907,"failureMessages":[],"meta":{},"tags":[]},{"ancestorTitles":["BirthYearInput"],"fullName":"BirthYearInput should mark the field as touched on blur","status":"passed","title":"should mark the field as touched on blur","duration":427,"failureMessages":[],"meta":{},"tags":[]}],"startTime":1783690400592,"endTime":1783690403477,"status":"passed","message":"","name":"D:/Projects/Angular/19. Router/Exercise/ponyracer - Routes guard implemented/src/app/birth-year-input/birth-year-input.spec.ts"},{"assertionResults":[{"ancestorTitles":["Home"],"fullName":"Home should display the title and quote","status":"passed","title":"should display the title and quote","duration":13.399999976158142,"failureMessages":[],"meta":{},"tags":[]},{"ancestorTitles":["Home"],"fullName":"Home should display a link to go to the login page and another to the register page","status":"passed","title":"should display a link to go to the login page and another to the register page","duration":54.89999997615814,"failureMessages":[],"meta":{},"tags":[]},{"ancestorTitles":["Home"],"fullName":"Home should display only a link to go the races page if logged in","status":"passed","title":"should display only a link to go the races page if logged in","duration":25.299999982118607,"failureMessages":[],"meta":{},"tags":[]}],"startTime":1783690409119,"endTime":1783690409213.3,"status":"passed","message":"","name":"D:/Projects/Angular/19. Router/Exercise/ponyracer - Routes guard implemented/src/app/home/home.spec.ts"},{"assertionResults":[{"ancestorTitles":["Live"],"fullName":"Live should change the race status once the race is RUNNING","status":"passed","title":"should change the race status once the race is RUNNING","duration":241.30000001192093,"failureMessages":[],"meta":{},"tags":[]},{"ancestorTitles":["Live"],"fullName":"Live should unsubscribe on destruction","status":"passed","title":"should unsubscribe on destruction","duration":42.900000005960464,"failureMessages":[],"meta":{},"tags":[]},{"ancestorTitles":["Live"],"fullName":"Live should display the pending race","status":"passed","title":"should display the pending race","duration":59.5,"failureMessages":[],"meta":{},"tags":[]},{"ancestorTitles":["Live"],"fullName":"Live should display the running race","status":"passed","title":"should display the running race","duration":57.400000005960464,"failureMessages":[],"meta":{},"tags":[]},{"ancestorTitles":["Live"],"fullName":"Live should display the finished race","status":"passed","title":"should display the finished race","duration":69,"failureMessages":[],"meta":{},"tags":[]},{"ancestorTitles":["Live"],"fullName":"Live should display a message when the race is lost","status":"passed","title":"should display a message when the race is lost","duration":51.900000005960464,"failureMessages":[],"meta":{},"tags":[]},{"ancestorTitles":["Live"],"fullName":"Live should display a message when the race is over","status":"passed","title":"should display a message when the race is over","duration":30.30000001192093,"failureMessages":[],"meta":{},"tags":[]},{"ancestorTitles":["Live"],"fullName":"Live should display a message when an error occurred","status":"passed","title":"should display a message when an error occurred","duration":46.69999998807907,"failureMessages":[],"meta":{},"tags":[]},{"ancestorTitles":["Live","with boost"],"fullName":"Live with boost should buffer clicks over a second and call the boost method","status":"passed","title":"should buffer clicks over a second and call the boost method","duration":3336.5,"failureMessages":[],"meta":{},"tags":[]},{"ancestorTitles":["Live","with boost"],"fullName":"Live with boost should filter click buffer that are not at least 5","status":"passed","title":"should filter click buffer that are not at least 5","duration":3011.0999999940395,"failureMessages":[],"meta":{},"tags":[]},{"ancestorTitles":["Live","with boost"],"fullName":"Live with boost should throttle repeated boosts","status":"passed","title":"should throttle repeated boosts","duration":2251.2000000178814,"failureMessages":[],"meta":{},"tags":[]},{"ancestorTitles":["Live","with boost"],"fullName":"Live with boost should catch a boost error","status":"passed","title":"should catch a boost error","duration":554.5,"failureMessages":[],"meta":{},"tags":[]}],"startTime":1783690400574,"endTime":1783690410328.5,"status":"passed","message":"","name":"D:/Projects/Angular/19. Router/Exercise/ponyracer - Routes guard implemented/src/app/live/live.spec.ts"},{"assertionResults":[{"ancestorTitles":["Login"],"fullName":"Login should have a title","status":"passed","title":"should have a title","duration":178.7999999821186,"failureMessages":[],"meta":{},"tags":[]},{"ancestorTitles":["Login"],"fullName":"Login should display error messages if fields are touched and invalid","status":"passed","title":"should display error messages if fields are touched and invalid","duration":512.4000000059605,"failureMessages":[],"meta":{},"tags":[]},{"ancestorTitles":["Login"],"fullName":"Login should displays errors on submit if the form is invalid","status":"passed","title":"should displays errors on submit if the form is invalid","duration":321.7000000178814,"failureMessages":[],"meta":{},"tags":[]},{"ancestorTitles":["Login"],"fullName":"Login should call the user service and redirect if success","status":"passed","title":"should call the user service and redirect if success","duration":707.2000000178814,"failureMessages":[],"meta":{},"tags":[]},{"ancestorTitles":["Login"],"fullName":"Login should call the user service and display a message if failed","status":"passed","title":"should call the user service and display a message if failed","duration":577.2999999821186,"failureMessages":[],"meta":{},"tags":[]}],"startTime":1783690404095,"endTime":1783690406392.3,"status":"passed","message":"","name":"D:/Projects/Angular/19. Router/Exercise/ponyracer - Routes guard implemented/src/app/login/login.spec.ts"},{"assertionResults":[{"ancestorTitles":["Menu"],"fullName":"Menu should toggle the class on click","status":"passed","title":"should toggle the class on click","duration":807.2999999821186,"failureMessages":[],"meta":{},"tags":[]},{"ancestorTitles":["Menu"],"fullName":"Menu should use routerLink to navigate","status":"passed","title":"should use routerLink to navigate","duration":55.69999998807907,"failureMessages":[],"meta":{},"tags":[]},{"ancestorTitles":["Menu"],"fullName":"Menu should display the user if logged in","status":"passed","title":"should display the user if logged in","duration":44.099999994039536,"failureMessages":[],"meta":{},"tags":[]},{"ancestorTitles":["Menu"],"fullName":"Menu should display a logout button","status":"passed","title":"should display a logout button","duration":576.6000000238419,"failureMessages":[],"meta":{},"tags":[]},{"ancestorTitles":["Menu"],"fullName":"Menu should listen to score updates","status":"passed","title":"should listen to score updates","duration":302.19999998807907,"failureMessages":[],"meta":{},"tags":[]}],"startTime":1783690407145,"endTime":1783690408931.2,"status":"passed","message":"","name":"D:/Projects/Angular/19. Router/Exercise/ponyracer - Routes guard implemented/src/app/menu/menu.spec.ts"},{"assertionResults":[{"ancestorTitles":["Pony"],"fullName":"Pony should display an image and a legend","status":"passed","title":"should display an image and a legend","duration":41.30000001192093,"failureMessages":[],"meta":{},"tags":[]},{"ancestorTitles":["Pony"],"fullName":"Pony should emit an event on click","status":"passed","title":"should emit an event on click","duration":201.39999997615814,"failureMessages":[],"meta":{},"tags":[]},{"ancestorTitles":["Pony"],"fullName":"Pony should display a running pony","status":"passed","title":"should display a running pony","duration":29.700000017881393,"failureMessages":[],"meta":{},"tags":[]},{"ancestorTitles":["Pony"],"fullName":"Pony should display a boosted pony","status":"passed","title":"should display a boosted pony","duration":30.30000001192093,"failureMessages":[],"meta":{},"tags":[]}],"startTime":1783690408526,"endTime":1783690408829.3,"status":"passed","message":"","name":"D:/Projects/Angular/19. Router/Exercise/ponyracer - Routes guard implemented/src/app/pony/pony.spec.ts"},{"assertionResults":[{"ancestorTitles":["Race"],"fullName":"Race should display a race name and its ponies","status":"passed","title":"should display a race name and its ponies","duration":38.80000001192093,"failureMessages":[],"meta":{},"tags":[]}],"startTime":1783690409570,"endTime":1783690409608.8,"status":"passed","message":"","name":"D:/Projects/Angular/19. Router/Exercise/ponyracer - Routes guard implemented/src/app/race/race.spec.ts"},{"assertionResults":[{"ancestorTitles":["Races"],"fullName":"Races should display every race","status":"passed","title":"should display every race","duration":53.900000005960464,"failureMessages":[],"meta":{},"tags":[]},{"ancestorTitles":["Races"],"fullName":"Races should display a loading message while races are loading","status":"passed","title":"should display a loading message while races are loading","duration":22,"failureMessages":[],"meta":{},"tags":[]},{"ancestorTitles":["Races"],"fullName":"Races should display an error message if loading races failed","status":"passed","title":"should display an error message if loading races failed","duration":26.69999998807907,"failureMessages":[],"meta":{},"tags":[]},{"ancestorTitles":["Races"],"fullName":"Races should display a link to bet on a race","status":"passed","title":"should display a link to bet on a race","duration":40.400000005960464,"failureMessages":[],"meta":{},"tags":[]}],"startTime":1783690409077,"endTime":1783690409220.4,"status":"passed","message":"","name":"D:/Projects/Angular/19. Router/Exercise/ponyracer - Routes guard implemented/src/app/races/races.spec.ts"},{"assertionResults":[{"ancestorTitles":["Register"],"fullName":"Register should validate the login input","status":"passed","title":"should validate the login input","duration":881.7000000178814,"failureMessages":[],"meta":{},"tags":[]},{"ancestorTitles":["Register"],"fullName":"Register should validate the password input","status":"passed","title":"should validate the password input","duration":398.40000000596046,"failureMessages":[],"meta":{},"tags":[]},{"ancestorTitles":["Register"],"fullName":"Register should validate the password confirmation input","status":"passed","title":"should validate the password confirmation input","duration":417.80000001192093,"failureMessages":[],"meta":{},"tags":[]},{"ancestorTitles":["Register"],"fullName":"Register should validate that passwords match","status":"passed","title":"should validate that passwords match","duration":503.7999999821186,"failureMessages":[],"meta":{},"tags":[]},{"ancestorTitles":["Register"],"fullName":"Register should validate the birth year","status":"passed","title":"should validate the birth year","duration":652.7000000178814,"failureMessages":[],"meta":{},"tags":[]},{"ancestorTitles":["Register"],"fullName":"Register should displays errors on submit if the form is invalid","status":"passed","title":"should displays errors on submit if the form is invalid","duration":505.19999998807907,"failureMessages":[],"meta":{},"tags":[]},{"ancestorTitles":["Register"],"fullName":"Register should call the user service to register","status":"passed","title":"should call the user service to register","duration":765.7000000178814,"failureMessages":[],"meta":{},"tags":[]},{"ancestorTitles":["Register"],"fullName":"Register should display an error message if registration fails","status":"passed","title":"should display an error message if registration fails","duration":784.9000000059605,"failureMessages":[],"meta":{},"tags":[]}],"startTime":1783690400604,"endTime":1783690405514.9,"status":"passed","message":"","name":"D:/Projects/Angular/19. Router/Exercise/ponyracer - Routes guard implemented/src/app/register/register.spec.ts"},{"assertionResults":[{"ancestorTitles":["RaceService"],"fullName":"RaceService should list races","status":"passed","title":"should list races","duration":13.5,"failureMessages":[],"meta":{},"tags":[]},{"ancestorTitles":["RaceService"],"fullName":"RaceService should get a race","status":"passed","title":"should get a race","duration":4.5999999940395355,"failureMessages":[],"meta":{},"tags":[]},{"ancestorTitles":["RaceService"],"fullName":"RaceService should bet on a race","status":"passed","title":"should bet on a race","duration":3,"failureMessages":[],"meta":{},"tags":[]},{"ancestorTitles":["RaceService"],"fullName":"RaceService should cancel a bet on a race","status":"passed","title":"should cancel a bet on a race","duration":3.100000023841858,"failureMessages":[],"meta":{},"tags":[]},{"ancestorTitles":["RaceService"],"fullName":"RaceService should return a live race from websockets","status":"passed","title":"should return a live race from websockets","duration":5.199999988079071,"failureMessages":[],"meta":{},"tags":[]},{"ancestorTitles":["RaceService"],"fullName":"RaceService should boost a pony in a race","status":"passed","title":"should boost a pony in a race","duration":3.4000000059604645,"failureMessages":[],"meta":{},"tags":[]}],"startTime":1783690409435,"endTime":1783690409468.4,"status":"passed","message":"","name":"D:/Projects/Angular/19. Router/Exercise/ponyracer - Routes guard implemented/src/app/services/race-service.spec.ts"},{"assertionResults":[{"ancestorTitles":["UserService"],"fullName":"UserService should authenticate and store a user","status":"passed","title":"should authenticate and store a user","duration":11.899999976158142,"failureMessages":[],"meta":{},"tags":[]},{"ancestorTitles":["UserService"],"fullName":"UserService should register a user","status":"passed","title":"should register a user","duration":3.800000011920929,"failureMessages":[],"meta":{},"tags":[]},{"ancestorTitles":["UserService"],"fullName":"UserService should retrieve a user if one is stored","status":"passed","title":"should retrieve a user if one is stored","duration":3.300000011920929,"failureMessages":[],"meta":{},"tags":[]},{"ancestorTitles":["UserService"],"fullName":"UserService should retrieve no user if none stored","status":"passed","title":"should retrieve no user if none stored","duration":3,"failureMessages":[],"meta":{},"tags":[]},{"ancestorTitles":["UserService"],"fullName":"UserService should logout the user","status":"passed","title":"should logout the user","duration":6.299999982118607,"failureMessages":[],"meta":{},"tags":[]},{"ancestorTitles":["UserService"],"fullName":"UserService should subscribe to the score of the user","status":"passed","title":"should subscribe to the score of the user","duration":5.199999988079071,"failureMessages":[],"meta":{},"tags":[]}],"startTime":1783690409438,"endTime":1783690409472.2,"status":"passed","message":"","name":"D:/Projects/Angular/19. Router/Exercise/ponyracer - Routes guard implemented/src/app/services/user-service.spec.ts"},{"assertionResults":[{"ancestorTitles":["WsService"],"fullName":"WsService should connect to a websocket channel","status":"passed","title":"should connect to a websocket channel","duration":3.7999999821186066,"failureMessages":[],"meta":{},"tags":[]},{"ancestorTitles":["WsService"],"fullName":"WsService should throw an error if the connection fails","status":"passed","title":"should throw an error if the connection fails","duration":5.9000000059604645,"failureMessages":[],"meta":{},"tags":[]},{"ancestorTitles":["WsService"],"fullName":"WsService should unsubscribe from the websocket connection on unsubscription","status":"passed","title":"should unsubscribe from the websocket connection on unsubscription","duration":4.800000011920929,"failureMessages":[],"meta":{},"tags":[]}],"startTime":1783690409660,"endTime":1783690409673.8,"status":"passed","message":"","name":"D:/Projects/Angular/19. Router/Exercise/ponyracer - Routes guard implemented/src/app/services/ws-service.spec.ts"},{"assertionResults":[{"ancestorTitles":["PrettyDatePipe"],"fullName":"PrettyDatePipe should transform the input","status":"passed","title":"should transform the input","duration":1.199999988079071,"failureMessages":[],"meta":{},"tags":[]}],"startTime":1783690409768,"endTime":1783690409769.2,"status":"passed","message":"","name":"D:/Projects/Angular/19. Router/Exercise/ponyracer - Routes guard implemented/src/app/shared/pipes/pretty-date-pipe.spec.ts"}]}