{"numTotalTestSuites":39,"numPassedTestSuites":39,"numFailedTestSuites":0,"numPendingTestSuites":0,"numTotalTests":94,"numPassedTests":94,"numFailedTests":0,"numPendingTests":0,"numTodoTests":0,"snapshot":{"added":0,"failure":false,"filesAdded":0,"filesRemoved":0,"filesRemovedList":[],"filesUnmatched":0,"filesUpdated":0,"matched":0,"total":0,"unchecked":0,"uncheckedKeysByFile":[],"unmatched":0,"updated":0,"didUpdate":false},"startTime":1783863109519,"success":true,"testResults":[{"assertionResults":[{"ancestorTitles":["App"],"fullName":"App should have a router outlet","status":"passed","title":"should have a router outlet","duration":9.699999988079071,"failureMessages":[],"meta":{},"tags":[]},{"ancestorTitles":["App"],"fullName":"App should display the menu component","status":"passed","title":"should display the menu component","duration":9.699999988079071,"failureMessages":[],"meta":{},"tags":[]}],"startTime":1783863132591,"endTime":1783863132609.7,"status":"passed","message":"","name":"D:/Projects/Angular/19. Router/Exercise/ponyracer - Routes guard implemented/src/app/app.spec.ts"},{"assertionResults":[{"ancestorTitles":["jwtInterceptor"],"fullName":"jwtInterceptor should do nothing if no jwt token","status":"passed","title":"should do nothing if no jwt token","duration":6.600000023841858,"failureMessages":[],"meta":{},"tags":[]},{"ancestorTitles":["jwtInterceptor"],"fullName":"jwtInterceptor should send a jwt token","status":"passed","title":"should send a jwt token","duration":4.800000011920929,"failureMessages":[],"meta":{},"tags":[]}],"startTime":1783863132763,"endTime":1783863132773.8,"status":"passed","message":"","name":"D:/Projects/Angular/19. Router/Exercise/ponyracer - Routes guard implemented/src/app/jwt-interceptor.spec.ts"},{"assertionResults":[{"ancestorTitles":["loggedInGuard"],"fullName":"loggedInGuard should allow activation if user is logged in","status":"passed","title":"should allow activation if user is logged in","duration":4.800000011920929,"failureMessages":[],"meta":{},"tags":[]},{"ancestorTitles":["loggedInGuard"],"fullName":"loggedInGuard should forbid activation if user is not logged in, and navigate to home","status":"passed","title":"should forbid activation if user is not logged in, and navigate to home","duration":5.199999988079071,"failureMessages":[],"meta":{},"tags":[]}],"startTime":1783863132788,"endTime":1783863132798.2,"status":"passed","message":"","name":"D:/Projects/Angular/19. Router/Exercise/ponyracer - Routes guard implemented/src/app/logged-in-guard.spec.ts"},{"assertionResults":[{"ancestorTitles":["Bet"],"fullName":"Bet should display a race, its date and its ponies","status":"passed","title":"should display a race, its date and its ponies","duration":143.29999995231628,"failureMessages":[],"meta":{},"tags":[]},{"ancestorTitles":["Bet"],"fullName":"Bet should trigger a bet when a pony is clicked","status":"passed","title":"should trigger a bet when a pony is clicked","duration":116,"failureMessages":[],"meta":{},"tags":[]},{"ancestorTitles":["Bet"],"fullName":"Bet should display an error message if bet failed","status":"passed","title":"should display an error message if bet failed","duration":254,"failureMessages":[],"meta":{},"tags":[]},{"ancestorTitles":["Bet"],"fullName":"Bet should display a loading message while loading the race","status":"passed","title":"should display a loading message while loading the race","duration":12.399999976158142,"failureMessages":[],"meta":{},"tags":[]},{"ancestorTitles":["Bet"],"fullName":"Bet should display an error message if loading the race failed","status":"passed","title":"should display an error message if loading the race failed","duration":19.69999998807907,"failureMessages":[],"meta":{},"tags":[]},{"ancestorTitles":["Bet"],"fullName":"Bet should cancel a bet","status":"passed","title":"should cancel a bet","duration":117.5,"failureMessages":[],"meta":{},"tags":[]},{"ancestorTitles":["Bet"],"fullName":"Bet should display a message if canceling a bet fails","status":"passed","title":"should display a message if canceling a bet fails","duration":151.0999999642372,"failureMessages":[],"meta":{},"tags":[]},{"ancestorTitles":["Bet"],"fullName":"Bet should display a link to go to live","status":"passed","title":"should display a link to go to live","duration":31.80000001192093,"failureMessages":[],"meta":{},"tags":[]}],"startTime":1783863130224,"endTime":1783863131070.8,"status":"passed","message":"","name":"D:/Projects/Angular/19. Router/Exercise/ponyracer - Routes guard implemented/src/app/bet/bet.spec.ts"},{"assertionResults":[{"ancestorTitles":["BirthYearInput"],"fullName":"BirthYearInput should display the initial value and update it","status":"passed","title":"should display the initial value and update it","duration":420.4000000357628,"failureMessages":[],"meta":{},"tags":[]},{"ancestorTitles":["BirthYearInput"],"fullName":"BirthYearInput should transform negative value","status":"passed","title":"should transform negative value","duration":77.69999998807907,"failureMessages":[],"meta":{},"tags":[]},{"ancestorTitles":["BirthYearInput"],"fullName":"BirthYearInput should transform value less than 1900","status":"passed","title":"should transform value less than 1900","duration":76.59999996423721,"failureMessages":[],"meta":{},"tags":[]},{"ancestorTitles":["BirthYearInput"],"fullName":"BirthYearInput should transform value greater than current year","status":"passed","title":"should transform value greater than current year","duration":126,"failureMessages":[],"meta":{},"tags":[]},{"ancestorTitles":["BirthYearInput"],"fullName":"BirthYearInput should transform value after 1900 and before current year","status":"passed","title":"should transform value after 1900 and before current year","duration":98.59999996423721,"failureMessages":[],"meta":{},"tags":[]},{"ancestorTitles":["BirthYearInput"],"fullName":"BirthYearInput should transform value greater than 100 and lower than 1900","status":"passed","title":"should transform value greater than 100 and lower than 1900","duration":81.60000002384186,"failureMessages":[],"meta":{},"tags":[]},{"ancestorTitles":["BirthYearInput"],"fullName":"BirthYearInput should transform value less than 100 and after current year","status":"passed","title":"should transform value less than 100 and after current year","duration":67,"failureMessages":[],"meta":{},"tags":[]},{"ancestorTitles":["BirthYearInput"],"fullName":"BirthYearInput should transform value less than 100 and before current year","status":"passed","title":"should transform value less than 100 and before current year","duration":51.30000001192093,"failureMessages":[],"meta":{},"tags":[]},{"ancestorTitles":["BirthYearInput"],"fullName":"BirthYearInput should propagate null when the value is cleared","status":"passed","title":"should propagate null when the value is cleared","duration":103.90000003576279,"failureMessages":[],"meta":{},"tags":[]},{"ancestorTitles":["BirthYearInput"],"fullName":"BirthYearInput should have the is-invalid class if invalid","status":"passed","title":"should have the is-invalid class if invalid","duration":64.80000001192093,"failureMessages":[],"meta":{},"tags":[]},{"ancestorTitles":["BirthYearInput"],"fullName":"BirthYearInput should be disabled if the form control is disabled","status":"passed","title":"should be disabled if the form control is disabled","duration":24.80000001192093,"failureMessages":[],"meta":{},"tags":[]},{"ancestorTitles":["BirthYearInput"],"fullName":"BirthYearInput should mark the field as touched on blur","status":"passed","title":"should mark the field as touched on blur","duration":255.60000002384186,"failureMessages":[],"meta":{},"tags":[]}],"startTime":1783863128453,"endTime":1783863129901.6,"status":"passed","message":"","name":"D:/Projects/Angular/19. Router/Exercise/ponyracer - Routes guard implemented/src/app/birth-year-input/birth-year-input.spec.ts"},{"assertionResults":[{"ancestorTitles":["Home"],"fullName":"Home should display the title and quote","status":"passed","title":"should display the title and quote","duration":8.5,"failureMessages":[],"meta":{},"tags":[]},{"ancestorTitles":["Home"],"fullName":"Home should display a link to go to the login page and another to the register page","status":"passed","title":"should display a link to go to the login page and another to the register page","duration":25.30000001192093,"failureMessages":[],"meta":{},"tags":[]},{"ancestorTitles":["Home"],"fullName":"Home should display only a link to go the races page if logged in","status":"passed","title":"should display only a link to go the races page if logged in","duration":16.5,"failureMessages":[],"meta":{},"tags":[]}],"startTime":1783863132215,"endTime":1783863132265.5,"status":"passed","message":"","name":"D:/Projects/Angular/19. Router/Exercise/ponyracer - Routes guard implemented/src/app/home/home.spec.ts"},{"assertionResults":[{"ancestorTitles":["Live"],"fullName":"Live should change the race status once the race is RUNNING","status":"passed","title":"should change the race status once the race is RUNNING","duration":225.5,"failureMessages":[],"meta":{},"tags":[]},{"ancestorTitles":["Live"],"fullName":"Live should unsubscribe on destruction","status":"passed","title":"should unsubscribe on destruction","duration":33,"failureMessages":[],"meta":{},"tags":[]},{"ancestorTitles":["Live"],"fullName":"Live should display the pending race","status":"passed","title":"should display the pending race","duration":53.90000003576279,"failureMessages":[],"meta":{},"tags":[]},{"ancestorTitles":["Live"],"fullName":"Live should display the running race","status":"passed","title":"should display the running race","duration":49.80000001192093,"failureMessages":[],"meta":{},"tags":[]},{"ancestorTitles":["Live"],"fullName":"Live should display the finished race","status":"passed","title":"should display the finished race","duration":45.30000001192093,"failureMessages":[],"meta":{},"tags":[]},{"ancestorTitles":["Live"],"fullName":"Live should display a message when the race is lost","status":"passed","title":"should display a message when the race is lost","duration":43.10000002384186,"failureMessages":[],"meta":{},"tags":[]},{"ancestorTitles":["Live"],"fullName":"Live should display a message when the race is over","status":"passed","title":"should display a message when the race is over","duration":25.399999976158142,"failureMessages":[],"meta":{},"tags":[]},{"ancestorTitles":["Live"],"fullName":"Live should display a message when an error occurred","status":"passed","title":"should display a message when an error occurred","duration":31.299999952316284,"failureMessages":[],"meta":{},"tags":[]},{"ancestorTitles":["Live","with boost"],"fullName":"Live with boost should buffer clicks over a second and call the boost method","status":"passed","title":"should buffer clicks over a second and call the boost method","duration":1651,"failureMessages":[],"meta":{},"tags":[]},{"ancestorTitles":["Live","with boost"],"fullName":"Live with boost should filter click buffer that are not at least 5","status":"passed","title":"should filter click buffer that are not at least 5","duration":871.1999999880791,"failureMessages":[],"meta":{},"tags":[]},{"ancestorTitles":["Live","with boost"],"fullName":"Live with boost should throttle repeated boosts","status":"passed","title":"should throttle repeated boosts","duration":1139.5,"failureMessages":[],"meta":{},"tags":[]},{"ancestorTitles":["Live","with boost"],"fullName":"Live with boost should catch a boost error","status":"passed","title":"should catch a boost error","duration":726.3999999761581,"failureMessages":[],"meta":{},"tags":[]}],"startTime":1783863128426,"endTime":1783863133322.4,"status":"passed","message":"","name":"D:/Projects/Angular/19. Router/Exercise/ponyracer - Routes guard implemented/src/app/live/live.spec.ts"},{"assertionResults":[{"ancestorTitles":["Login"],"fullName":"Login should have a title","status":"passed","title":"should have a title","duration":19.30000001192093,"failureMessages":[],"meta":{},"tags":[]},{"ancestorTitles":["Login"],"fullName":"Login should display error messages if fields are touched and invalid","status":"passed","title":"should display error messages if fields are touched and invalid","duration":203.0999999642372,"failureMessages":[],"meta":{},"tags":[]},{"ancestorTitles":["Login"],"fullName":"Login should displays errors on submit if the form is invalid","status":"passed","title":"should displays errors on submit if the form is invalid","duration":118.39999997615814,"failureMessages":[],"meta":{},"tags":[]},{"ancestorTitles":["Login"],"fullName":"Login should call the user service and redirect if success","status":"passed","title":"should call the user service and redirect if success","duration":167.80000001192093,"failureMessages":[],"meta":{},"tags":[]},{"ancestorTitles":["Login"],"fullName":"Login should call the user service and display a message if failed","status":"passed","title":"should call the user service and display a message if failed","duration":207.5,"failureMessages":[],"meta":{},"tags":[]}],"startTime":1783863130949,"endTime":1783863131664.5,"status":"passed","message":"","name":"D:/Projects/Angular/19. Router/Exercise/ponyracer - Routes guard implemented/src/app/login/login.spec.ts"},{"assertionResults":[{"ancestorTitles":["Menu"],"fullName":"Menu should toggle the class on click","status":"passed","title":"should toggle the class on click","duration":204.89999997615814,"failureMessages":[],"meta":{},"tags":[]},{"ancestorTitles":["Menu"],"fullName":"Menu should use routerLink to navigate","status":"passed","title":"should use routerLink to navigate","duration":22.100000023841858,"failureMessages":[],"meta":{},"tags":[]},{"ancestorTitles":["Menu"],"fullName":"Menu should display the user if logged in","status":"passed","title":"should display the user if logged in","duration":17.100000023841858,"failureMessages":[],"meta":{},"tags":[]},{"ancestorTitles":["Menu"],"fullName":"Menu should display a logout button","status":"passed","title":"should display a logout button","duration":249,"failureMessages":[],"meta":{},"tags":[]},{"ancestorTitles":["Menu"],"fullName":"Menu should listen to score updates","status":"passed","title":"should listen to score updates","duration":151.69999998807907,"failureMessages":[],"meta":{},"tags":[]}],"startTime":1783863131214,"endTime":1783863131858.7,"status":"passed","message":"","name":"D:/Projects/Angular/19. Router/Exercise/ponyracer - Routes guard implemented/src/app/menu/menu.spec.ts"},{"assertionResults":[{"ancestorTitles":["Pony"],"fullName":"Pony should display an image and a legend","status":"passed","title":"should display an image and a legend","duration":20.900000035762787,"failureMessages":[],"meta":{},"tags":[]},{"ancestorTitles":["Pony"],"fullName":"Pony should emit an event on click","status":"passed","title":"should emit an event on click","duration":108.5,"failureMessages":[],"meta":{},"tags":[]},{"ancestorTitles":["Pony"],"fullName":"Pony should display a running pony","status":"passed","title":"should display a running pony","duration":15,"failureMessages":[],"meta":{},"tags":[]},{"ancestorTitles":["Pony"],"fullName":"Pony should display a boosted pony","status":"passed","title":"should display a boosted pony","duration":11.199999988079071,"failureMessages":[],"meta":{},"tags":[]}],"startTime":1783863131961,"endTime":1783863132116.2,"status":"passed","message":"","name":"D:/Projects/Angular/19. Router/Exercise/ponyracer - Routes guard implemented/src/app/pony/pony.spec.ts"},{"assertionResults":[{"ancestorTitles":["Race"],"fullName":"Race should display a race name and its ponies","status":"passed","title":"should display a race name and its ponies","duration":33.69999998807907,"failureMessages":[],"meta":{},"tags":[]}],"startTime":1783863132240,"endTime":1783863132273.7,"status":"passed","message":"","name":"D:/Projects/Angular/19. Router/Exercise/ponyracer - Routes guard implemented/src/app/race/race.spec.ts"},{"assertionResults":[{"ancestorTitles":["Races"],"fullName":"Races should redirect from /races to /races/pending","status":"passed","title":"should redirect from /races to /races/pending","duration":31.30000001192093,"failureMessages":[],"meta":{},"tags":[]},{"ancestorTitles":["Races"],"fullName":"Races should show two tabs","status":"passed","title":"should show two tabs","duration":19.399999976158142,"failureMessages":[],"meta":{},"tags":[]},{"ancestorTitles":["Races"],"fullName":"Races should make first tab active when showing pending races","status":"passed","title":"should make first tab active when showing pending races","duration":15.899999976158142,"failureMessages":[],"meta":{},"tags":[]},{"ancestorTitles":["Races"],"fullName":"Races should make second tab active when showing finished races","status":"passed","title":"should make second tab active when showing finished races","duration":10.399999976158142,"failureMessages":[],"meta":{},"tags":[]},{"ancestorTitles":["Races"],"fullName":"Races should not show tabs when showing bet page","status":"passed","title":"should not show tabs when showing bet page","duration":12.800000011920929,"failureMessages":[],"meta":{},"tags":[]},{"ancestorTitles":["Races"],"fullName":"Races should display pending races for /races/pending and finished races for /races/finished","status":"passed","title":"should display pending races for /races/pending and finished races for /races/finished","duration":24.19999998807907,"failureMessages":[],"meta":{},"tags":[]}],"startTime":1783863132050,"endTime":1783863132163.2,"status":"passed","message":"","name":"D:/Projects/Angular/19. Router/Exercise/ponyracer - Routes guard implemented/src/app/races/races.spec.ts"},{"assertionResults":[{"ancestorTitles":["Register"],"fullName":"Register should validate the login input","status":"passed","title":"should validate the login input","duration":571.4000000357628,"failureMessages":[],"meta":{},"tags":[]},{"ancestorTitles":["Register"],"fullName":"Register should validate the password input","status":"passed","title":"should validate the password input","duration":161.19999998807907,"failureMessages":[],"meta":{},"tags":[]},{"ancestorTitles":["Register"],"fullName":"Register should validate the password confirmation input","status":"passed","title":"should validate the password confirmation input","duration":100.69999998807907,"failureMessages":[],"meta":{},"tags":[]},{"ancestorTitles":["Register"],"fullName":"Register should validate that passwords match","status":"passed","title":"should validate that passwords match","duration":166.89999997615814,"failureMessages":[],"meta":{},"tags":[]},{"ancestorTitles":["Register"],"fullName":"Register should validate the birth year","status":"passed","title":"should validate the birth year","duration":382.80000001192093,"failureMessages":[],"meta":{},"tags":[]},{"ancestorTitles":["Register"],"fullName":"Register should displays errors on submit if the form is invalid","status":"passed","title":"should displays errors on submit if the form is invalid","duration":281.5999999642372,"failureMessages":[],"meta":{},"tags":[]},{"ancestorTitles":["Register"],"fullName":"Register should call the user service to register","status":"passed","title":"should call the user service to register","duration":337.80000001192093,"failureMessages":[],"meta":{},"tags":[]},{"ancestorTitles":["Register"],"fullName":"Register should display an error message if registration fails","status":"passed","title":"should display an error message if registration fails","duration":299.69999998807907,"failureMessages":[],"meta":{},"tags":[]}],"startTime":1783863128523,"endTime":1783863130825.7,"status":"passed","message":"","name":"D:/Projects/Angular/19. Router/Exercise/ponyracer - Routes guard implemented/src/app/register/register.spec.ts"},{"assertionResults":[{"ancestorTitles":["RaceService"],"fullName":"RaceService should list races","status":"passed","title":"should list races","duration":15,"failureMessages":[],"meta":{},"tags":[]},{"ancestorTitles":["RaceService"],"fullName":"RaceService should get a race","status":"passed","title":"should get a race","duration":6.699999988079071,"failureMessages":[],"meta":{},"tags":[]},{"ancestorTitles":["RaceService"],"fullName":"RaceService should bet on a race","status":"passed","title":"should bet on a race","duration":4.699999988079071,"failureMessages":[],"meta":{},"tags":[]},{"ancestorTitles":["RaceService"],"fullName":"RaceService should cancel a bet on a race","status":"passed","title":"should cancel a bet on a race","duration":3.200000047683716,"failureMessages":[],"meta":{},"tags":[]},{"ancestorTitles":["RaceService"],"fullName":"RaceService should return a live race from websockets","status":"passed","title":"should return a live race from websockets","duration":4,"failureMessages":[],"meta":{},"tags":[]},{"ancestorTitles":["RaceService"],"fullName":"RaceService should boost a pony in a race","status":"passed","title":"should boost a pony in a race","duration":4.900000035762787,"failureMessages":[],"meta":{},"tags":[]}],"startTime":1783863132446,"endTime":1783863132484.9,"status":"passed","message":"","name":"D:/Projects/Angular/19. Router/Exercise/ponyracer - Routes guard implemented/src/app/services/race-service.spec.ts"},{"assertionResults":[{"ancestorTitles":["UserService"],"fullName":"UserService should authenticate and store a user","status":"passed","title":"should authenticate and store a user","duration":16.399999976158142,"failureMessages":[],"meta":{},"tags":[]},{"ancestorTitles":["UserService"],"fullName":"UserService should register a user","status":"passed","title":"should register a user","duration":5.899999976158142,"failureMessages":[],"meta":{},"tags":[]},{"ancestorTitles":["UserService"],"fullName":"UserService should retrieve a user if one is stored","status":"passed","title":"should retrieve a user if one is stored","duration":4.199999988079071,"failureMessages":[],"meta":{},"tags":[]},{"ancestorTitles":["UserService"],"fullName":"UserService should retrieve no user if none stored","status":"passed","title":"should retrieve no user if none stored","duration":11.900000035762787,"failureMessages":[],"meta":{},"tags":[]},{"ancestorTitles":["UserService"],"fullName":"UserService should logout the user","status":"passed","title":"should logout the user","duration":6.700000047683716,"failureMessages":[],"meta":{},"tags":[]},{"ancestorTitles":["UserService"],"fullName":"UserService should subscribe to the score of the user","status":"passed","title":"should subscribe to the score of the user","duration":4.299999952316284,"failureMessages":[],"meta":{},"tags":[]}],"startTime":1783863132445,"endTime":1783863132494.3,"status":"passed","message":"","name":"D:/Projects/Angular/19. Router/Exercise/ponyracer - Routes guard implemented/src/app/services/user-service.spec.ts"},{"assertionResults":[{"ancestorTitles":["WsService"],"fullName":"WsService should connect to a websocket channel","status":"passed","title":"should connect to a websocket channel","duration":6.699999988079071,"failureMessages":[],"meta":{},"tags":[]},{"ancestorTitles":["WsService"],"fullName":"WsService should throw an error if the connection fails","status":"passed","title":"should throw an error if the connection fails","duration":4.699999988079071,"failureMessages":[],"meta":{},"tags":[]},{"ancestorTitles":["WsService"],"fullName":"WsService should unsubscribe from the websocket connection on unsubscription","status":"passed","title":"should unsubscribe from the websocket connection on unsubscription","duration":3.900000035762787,"failureMessages":[],"meta":{},"tags":[]}],"startTime":1783863132680,"endTime":1783863132694.9,"status":"passed","message":"","name":"D:/Projects/Angular/19. Router/Exercise/ponyracer - Routes guard implemented/src/app/services/ws-service.spec.ts"},{"assertionResults":[{"ancestorTitles":["FinishedRaces"],"fullName":"FinishedRaces should display the first page of races by default","status":"passed","title":"should display the first page of races by default","duration":56.69999998807907,"failureMessages":[],"meta":{},"tags":[]},{"ancestorTitles":["FinishedRaces"],"fullName":"FinishedRaces should display a loading message while races are loading","status":"passed","title":"should display a loading message while races are loading","duration":13.699999988079071,"failureMessages":[],"meta":{},"tags":[]},{"ancestorTitles":["FinishedRaces"],"fullName":"FinishedRaces should not display a link to bet on a race","status":"passed","title":"should not display a link to bet on a race","duration":36.90000003576279,"failureMessages":[],"meta":{},"tags":[]},{"ancestorTitles":["FinishedRaces"],"fullName":"FinishedRaces should display an error message if loading races failed","status":"passed","title":"should display an error message if loading races failed","duration":19.69999998807907,"failureMessages":[],"meta":{},"tags":[]}],"startTime":1783863131799,"endTime":1783863131925.7,"status":"passed","message":"","name":"D:/Projects/Angular/19. Router/Exercise/ponyracer - Routes guard implemented/src/app/races/finished-races/finished-races.spec.ts"},{"assertionResults":[{"ancestorTitles":["PendingRaces"],"fullName":"PendingRaces should display every race","status":"passed","title":"should display every race","duration":23,"failureMessages":[],"meta":{},"tags":[]},{"ancestorTitles":["PendingRaces"],"fullName":"PendingRaces should display a loading message while races are loading","status":"passed","title":"should display a loading message while races are loading","duration":13.399999976158142,"failureMessages":[],"meta":{},"tags":[]},{"ancestorTitles":["PendingRaces"],"fullName":"PendingRaces should display a link to bet on a race","status":"passed","title":"should display a link to bet on a race","duration":26.69999998807907,"failureMessages":[],"meta":{},"tags":[]},{"ancestorTitles":["PendingRaces"],"fullName":"PendingRaces should display an error message if loading races failed","status":"passed","title":"should display an error message if loading races failed","duration":16.5,"failureMessages":[],"meta":{},"tags":[]}],"startTime":1783863132580,"endTime":1783863132659.5,"status":"passed","message":"","name":"D:/Projects/Angular/19. Router/Exercise/ponyracer - Routes guard implemented/src/app/races/pending-races/pending-races.spec.ts"},{"assertionResults":[{"ancestorTitles":["PrettyDatePipe"],"fullName":"PrettyDatePipe should transform the input","status":"passed","title":"should transform the input","duration":1.5,"failureMessages":[],"meta":{},"tags":[]}],"startTime":1783863132845,"endTime":1783863132846.5,"status":"passed","message":"","name":"D:/Projects/Angular/19. Router/Exercise/ponyracer - Routes guard implemented/src/app/shared/pipes/pretty-date-pipe.spec.ts"}]}