{"numTotalTestSuites":49,"numPassedTestSuites":49,"numFailedTestSuites":0,"numPendingTestSuites":0,"numTotalTests":110,"numPassedTests":110,"numFailedTests":0,"numPendingTests":0,"numTodoTests":0,"snapshot":{"added":0,"failure":false,"filesAdded":0,"filesRemoved":0,"filesRemovedList":[],"filesUnmatched":0,"filesUpdated":0,"matched":0,"total":0,"unchecked":0,"uncheckedKeysByFile":[],"unmatched":0,"updated":0,"didUpdate":false},"startTime":1784546603678,"success":true,"testResults":[{"assertionResults":[{"ancestorTitles":["App"],"fullName":"App should have a router outlet","status":"passed","title":"should have a router outlet","duration":11.899999998509884,"failureMessages":[],"meta":{},"tags":[]},{"ancestorTitles":["App"],"fullName":"App should display the menu component","status":"passed","title":"should display the menu component","duration":19.19999999552965,"failureMessages":[],"meta":{},"tags":[]}],"startTime":1784546614530,"endTime":1784546614561.2,"status":"passed","message":"","name":"D:/Projects/Angular/28. Internationalization/Exercise/ponyracer/src/app/app.spec.ts"},{"assertionResults":[{"ancestorTitles":["jwtInterceptor"],"fullName":"jwtInterceptor should do nothing if no jwt token","status":"passed","title":"should do nothing if no jwt token","duration":4,"failureMessages":[],"meta":{},"tags":[]},{"ancestorTitles":["jwtInterceptor"],"fullName":"jwtInterceptor should send a jwt token","status":"passed","title":"should send a jwt token","duration":3.100000001490116,"failureMessages":[],"meta":{},"tags":[]}],"startTime":1784546614739,"endTime":1784546614746.1,"status":"passed","message":"","name":"D:/Projects/Angular/28. Internationalization/Exercise/ponyracer/src/app/jwt-interceptor.spec.ts"},{"assertionResults":[{"ancestorTitles":["loggedInGuard"],"fullName":"loggedInGuard should allow activation if user is logged in","status":"passed","title":"should allow activation if user is logged in","duration":4.200000002980232,"failureMessages":[],"meta":{},"tags":[]},{"ancestorTitles":["loggedInGuard"],"fullName":"loggedInGuard should forbid activation if user is not logged in, and navigate to home","status":"passed","title":"should forbid activation if user is not logged in, and navigate to home","duration":5.399999998509884,"failureMessages":[],"meta":{},"tags":[]}],"startTime":1784546614810,"endTime":1784546614819.4,"status":"passed","message":"","name":"D:/Projects/Angular/28. Internationalization/Exercise/ponyracer/src/app/logged-in-guard.spec.ts"},{"assertionResults":[{"ancestorTitles":["Alert"],"fullName":"Alert should display a div with correct classes","status":"passed","title":"should display a div with correct classes","duration":38.70000000298023,"failureMessages":[],"meta":{},"tags":[]},{"ancestorTitles":["Alert"],"fullName":"Alert should display the content","status":"passed","title":"should display the content","duration":4.699999995529652,"failureMessages":[],"meta":{},"tags":[]},{"ancestorTitles":["Alert"],"fullName":"Alert should display a button depending on dismissible input","status":"passed","title":"should display a button depending on dismissible input","duration":10.700000002980232,"failureMessages":[],"meta":{},"tags":[]},{"ancestorTitles":["Alert"],"fullName":"Alert should emit a close event","status":"passed","title":"should emit a close event","duration":78.89999999850988,"failureMessages":[],"meta":{},"tags":[]},{"ancestorTitles":["Alert"],"fullName":"Alert should have optional type and dismissible inputs","status":"passed","title":"should have optional type and dismissible inputs","duration":11.799999997019768,"failureMessages":[],"meta":{},"tags":[]}],"startTime":1784546613768,"endTime":1784546613912.8,"status":"passed","message":"","name":"D:/Projects/Angular/28. Internationalization/Exercise/ponyracer/src/app/alert/alert.spec.ts"},{"assertionResults":[{"ancestorTitles":["Bet"],"fullName":"Bet should display a race, its date and its ponies","status":"passed","title":"should display a race, its date and its ponies","duration":81.89999999850988,"failureMessages":[],"meta":{},"tags":[]},{"ancestorTitles":["Bet"],"fullName":"Bet should trigger a bet when a pony is clicked","status":"passed","title":"should trigger a bet when a pony is clicked","duration":128.79999999701977,"failureMessages":[],"meta":{},"tags":[]},{"ancestorTitles":["Bet"],"fullName":"Bet should display an error message if bet failed","status":"passed","title":"should display an error message if bet failed","duration":323.80000000447035,"failureMessages":[],"meta":{},"tags":[]},{"ancestorTitles":["Bet"],"fullName":"Bet should display a loading message while loading the race","status":"passed","title":"should display a loading message while loading the race","duration":15.900000005960464,"failureMessages":[],"meta":{},"tags":[]},{"ancestorTitles":["Bet"],"fullName":"Bet should display an error message if loading the race failed","status":"passed","title":"should display an error message if loading the race failed","duration":16.700000002980232,"failureMessages":[],"meta":{},"tags":[]},{"ancestorTitles":["Bet"],"fullName":"Bet should cancel a bet","status":"passed","title":"should cancel a bet","duration":108.5,"failureMessages":[],"meta":{},"tags":[]},{"ancestorTitles":["Bet"],"fullName":"Bet should display a message if canceling a bet fails","status":"passed","title":"should display a message if canceling a bet fails","duration":120,"failureMessages":[],"meta":{},"tags":[]},{"ancestorTitles":["Bet"],"fullName":"Bet should display a link to go to live","status":"passed","title":"should display a link to go to live","duration":33.29999999701977,"failureMessages":[],"meta":{},"tags":[]}],"startTime":1784546612036,"endTime":1784546612865.3,"status":"passed","message":"","name":"D:/Projects/Angular/28. Internationalization/Exercise/ponyracer/src/app/bet/bet.spec.ts"},{"assertionResults":[{"ancestorTitles":["BirthYearInput"],"fullName":"BirthYearInput should display the initial value and update it","status":"passed","title":"should display the initial value and update it","duration":68.19999999552965,"failureMessages":[],"meta":{},"tags":[]},{"ancestorTitles":["BirthYearInput"],"fullName":"BirthYearInput should transform negative value","status":"passed","title":"should transform negative value","duration":50.80000000447035,"failureMessages":[],"meta":{},"tags":[]},{"ancestorTitles":["BirthYearInput"],"fullName":"BirthYearInput should transform value less than 1900","status":"passed","title":"should transform value less than 1900","duration":48.600000001490116,"failureMessages":[],"meta":{},"tags":[]},{"ancestorTitles":["BirthYearInput"],"fullName":"BirthYearInput should transform value greater than current year","status":"passed","title":"should transform value greater than current year","duration":36.79999999701977,"failureMessages":[],"meta":{},"tags":[]},{"ancestorTitles":["BirthYearInput"],"fullName":"BirthYearInput should transform value after 1900 and before current year","status":"passed","title":"should transform value after 1900 and before current year","duration":29.30000000447035,"failureMessages":[],"meta":{},"tags":[]},{"ancestorTitles":["BirthYearInput"],"fullName":"BirthYearInput should transform value greater than 100 and lower than 1900","status":"passed","title":"should transform value greater than 100 and lower than 1900","duration":51.79999999701977,"failureMessages":[],"meta":{},"tags":[]},{"ancestorTitles":["BirthYearInput"],"fullName":"BirthYearInput should transform value less than 100 and after current year","status":"passed","title":"should transform value less than 100 and after current year","duration":50.20000000298023,"failureMessages":[],"meta":{},"tags":[]},{"ancestorTitles":["BirthYearInput"],"fullName":"BirthYearInput should transform value less than 100 and before current year","status":"passed","title":"should transform value less than 100 and before current year","duration":50.29999999701977,"failureMessages":[],"meta":{},"tags":[]},{"ancestorTitles":["BirthYearInput"],"fullName":"BirthYearInput should propagate null when the value is cleared","status":"passed","title":"should propagate null when the value is cleared","duration":83,"failureMessages":[],"meta":{},"tags":[]},{"ancestorTitles":["BirthYearInput"],"fullName":"BirthYearInput should have the is-invalid class if invalid","status":"passed","title":"should have the is-invalid class if invalid","duration":67.5,"failureMessages":[],"meta":{},"tags":[]},{"ancestorTitles":["BirthYearInput"],"fullName":"BirthYearInput should be disabled if the form control is disabled","status":"passed","title":"should be disabled if the form control is disabled","duration":25.899999998509884,"failureMessages":[],"meta":{},"tags":[]},{"ancestorTitles":["BirthYearInput"],"fullName":"BirthYearInput should mark the field as touched on blur","status":"passed","title":"should mark the field as touched on blur","duration":154.10000000149012,"failureMessages":[],"meta":{},"tags":[]}],"startTime":1784546612266,"endTime":1784546612983.1,"status":"passed","message":"","name":"D:/Projects/Angular/28. Internationalization/Exercise/ponyracer/src/app/birth-year-input/birth-year-input.spec.ts"},{"assertionResults":[{"ancestorTitles":["FormLabel"],"fullName":"FormLabel should add the text-danger CSS class to the label if invalid","status":"passed","title":"should add the text-danger CSS class to the label if invalid","duration":116.19999999552965,"failureMessages":[],"meta":{},"tags":[]}],"startTime":1784546614226,"endTime":1784546614342.2,"status":"passed","message":"","name":"D:/Projects/Angular/28. Internationalization/Exercise/ponyracer/src/app/directives/form-label.spec.ts"},{"assertionResults":[{"ancestorTitles":["Home","in English"],"fullName":"Home in English should display the title and quote","status":"passed","title":"should display the title and quote","duration":18.600000001490116,"failureMessages":[],"meta":{},"tags":[]},{"ancestorTitles":["Home","in English"],"fullName":"Home in English should display a link to go to the login page and another to the register page","status":"passed","title":"should display a link to go to the login page and another to the register page","duration":14.700000002980232,"failureMessages":[],"meta":{},"tags":[]},{"ancestorTitles":["Home","in English"],"fullName":"Home in English should display only a link to go the races page if logged in","status":"passed","title":"should display only a link to go the races page if logged in","duration":14.099999994039536,"failureMessages":[],"meta":{},"tags":[]},{"ancestorTitles":["Home","in Nepali"],"fullName":"Home in Nepali should translate the texts","status":"passed","title":"should translate the texts","duration":163.30000000447035,"failureMessages":[],"meta":{},"tags":[]}],"startTime":1784546613451,"endTime":1784546613662.3,"status":"passed","message":"","name":"D:/Projects/Angular/28. Internationalization/Exercise/ponyracer/src/app/home/home.spec.ts"},{"assertionResults":[{"ancestorTitles":["Live"],"fullName":"Live should change the race status once the race is RUNNING","status":"passed","title":"should change the race status once the race is RUNNING","duration":284.6000000014901,"failureMessages":[],"meta":{},"tags":[]},{"ancestorTitles":["Live"],"fullName":"Live should unsubscribe on destruction","status":"passed","title":"should unsubscribe on destruction","duration":35.600000001490116,"failureMessages":[],"meta":{},"tags":[]},{"ancestorTitles":["Live"],"fullName":"Live should display the pending race","status":"passed","title":"should display the pending race","duration":44.80000000447035,"failureMessages":[],"meta":{},"tags":[]},{"ancestorTitles":["Live"],"fullName":"Live should display the running race","status":"passed","title":"should display the running race","duration":48.19999999552965,"failureMessages":[],"meta":{},"tags":[]},{"ancestorTitles":["Live"],"fullName":"Live should display the finished race","status":"passed","title":"should display the finished race","duration":56.20000000298023,"failureMessages":[],"meta":{},"tags":[]},{"ancestorTitles":["Live"],"fullName":"Live should display a message when the race is lost","status":"passed","title":"should display a message when the race is lost","duration":42.69999999552965,"failureMessages":[],"meta":{},"tags":[]},{"ancestorTitles":["Live"],"fullName":"Live should display a message when the race is over","status":"passed","title":"should display a message when the race is over","duration":24.700000002980232,"failureMessages":[],"meta":{},"tags":[]},{"ancestorTitles":["Live"],"fullName":"Live should display a message when an error occurred","status":"passed","title":"should display a message when an error occurred","duration":28.200000002980232,"failureMessages":[],"meta":{},"tags":[]},{"ancestorTitles":["Live","with boost"],"fullName":"Live with boost should buffer clicks over a second and call the boost method","status":"passed","title":"should buffer clicks over a second and call the boost method","duration":1259,"failureMessages":[],"meta":{},"tags":[]},{"ancestorTitles":["Live","with boost"],"fullName":"Live with boost should filter click buffer that are not at least 5","status":"passed","title":"should filter click buffer that are not at least 5","duration":845.8999999985099,"failureMessages":[],"meta":{},"tags":[]},{"ancestorTitles":["Live","with boost"],"fullName":"Live with boost should throttle repeated boosts","status":"passed","title":"should throttle repeated boosts","duration":792.5,"failureMessages":[],"meta":{},"tags":[]},{"ancestorTitles":["Live","with boost"],"fullName":"Live with boost should catch a boost error","status":"passed","title":"should catch a boost error","duration":896,"failureMessages":[],"meta":{},"tags":[]}],"startTime":1784546610357,"endTime":1784546614716,"status":"passed","message":"","name":"D:/Projects/Angular/28. Internationalization/Exercise/ponyracer/src/app/live/live.spec.ts"},{"assertionResults":[{"ancestorTitles":["Login"],"fullName":"Login should have a title","status":"passed","title":"should have a title","duration":30,"failureMessages":[],"meta":{},"tags":[]},{"ancestorTitles":["Login"],"fullName":"Login should display error messages if fields are touched and invalid","status":"passed","title":"should display error messages if fields are touched and invalid","duration":181.39999999850988,"failureMessages":[],"meta":{},"tags":[]},{"ancestorTitles":["Login"],"fullName":"Login should displays errors on submit if the form is invalid","status":"passed","title":"should displays errors on submit if the form is invalid","duration":118.5,"failureMessages":[],"meta":{},"tags":[]},{"ancestorTitles":["Login"],"fullName":"Login should call the user service and redirect if success","status":"passed","title":"should call the user service and redirect if success","duration":202.89999999850988,"failureMessages":[],"meta":{},"tags":[]},{"ancestorTitles":["Login"],"fullName":"Login should call the user service and display a message if failed","status":"passed","title":"should call the user service and display a message if failed","duration":173,"failureMessages":[],"meta":{},"tags":[]}],"startTime":1784546612957,"endTime":1784546613663,"status":"passed","message":"","name":"D:/Projects/Angular/28. Internationalization/Exercise/ponyracer/src/app/login/login.spec.ts"},{"assertionResults":[{"ancestorTitles":["Menu"],"fullName":"Menu should toggle the class on click","status":"passed","title":"should toggle the class on click","duration":1120.2000000029802,"failureMessages":[],"meta":{},"tags":[]},{"ancestorTitles":["Menu"],"fullName":"Menu should use routerLink to navigate","status":"passed","title":"should use routerLink to navigate","duration":47.899999998509884,"failureMessages":[],"meta":{},"tags":[]},{"ancestorTitles":["Menu"],"fullName":"Menu should display the user if logged in","status":"passed","title":"should display the user if logged in","duration":27.100000001490116,"failureMessages":[],"meta":{},"tags":[]},{"ancestorTitles":["Menu"],"fullName":"Menu should display a logout button","status":"passed","title":"should display a logout button","duration":322.6000000014901,"failureMessages":[],"meta":{},"tags":[]},{"ancestorTitles":["Menu"],"fullName":"Menu should listen to score updates","status":"passed","title":"should listen to score updates","duration":129.5,"failureMessages":[],"meta":{},"tags":[]},{"ancestorTitles":["Menu"],"fullName":"Menu should display a select box with the current language","status":"passed","title":"should display a select box with the current language","duration":99.20000000298023,"failureMessages":[],"meta":{},"tags":[]},{"ancestorTitles":["Menu"],"fullName":"Menu should change the language","status":"passed","title":"should change the language","duration":137,"failureMessages":[],"meta":{},"tags":[]}],"startTime":1784546609985,"endTime":1784546611869,"status":"passed","message":"","name":"D:/Projects/Angular/28. Internationalization/Exercise/ponyracer/src/app/menu/menu.spec.ts"},{"assertionResults":[{"ancestorTitles":["Pony"],"fullName":"Pony should display an image and a legend","status":"passed","title":"should display an image and a legend","duration":22.100000001490116,"failureMessages":[],"meta":{},"tags":[]},{"ancestorTitles":["Pony"],"fullName":"Pony should emit an event on click","status":"passed","title":"should emit an event on click","duration":109,"failureMessages":[],"meta":{},"tags":[]},{"ancestorTitles":["Pony"],"fullName":"Pony should display a running pony","status":"passed","title":"should display a running pony","duration":13.5,"failureMessages":[],"meta":{},"tags":[]},{"ancestorTitles":["Pony"],"fullName":"Pony should display a boosted pony","status":"passed","title":"should display a boosted pony","duration":13.100000001490116,"failureMessages":[],"meta":{},"tags":[]}],"startTime":1784546614093,"endTime":1784546614251.1,"status":"passed","message":"","name":"D:/Projects/Angular/28. Internationalization/Exercise/ponyracer/src/app/pony/pony.spec.ts"},{"assertionResults":[{"ancestorTitles":["Race"],"fullName":"Race should display a race name and its ponies","status":"passed","title":"should display a race name and its ponies","duration":17.600000001490116,"failureMessages":[],"meta":{},"tags":[]}],"startTime":1784546614645,"endTime":1784546614662.6,"status":"passed","message":"","name":"D:/Projects/Angular/28. Internationalization/Exercise/ponyracer/src/app/race/race.spec.ts"},{"assertionResults":[{"ancestorTitles":["Races"],"fullName":"Races should redirect from /races to /races/pending","status":"passed","title":"should redirect from /races to /races/pending","duration":51.30000000447035,"failureMessages":[],"meta":{},"tags":[]},{"ancestorTitles":["Races"],"fullName":"Races should show two tabs","status":"passed","title":"should show two tabs","duration":20.700000002980232,"failureMessages":[],"meta":{},"tags":[]},{"ancestorTitles":["Races"],"fullName":"Races should make first tab active when showing pending races","status":"passed","title":"should make first tab active when showing pending races","duration":19.700000002980232,"failureMessages":[],"meta":{},"tags":[]},{"ancestorTitles":["Races"],"fullName":"Races should make second tab active when showing finished races","status":"passed","title":"should make second tab active when showing finished races","duration":18.900000005960464,"failureMessages":[],"meta":{},"tags":[]},{"ancestorTitles":["Races"],"fullName":"Races should not show tabs when showing bet page","status":"passed","title":"should not show tabs when showing bet page","duration":13.799999997019768,"failureMessages":[],"meta":{},"tags":[]},{"ancestorTitles":["Races"],"fullName":"Races should display pending races for /races/pending and finished races for /races/finished","status":"passed","title":"should display pending races for /races/pending and finished races for /races/finished","duration":23.399999998509884,"failureMessages":[],"meta":{},"tags":[]}],"startTime":1784546614017,"endTime":1784546614164.4,"status":"passed","message":"","name":"D:/Projects/Angular/28. Internationalization/Exercise/ponyracer/src/app/races/races.spec.ts"},{"assertionResults":[{"ancestorTitles":["Register"],"fullName":"Register should validate the login input","status":"passed","title":"should validate the login input","duration":780.8999999985099,"failureMessages":[],"meta":{},"tags":[]},{"ancestorTitles":["Register"],"fullName":"Register should validate the password input","status":"passed","title":"should validate the password input","duration":98,"failureMessages":[],"meta":{},"tags":[]},{"ancestorTitles":["Register"],"fullName":"Register should validate the password confirmation input","status":"passed","title":"should validate the password confirmation input","duration":83.10000000149012,"failureMessages":[],"meta":{},"tags":[]},{"ancestorTitles":["Register"],"fullName":"Register should validate that passwords match","status":"passed","title":"should validate that passwords match","duration":186.70000000298023,"failureMessages":[],"meta":{},"tags":[]},{"ancestorTitles":["Register"],"fullName":"Register should validate the birth year","status":"passed","title":"should validate the birth year","duration":359.19999999552965,"failureMessages":[],"meta":{},"tags":[]},{"ancestorTitles":["Register"],"fullName":"Register should displays errors on submit if the form is invalid","status":"passed","title":"should displays errors on submit if the form is invalid","duration":170.5,"failureMessages":[],"meta":{},"tags":[]},{"ancestorTitles":["Register"],"fullName":"Register should call the user service to register","status":"passed","title":"should call the user service to register","duration":261.3999999985099,"failureMessages":[],"meta":{},"tags":[]},{"ancestorTitles":["Register"],"fullName":"Register should display an error message if registration fails","status":"passed","title":"should display an error message if registration fails","duration":299,"failureMessages":[],"meta":{},"tags":[]}],"startTime":1784546609945,"endTime":1784546612185,"status":"passed","message":"","name":"D:/Projects/Angular/28. Internationalization/Exercise/ponyracer/src/app/register/register.spec.ts"},{"assertionResults":[{"ancestorTitles":["ScoreHistory"],"fullName":"ScoreHistory should display a chart","status":"passed","title":"should display a chart","duration":141,"failureMessages":[],"meta":{},"tags":[]}],"startTime":1784546613839,"endTime":1784546613980,"status":"passed","message":"","name":"D:/Projects/Angular/28. Internationalization/Exercise/ponyracer/src/app/score-history/score-history.spec.ts"},{"assertionResults":[{"ancestorTitles":["I18nService"],"fullName":"I18nService should get the active language when created","status":"passed","title":"should get the active language when created","duration":4.600000001490116,"failureMessages":[],"meta":{},"tags":[]},{"ancestorTitles":["I18nService"],"fullName":"I18nService should change the language and reload the page","status":"passed","title":"should change the language and reload the page","duration":4.799999997019768,"failureMessages":[],"meta":{},"tags":[]},{"ancestorTitles":["I18nService"],"fullName":"I18nService should ignore the current language","status":"passed","title":"should ignore the current language","duration":5.9000000059604645,"failureMessages":[],"meta":{},"tags":[]}],"startTime":1784546614740,"endTime":1784546614754.9,"status":"passed","message":"","name":"D:/Projects/Angular/28. Internationalization/Exercise/ponyracer/src/app/services/i18n-service.spec.ts"},{"assertionResults":[{"ancestorTitles":["RaceService"],"fullName":"RaceService should list races","status":"passed","title":"should list races","duration":9.200000002980232,"failureMessages":[],"meta":{},"tags":[]},{"ancestorTitles":["RaceService"],"fullName":"RaceService should get a race","status":"passed","title":"should get a race","duration":4.699999995529652,"failureMessages":[],"meta":{},"tags":[]},{"ancestorTitles":["RaceService"],"fullName":"RaceService should bet on a race","status":"passed","title":"should bet on a race","duration":2.899999998509884,"failureMessages":[],"meta":{},"tags":[]},{"ancestorTitles":["RaceService"],"fullName":"RaceService should cancel a bet on a race","status":"passed","title":"should cancel a bet on a race","duration":2.4000000059604645,"failureMessages":[],"meta":{},"tags":[]},{"ancestorTitles":["RaceService"],"fullName":"RaceService should return a live race from websockets","status":"passed","title":"should return a live race from websockets","duration":2.7999999970197678,"failureMessages":[],"meta":{},"tags":[]},{"ancestorTitles":["RaceService"],"fullName":"RaceService should boost a pony in a race","status":"passed","title":"should boost a pony in a race","duration":2.2999999970197678,"failureMessages":[],"meta":{},"tags":[]}],"startTime":1784546614556,"endTime":1784546614580.3,"status":"passed","message":"","name":"D:/Projects/Angular/28. Internationalization/Exercise/ponyracer/src/app/services/race-service.spec.ts"},{"assertionResults":[{"ancestorTitles":["UserService"],"fullName":"UserService should authenticate and store a user","status":"passed","title":"should authenticate and store a user","duration":8.200000002980232,"failureMessages":[],"meta":{},"tags":[]},{"ancestorTitles":["UserService"],"fullName":"UserService should register a user","status":"passed","title":"should register a user","duration":4.5999999940395355,"failureMessages":[],"meta":{},"tags":[]},{"ancestorTitles":["UserService"],"fullName":"UserService should retrieve a user if one is stored","status":"passed","title":"should retrieve a user if one is stored","duration":3.8000000044703484,"failureMessages":[],"meta":{},"tags":[]},{"ancestorTitles":["UserService"],"fullName":"UserService should retrieve no user if none stored","status":"passed","title":"should retrieve no user if none stored","duration":3.600000001490116,"failureMessages":[],"meta":{},"tags":[]},{"ancestorTitles":["UserService"],"fullName":"UserService should logout the user","status":"passed","title":"should logout the user","duration":4.799999997019768,"failureMessages":[],"meta":{},"tags":[]},{"ancestorTitles":["UserService"],"fullName":"UserService should subscribe to the score of the user","status":"passed","title":"should subscribe to the score of the user","duration":4.200000002980232,"failureMessages":[],"meta":{},"tags":[]},{"ancestorTitles":["UserService"],"fullName":"UserService should fetch the score history","status":"passed","title":"should fetch the score history","duration":5.299999997019768,"failureMessages":[],"meta":{},"tags":[]}],"startTime":1784546614439,"endTime":1784546614473.3,"status":"passed","message":"","name":"D:/Projects/Angular/28. Internationalization/Exercise/ponyracer/src/app/services/user-service.spec.ts"},{"assertionResults":[{"ancestorTitles":["WsService"],"fullName":"WsService should connect to a websocket channel","status":"passed","title":"should connect to a websocket channel","duration":6.5,"failureMessages":[],"meta":{},"tags":[]},{"ancestorTitles":["WsService"],"fullName":"WsService should throw an error if the connection fails","status":"passed","title":"should throw an error if the connection fails","duration":3,"failureMessages":[],"meta":{},"tags":[]},{"ancestorTitles":["WsService"],"fullName":"WsService should unsubscribe from the websocket connection on unsubscription","status":"passed","title":"should unsubscribe from the websocket connection on unsubscription","duration":3,"failureMessages":[],"meta":{},"tags":[]}],"startTime":1784546614651,"endTime":1784546614664,"status":"passed","message":"","name":"D:/Projects/Angular/28. Internationalization/Exercise/ponyracer/src/app/services/ws-service.spec.ts"},{"assertionResults":[{"ancestorTitles":["FinishedRaces"],"fullName":"FinishedRaces should display the first page of races by default","status":"passed","title":"should display the first page of races by default","duration":74.89999999850988,"failureMessages":[],"meta":{},"tags":[]},{"ancestorTitles":["FinishedRaces"],"fullName":"FinishedRaces should display the second page of races if page query param is 2","status":"passed","title":"should display the second page of races if page query param is 2","duration":28.600000001490116,"failureMessages":[],"meta":{},"tags":[]},{"ancestorTitles":["FinishedRaces"],"fullName":"FinishedRaces should display a loading message while races are loading","status":"passed","title":"should display a loading message while races are loading","duration":12.600000001490116,"failureMessages":[],"meta":{},"tags":[]},{"ancestorTitles":["FinishedRaces"],"fullName":"FinishedRaces should navigate to the second page of races when clicking the button","status":"passed","title":"should navigate to the second page of races when clicking the button","duration":112.10000000149012,"failureMessages":[],"meta":{},"tags":[]},{"ancestorTitles":["FinishedRaces"],"fullName":"FinishedRaces should not display a link to bet on a race","status":"passed","title":"should not display a link to bet on a race","duration":24.899999998509884,"failureMessages":[],"meta":{},"tags":[]},{"ancestorTitles":["FinishedRaces"],"fullName":"FinishedRaces should display an error message if loading races failed","status":"passed","title":"should display an error message if loading races failed","duration":13.5,"failureMessages":[],"meta":{},"tags":[]}],"startTime":1784546613110,"endTime":1784546613376.5,"status":"passed","message":"","name":"D:/Projects/Angular/28. Internationalization/Exercise/ponyracer/src/app/races/finished-races/finished-races.spec.ts"},{"assertionResults":[{"ancestorTitles":["PendingRaces"],"fullName":"PendingRaces should display every race","status":"passed","title":"should display every race","duration":28.80000000447035,"failureMessages":[],"meta":{},"tags":[]},{"ancestorTitles":["PendingRaces"],"fullName":"PendingRaces should display a loading message while races are loading","status":"passed","title":"should display a loading message while races are loading","duration":13.399999998509884,"failureMessages":[],"meta":{},"tags":[]},{"ancestorTitles":["PendingRaces"],"fullName":"PendingRaces should display a link to bet on a race","status":"passed","title":"should display a link to bet on a race","duration":23.399999998509884,"failureMessages":[],"meta":{},"tags":[]},{"ancestorTitles":["PendingRaces"],"fullName":"PendingRaces should display an error message if loading races failed","status":"passed","title":"should display an error message if loading races failed","duration":11.899999998509884,"failureMessages":[],"meta":{},"tags":[]}],"startTime":1784546614346,"endTime":1784546614423.9,"status":"passed","message":"","name":"D:/Projects/Angular/28. Internationalization/Exercise/ponyracer/src/app/races/pending-races/pending-races.spec.ts"},{"assertionResults":[{"ancestorTitles":["PrettyDatePipe"],"fullName":"PrettyDatePipe should transform the input","status":"passed","title":"should transform the input","duration":0.8999999985098839,"failureMessages":[],"meta":{},"tags":[]}],"startTime":1784546614815,"endTime":1784546614815.9,"status":"passed","message":"","name":"D:/Projects/Angular/28. Internationalization/Exercise/ponyracer/src/app/shared/pipes/pretty-date-pipe.spec.ts"}]}