{"numTotalTestSuites":14,"numPassedTestSuites":14,"numFailedTestSuites":0,"numPendingTestSuites":0,"numTotalTests":10,"numPassedTests":10,"numFailedTests":0,"numPendingTests":0,"numTodoTests":0,"snapshot":{"added":0,"failure":false,"filesAdded":0,"filesRemoved":0,"filesRemovedList":[],"filesUnmatched":0,"filesUpdated":0,"matched":0,"total":0,"unchecked":0,"uncheckedKeysByFile":[],"unmatched":0,"updated":0,"didUpdate":false},"startTime":1780150634055,"success":true,"testResults":[{"assertionResults":[{"ancestorTitles":["App"],"fullName":"App should have a title","status":"passed","title":"should have a title","duration":328.60000002384186,"failureMessages":[],"meta":{},"tags":[]},{"ancestorTitles":["App"],"fullName":"App should display the menu component","status":"passed","title":"should display the menu component","duration":80,"failureMessages":[],"meta":{},"tags":[]},{"ancestorTitles":["App"],"fullName":"App should display the races component","status":"passed","title":"should display the races component","duration":68.80000007152557,"failureMessages":[],"meta":{},"tags":[]}],"startTime":1780150651311,"endTime":1780150651788.8,"status":"passed","message":"","name":"D:/Projects/Angular v20.2.0/17. Send and receive data through HTTP/Exercise10/ponyracer/src/app/app.spec.ts"},{"assertionResults":[{"ancestorTitles":["Menu"],"fullName":"Menu should toggle the class on click","status":"passed","title":"should toggle the class on click","duration":1267.8999999761581,"failureMessages":[],"meta":{},"tags":[]}],"startTime":1780150651289,"endTime":1780150652556.9,"status":"passed","message":"","name":"D:/Projects/Angular v20.2.0/17. Send and receive data through HTTP/Exercise10/ponyracer/src/app/menu/menu.spec.ts"},{"assertionResults":[{"ancestorTitles":["Pony"],"fullName":"Pony should display an image and a legend","status":"passed","title":"should display an image and a legend","duration":198.5,"failureMessages":[],"meta":{},"tags":[]},{"ancestorTitles":["Pony"],"fullName":"Pony should emit an event on click","status":"passed","title":"should emit an event on click","duration":1000.5,"failureMessages":[],"meta":{},"tags":[]}],"startTime":1780150651124,"endTime":1780150652324.5,"status":"passed","message":"","name":"D:/Projects/Angular v20.2.0/17. Send and receive data through HTTP/Exercise10/ponyracer/src/app/pony/pony.spec.ts"},{"assertionResults":[{"ancestorTitles":["Race"],"fullName":"Race should display a race name and its ponies","status":"passed","title":"should display a race name and its ponies","duration":68.5,"failureMessages":[],"meta":{},"tags":[]}],"startTime":1780150652140,"endTime":1780150652208.5,"status":"passed","message":"","name":"D:/Projects/Angular v20.2.0/17. Send and receive data through HTTP/Exercise10/ponyracer/src/app/race/race.spec.ts"},{"assertionResults":[{"ancestorTitles":["Races"],"fullName":"Races should display every race","status":"passed","title":"should display every race","duration":27.200000047683716,"failureMessages":[],"meta":{},"tags":[]}],"startTime":1780150652304,"endTime":1780150652331.2,"status":"passed","message":"","name":"D:/Projects/Angular v20.2.0/17. Send and receive data through HTTP/Exercise10/ponyracer/src/app/races/races.spec.ts"},{"assertionResults":[{"ancestorTitles":["RaceService"],"fullName":"RaceService should list races","status":"passed","title":"should list races","duration":16.399999976158142,"failureMessages":[],"meta":{},"tags":[]}],"startTime":1780150652518,"endTime":1780150652534.4,"status":"passed","message":"","name":"D:/Projects/Angular v20.2.0/17. Send and receive data through HTTP/Exercise10/ponyracer/src/app/services/race-service.spec.ts"},{"assertionResults":[{"ancestorTitles":["PrettyDatePipe"],"fullName":"PrettyDatePipe should transform the input","status":"passed","title":"should transform the input","duration":1.899999976158142,"failureMessages":[],"meta":{},"tags":[]}],"startTime":1780150652470,"endTime":1780150652471.9,"status":"passed","message":"","name":"D:/Projects/Angular v20.2.0/17. Send and receive data through HTTP/Exercise10/ponyracer/src/app/shared/pipes/pretty-date-pipe.spec.ts"}]}