{"numTotalTestSuites":3,"numPassedTestSuites":3,"numFailedTestSuites":0,"numPendingTestSuites":0,"numTotalTests":12,"numPassedTests":12,"numFailedTests":0,"numPendingTests":0,"numTodoTests":0,"snapshot":{"added":0,"failure":false,"filesAdded":0,"filesRemoved":0,"filesRemovedList":[],"filesUnmatched":0,"filesUpdated":0,"matched":0,"total":0,"unchecked":0,"uncheckedKeysByFile":[],"unmatched":0,"updated":0,"didUpdate":false},"startTime":1784978543882,"success":true,"testResults":[{"assertionResults":[{"ancestorTitles":["Live"],"fullName":"Live should change the race status once the race is RUNNING","status":"passed","title":"should change the race status once the race is RUNNING","duration":173.0999999642372,"failureMessages":[],"meta":{},"tags":[]},{"ancestorTitles":["Live"],"fullName":"Live should unsubscribe on destruction","status":"passed","title":"should unsubscribe on destruction","duration":55.80000001192093,"failureMessages":[],"meta":{},"tags":[]},{"ancestorTitles":["Live"],"fullName":"Live should display the pending race","status":"passed","title":"should display the pending race","duration":101.5,"failureMessages":[],"meta":{},"tags":[]},{"ancestorTitles":["Live"],"fullName":"Live should display the running race","status":"passed","title":"should display the running race","duration":128.10000002384186,"failureMessages":[],"meta":{},"tags":[]},{"ancestorTitles":["Live"],"fullName":"Live should display the finished race","status":"passed","title":"should display the finished race","duration":112.89999997615814,"failureMessages":[],"meta":{},"tags":[]},{"ancestorTitles":["Live"],"fullName":"Live should display a message when the race is lost","status":"passed","title":"should display a message when the race is lost","duration":131.60000002384186,"failureMessages":[],"meta":{},"tags":[]},{"ancestorTitles":["Live"],"fullName":"Live should display a message when the race is over","status":"passed","title":"should display a message when the race is over","duration":63.09999996423721,"failureMessages":[],"meta":{},"tags":[]},{"ancestorTitles":["Live"],"fullName":"Live should display a message when an error occurred","status":"passed","title":"should display a message when an error occurred","duration":50.69999998807907,"failureMessages":[],"meta":{},"tags":[]},{"ancestorTitles":["Live","with boost"],"fullName":"Live with boost should buffer clicks over a second and call the boost method","status":"passed","title":"should buffer clicks over a second and call the boost method","duration":934.7999999523163,"failureMessages":[],"meta":{},"tags":[]},{"ancestorTitles":["Live","with boost"],"fullName":"Live with boost should filter click buffer that are not at least 5","status":"passed","title":"should filter click buffer that are not at least 5","duration":536.8000000119209,"failureMessages":[],"meta":{},"tags":[]},{"ancestorTitles":["Live","with boost"],"fullName":"Live with boost should throttle repeated boosts","status":"passed","title":"should throttle repeated boosts","duration":558.4000000357628,"failureMessages":[],"meta":{},"tags":[]},{"ancestorTitles":["Live","with boost"],"fullName":"Live with boost should catch a boost error","status":"passed","title":"should catch a boost error","duration":544.9000000357628,"failureMessages":[],"meta":{},"tags":[]}],"startTime":1784978741952,"endTime":1784978745344.9,"status":"passed","message":"","name":"D:/Projects/Angular/28. Internationalization/Exercise/ponyracer/src/app/live/live.spec.ts"}]}