{"numTotalTestSuites":24,"numPassedTestSuites":24,"numFailedTestSuites":0,"numPendingTestSuites":0,"numTotalTests":47,"numPassedTests":47,"numFailedTests":0,"numPendingTests":0,"numTodoTests":0,"snapshot":{"added":0,"failure":false,"filesAdded":0,"filesRemoved":0,"filesRemovedList":[],"filesUnmatched":0,"filesUpdated":0,"matched":0,"total":0,"unchecked":0,"uncheckedKeysByFile":[],"unmatched":0,"updated":0,"didUpdate":false},"startTime":1782362995433,"success":true,"testResults":[{"assertionResults":[{"ancestorTitles":["App"],"fullName":"App should have a router outlet","status":"passed","title":"should have a router outlet","duration":21.200000002980232,"failureMessages":[],"meta":{},"tags":[]},{"ancestorTitles":["App"],"fullName":"App should display the menu component","status":"passed","title":"should display the menu component","duration":17.19999999552965,"failureMessages":[],"meta":{},"tags":[]}],"startTime":1782363030202,"endTime":1782363030240.2,"status":"passed","message":"","name":"D:/Projects/Angular/22. State management/Exercise/ponyracer/src/app/app.spec.ts"},{"assertionResults":[{"ancestorTitles":["BirthYearInput"],"fullName":"BirthYearInput should display the initial value and update it","status":"passed","title":"should display the initial value and update it","duration":1053.7000000029802,"failureMessages":[],"meta":{},"tags":[]},{"ancestorTitles":["BirthYearInput"],"fullName":"BirthYearInput should transform negative value","status":"passed","title":"should transform negative value","duration":196,"failureMessages":[],"meta":{},"tags":[]},{"ancestorTitles":["BirthYearInput"],"fullName":"BirthYearInput should transform value less than 1900","status":"passed","title":"should transform value less than 1900","duration":249.90000000596046,"failureMessages":[],"meta":{},"tags":[]},{"ancestorTitles":["BirthYearInput"],"fullName":"BirthYearInput should transform value greater than current year","status":"passed","title":"should transform value greater than current year","duration":281,"failureMessages":[],"meta":{},"tags":[]},{"ancestorTitles":["BirthYearInput"],"fullName":"BirthYearInput should transform value after 1900 and before current year","status":"passed","title":"should transform value after 1900 and before current year","duration":100.59999999403954,"failureMessages":[],"meta":{},"tags":[]},{"ancestorTitles":["BirthYearInput"],"fullName":"BirthYearInput should transform value greater than 100 and lower than 1900","status":"passed","title":"should transform value greater than 100 and lower than 1900","duration":132.70000000298023,"failureMessages":[],"meta":{},"tags":[]},{"ancestorTitles":["BirthYearInput"],"fullName":"BirthYearInput should transform value less than 100 and after current year","status":"passed","title":"should transform value less than 100 and after current year","duration":173.29999999701977,"failureMessages":[],"meta":{},"tags":[]},{"ancestorTitles":["BirthYearInput"],"fullName":"BirthYearInput should transform value less than 100 and before current year","status":"passed","title":"should transform value less than 100 and before current year","duration":145.20000000298023,"failureMessages":[],"meta":{},"tags":[]},{"ancestorTitles":["BirthYearInput"],"fullName":"BirthYearInput should propagate null when the value is cleared","status":"passed","title":"should propagate null when the value is cleared","duration":169.79999999701977,"failureMessages":[],"meta":{},"tags":[]},{"ancestorTitles":["BirthYearInput"],"fullName":"BirthYearInput should have the is-invalid class if invalid","status":"passed","title":"should have the is-invalid class if invalid","duration":113.10000000149012,"failureMessages":[],"meta":{},"tags":[]},{"ancestorTitles":["BirthYearInput"],"fullName":"BirthYearInput should be disabled if the form control is disabled","status":"passed","title":"should be disabled if the form control is disabled","duration":66.40000000596046,"failureMessages":[],"meta":{},"tags":[]},{"ancestorTitles":["BirthYearInput"],"fullName":"BirthYearInput should mark the field as touched on blur","status":"passed","title":"should mark the field as touched on blur","duration":281.3999999985099,"failureMessages":[],"meta":{},"tags":[]}],"startTime":1782363025110,"endTime":1782363028074.4,"status":"passed","message":"","name":"D:/Projects/Angular/22. State management/Exercise/ponyracer/src/app/birth-year-input/birth-year-input.spec.ts"},{"assertionResults":[{"ancestorTitles":["Home"],"fullName":"Home should display the title and quote","status":"passed","title":"should display the title and quote","duration":16.799999997019768,"failureMessages":[],"meta":{},"tags":[]},{"ancestorTitles":["Home"],"fullName":"Home should display a link to go to the login page and another to the register page","status":"passed","title":"should display a link to go to the login page and another to the register page","duration":60.5,"failureMessages":[],"meta":{},"tags":[]},{"ancestorTitles":["Home"],"fullName":"Home should display only a link to go the races page if logged in","status":"passed","title":"should display only a link to go the races page if logged in","duration":19.700000002980232,"failureMessages":[],"meta":{},"tags":[]}],"startTime":1782363029192,"endTime":1782363029289.7,"status":"passed","message":"","name":"D:/Projects/Angular/22. State management/Exercise/ponyracer/src/app/home/home.spec.ts"},{"assertionResults":[{"ancestorTitles":["Login"],"fullName":"Login should have a title","status":"passed","title":"should have a title","duration":309.8999999985099,"failureMessages":[],"meta":{},"tags":[]},{"ancestorTitles":["Login"],"fullName":"Login should display error messages if fields are touched and invalid","status":"passed","title":"should display error messages if fields are touched and invalid","duration":887.5,"failureMessages":[],"meta":{},"tags":[]},{"ancestorTitles":["Login"],"fullName":"Login should displays errors on submit if the form is invalid","status":"passed","title":"should displays errors on submit if the form is invalid","duration":561.3999999985099,"failureMessages":[],"meta":{},"tags":[]},{"ancestorTitles":["Login"],"fullName":"Login should call the user service and redirect if success","status":"passed","title":"should call the user service and redirect if success","duration":523.1000000014901,"failureMessages":[],"meta":{},"tags":[]},{"ancestorTitles":["Login"],"fullName":"Login should call the user service and display a message if failed","status":"passed","title":"should call the user service and display a message if failed","duration":435.6000000014901,"failureMessages":[],"meta":{},"tags":[]}],"startTime":1782363025366,"endTime":1782363028084.6,"status":"passed","message":"","name":"D:/Projects/Angular/22. State management/Exercise/ponyracer/src/app/login/login.spec.ts"},{"assertionResults":[{"ancestorTitles":["Menu"],"fullName":"Menu should toggle the class on click","status":"passed","title":"should toggle the class on click","duration":595,"failureMessages":[],"meta":{},"tags":[]},{"ancestorTitles":["Menu"],"fullName":"Menu should use routerLink to navigate","status":"passed","title":"should use routerLink to navigate","duration":62.80000000447035,"failureMessages":[],"meta":{},"tags":[]},{"ancestorTitles":["Menu"],"fullName":"Menu should display the user if logged in","status":"passed","title":"should display the user if logged in","duration":24.900000005960464,"failureMessages":[],"meta":{},"tags":[]},{"ancestorTitles":["Menu"],"fullName":"Menu should display a logout button","status":"passed","title":"should display a logout button","duration":874.3999999985099,"failureMessages":[],"meta":{},"tags":[]}],"startTime":1782363028460,"endTime":1782363030017.4,"status":"passed","message":"","name":"D:/Projects/Angular/22. State management/Exercise/ponyracer/src/app/menu/menu.spec.ts"},{"assertionResults":[{"ancestorTitles":["Pony"],"fullName":"Pony should display an image and a legend","status":"passed","title":"should display an image and a legend","duration":81.80000000447035,"failureMessages":[],"meta":{},"tags":[]},{"ancestorTitles":["Pony"],"fullName":"Pony should emit an event on click","status":"passed","title":"should emit an event on click","duration":254.10000000149012,"failureMessages":[],"meta":{},"tags":[]}],"startTime":1782363028299,"endTime":1782363028635.1,"status":"passed","message":"","name":"D:/Projects/Angular/22. State management/Exercise/ponyracer/src/app/pony/pony.spec.ts"},{"assertionResults":[{"ancestorTitles":["Race"],"fullName":"Race should display a race name and its ponies","status":"passed","title":"should display a race name and its ponies","duration":48.70000000298023,"failureMessages":[],"meta":{},"tags":[]}],"startTime":1782363029561,"endTime":1782363029609.7,"status":"passed","message":"","name":"D:/Projects/Angular/22. State management/Exercise/ponyracer/src/app/race/race.spec.ts"},{"assertionResults":[{"ancestorTitles":["Races"],"fullName":"Races should display every race","status":"passed","title":"should display every race","duration":83.10000000149012,"failureMessages":[],"meta":{},"tags":[]},{"ancestorTitles":["Races"],"fullName":"Races should display a loading message while races are loading","status":"passed","title":"should display a loading message while races are loading","duration":27.399999998509884,"failureMessages":[],"meta":{},"tags":[]},{"ancestorTitles":["Races"],"fullName":"Races should display an error message if loading races failed","status":"passed","title":"should display an error message if loading races failed","duration":35.600000001490116,"failureMessages":[],"meta":{},"tags":[]}],"startTime":1782363028876,"endTime":1782363029022.6,"status":"passed","message":"","name":"D:/Projects/Angular/22. State management/Exercise/ponyracer/src/app/races/races.spec.ts"},{"assertionResults":[{"ancestorTitles":["Register"],"fullName":"Register should validate the login input","status":"passed","title":"should validate the login input","duration":1494.6000000014901,"failureMessages":[],"meta":{},"tags":[]},{"ancestorTitles":["Register"],"fullName":"Register should validate the password input","status":"passed","title":"should validate the password input","duration":169.79999999701977,"failureMessages":[],"meta":{},"tags":[]},{"ancestorTitles":["Register"],"fullName":"Register should validate the password confirmation input","status":"passed","title":"should validate the password confirmation input","duration":228.39999999850988,"failureMessages":[],"meta":{},"tags":[]},{"ancestorTitles":["Register"],"fullName":"Register should validate that passwords match","status":"passed","title":"should validate that passwords match","duration":357.70000000298023,"failureMessages":[],"meta":{},"tags":[]},{"ancestorTitles":["Register"],"fullName":"Register should validate the birth year","status":"passed","title":"should validate the birth year","duration":558,"failureMessages":[],"meta":{},"tags":[]},{"ancestorTitles":["Register"],"fullName":"Register should displays errors on submit if the form is invalid","status":"passed","title":"should displays errors on submit if the form is invalid","duration":439.80000000447035,"failureMessages":[],"meta":{},"tags":[]},{"ancestorTitles":["Register"],"fullName":"Register should call the user service to register","status":"passed","title":"should call the user service to register","duration":730.2000000029802,"failureMessages":[],"meta":{},"tags":[]},{"ancestorTitles":["Register"],"fullName":"Register should display an error message if registration fails","status":"passed","title":"should display an error message if registration fails","duration":987.2999999970198,"failureMessages":[],"meta":{},"tags":[]}],"startTime":1782363025375,"endTime":1782363030341.3,"status":"passed","message":"","name":"D:/Projects/Angular/22. State management/Exercise/ponyracer/src/app/register/register.spec.ts"},{"assertionResults":[{"ancestorTitles":["RaceService"],"fullName":"RaceService should list races","status":"passed","title":"should list races","duration":20.899999998509884,"failureMessages":[],"meta":{},"tags":[]}],"startTime":1782363030231,"endTime":1782363030251.9,"status":"passed","message":"","name":"D:/Projects/Angular/22. State management/Exercise/ponyracer/src/app/services/race-service.spec.ts"},{"assertionResults":[{"ancestorTitles":["UserService"],"fullName":"UserService should authenticate and store a user","status":"passed","title":"should authenticate and store a user","duration":33.5,"failureMessages":[],"meta":{},"tags":[]},{"ancestorTitles":["UserService"],"fullName":"UserService should register a user","status":"passed","title":"should register a user","duration":9.700000002980232,"failureMessages":[],"meta":{},"tags":[]},{"ancestorTitles":["UserService"],"fullName":"UserService should retrieve a user if one is stored","status":"passed","title":"should retrieve a user if one is stored","duration":11.699999995529652,"failureMessages":[],"meta":{},"tags":[]},{"ancestorTitles":["UserService"],"fullName":"UserService should retrieve no user if none stored","status":"passed","title":"should retrieve no user if none stored","duration":7.399999998509884,"failureMessages":[],"meta":{},"tags":[]},{"ancestorTitles":["UserService"],"fullName":"UserService should logout the user","status":"passed","title":"should logout the user","duration":11,"failureMessages":[],"meta":{},"tags":[]}],"startTime":1782363029993,"endTime":1782363030067,"status":"passed","message":"","name":"D:/Projects/Angular/22. State management/Exercise/ponyracer/src/app/services/user-service.spec.ts"},{"assertionResults":[{"ancestorTitles":["PrettyDatePipe"],"fullName":"PrettyDatePipe should transform the input","status":"passed","title":"should transform the input","duration":5.799999997019768,"failureMessages":[],"meta":{},"tags":[]}],"startTime":1782363030376,"endTime":1782363030381.8,"status":"passed","message":"","name":"D:/Projects/Angular/22. State management/Exercise/ponyracer/src/app/shared/pipes/pretty-date-pipe.spec.ts"}]}