{"numTotalTestSuites":24,"numPassedTestSuites":24,"numFailedTestSuites":0,"numPendingTestSuites":0,"numTotalTests":45,"numPassedTests":45,"numFailedTests":0,"numPendingTests":0,"numTodoTests":0,"snapshot":{"added":0,"failure":false,"filesAdded":0,"filesRemoved":0,"filesRemovedList":[],"filesUnmatched":0,"filesUpdated":0,"matched":0,"total":0,"unchecked":0,"uncheckedKeysByFile":[],"unmatched":0,"updated":0,"didUpdate":false},"startTime":1782040245950,"success":true,"testResults":[{"assertionResults":[{"ancestorTitles":["App"],"fullName":"App should have a router outlet","status":"passed","title":"should have a router outlet","duration":10.699999999254942,"failureMessages":[],"meta":{},"tags":[]},{"ancestorTitles":["App"],"fullName":"App should display the menu component","status":"passed","title":"should display the menu component","duration":9.900000002235174,"failureMessages":[],"meta":{},"tags":[]}],"startTime":1782040282711,"endTime":1782040282731.9,"status":"passed","message":"","name":"D:/Projects/Angular v20.2.0/22. State management/Exercise/ponyracer/src/app/app.spec.ts"},{"assertionResults":[{"ancestorTitles":["BirthYearInput"],"fullName":"BirthYearInput should display the initial value and update it","status":"passed","title":"should display the initial value and update it","duration":539.5,"failureMessages":[],"meta":{},"tags":[]},{"ancestorTitles":["BirthYearInput"],"fullName":"BirthYearInput should transform negative value","status":"passed","title":"should transform negative value","duration":93.79999999701977,"failureMessages":[],"meta":{},"tags":[]},{"ancestorTitles":["BirthYearInput"],"fullName":"BirthYearInput should transform value less than 1900","status":"passed","title":"should transform value less than 1900","duration":99,"failureMessages":[],"meta":{},"tags":[]},{"ancestorTitles":["BirthYearInput"],"fullName":"BirthYearInput should transform value greater than current year","status":"passed","title":"should transform value greater than current year","duration":80.59999999776483,"failureMessages":[],"meta":{},"tags":[]},{"ancestorTitles":["BirthYearInput"],"fullName":"BirthYearInput should transform value after 1900 and before current year","status":"passed","title":"should transform value after 1900 and before current year","duration":99.89999999850988,"failureMessages":[],"meta":{},"tags":[]},{"ancestorTitles":["BirthYearInput"],"fullName":"BirthYearInput should transform value greater than 100 and lower than 1900","status":"passed","title":"should transform value greater than 100 and lower than 1900","duration":52.5,"failureMessages":[],"meta":{},"tags":[]},{"ancestorTitles":["BirthYearInput"],"fullName":"BirthYearInput should transform value less than 100 and after current year","status":"passed","title":"should transform value less than 100 and after current year","duration":67.5,"failureMessages":[],"meta":{},"tags":[]},{"ancestorTitles":["BirthYearInput"],"fullName":"BirthYearInput should transform value less than 100 and before current year","status":"passed","title":"should transform value less than 100 and before current year","duration":68,"failureMessages":[],"meta":{},"tags":[]},{"ancestorTitles":["BirthYearInput"],"fullName":"BirthYearInput should propagate null when the value is cleared","status":"passed","title":"should propagate null when the value is cleared","duration":101.30000000074506,"failureMessages":[],"meta":{},"tags":[]},{"ancestorTitles":["BirthYearInput"],"fullName":"BirthYearInput should have the is-invalid class if invalid","status":"passed","title":"should have the is-invalid class if invalid","duration":78.5,"failureMessages":[],"meta":{},"tags":[]},{"ancestorTitles":["BirthYearInput"],"fullName":"BirthYearInput should be disabled if the form control is disabled","status":"passed","title":"should be disabled if the form control is disabled","duration":28.5,"failureMessages":[],"meta":{},"tags":[]},{"ancestorTitles":["BirthYearInput"],"fullName":"BirthYearInput should mark the field as touched on blur","status":"passed","title":"should mark the field as touched on blur","duration":218.80000000074506,"failureMessages":[],"meta":{},"tags":[]}],"startTime":1782040280217,"endTime":1782040281746.8,"status":"passed","message":"","name":"D:/Projects/Angular v20.2.0/22. State management/Exercise/ponyracer/src/app/birth-year-input/birth-year-input.spec.ts"},{"assertionResults":[{"ancestorTitles":["Home"],"fullName":"Home should display the title and quote","status":"passed","title":"should display the title and quote","duration":11.899999998509884,"failureMessages":[],"meta":{},"tags":[]},{"ancestorTitles":["Home"],"fullName":"Home should display a link to go to the login page and another to the register page","status":"passed","title":"should display a link to go to the login page and another to the register page","duration":42,"failureMessages":[],"meta":{},"tags":[]},{"ancestorTitles":["Home"],"fullName":"Home should display only a link to go the races page if logged in","status":"passed","title":"should display only a link to go the races page if logged in","duration":14.899999998509884,"failureMessages":[],"meta":{},"tags":[]}],"startTime":1782040282751,"endTime":1782040282819.9,"status":"passed","message":"","name":"D:/Projects/Angular v20.2.0/22. State management/Exercise/ponyracer/src/app/home/home.spec.ts"},{"assertionResults":[{"ancestorTitles":["Login"],"fullName":"Login should have a title","status":"passed","title":"should have a title","duration":154.40000000223517,"failureMessages":[],"meta":{},"tags":[]},{"ancestorTitles":["Login"],"fullName":"Login should display error messages if fields are touched and invalid","status":"passed","title":"should display error messages if fields are touched and invalid","duration":527.1999999992549,"failureMessages":[],"meta":{},"tags":[]},{"ancestorTitles":["Login"],"fullName":"Login should displays errors on submit if the form is invalid","status":"passed","title":"should displays errors on submit if the form is invalid","duration":235.09999999776483,"failureMessages":[],"meta":{},"tags":[]},{"ancestorTitles":["Login"],"fullName":"Login should call the user service and redirect if success","status":"passed","title":"should call the user service and redirect if success","duration":238.10000000149012,"failureMessages":[],"meta":{},"tags":[]},{"ancestorTitles":["Login"],"fullName":"Login should call the user service and display a message if failed","status":"passed","title":"should call the user service and display a message if failed","duration":217.39999999850988,"failureMessages":[],"meta":{},"tags":[]}],"startTime":1782040280268,"endTime":1782040281641.4,"status":"passed","message":"","name":"D:/Projects/Angular v20.2.0/22. State management/Exercise/ponyracer/src/app/login/login.spec.ts"},{"assertionResults":[{"ancestorTitles":["Menu"],"fullName":"Menu should toggle the class on click","status":"passed","title":"should toggle the class on click","duration":290.9000000022352,"failureMessages":[],"meta":{},"tags":[]},{"ancestorTitles":["Menu"],"fullName":"Menu should use routerLink to navigate","status":"passed","title":"should use routerLink to navigate","duration":33.69999999925494,"failureMessages":[],"meta":{},"tags":[]},{"ancestorTitles":["Menu"],"fullName":"Menu should display the user if logged in","status":"passed","title":"should display the user if logged in","duration":15.599999997764826,"failureMessages":[],"meta":{},"tags":[]},{"ancestorTitles":["Menu"],"fullName":"Menu should display a logout button","status":"passed","title":"should display a logout button","duration":484.1000000014901,"failureMessages":[],"meta":{},"tags":[]}],"startTime":1782040281768,"endTime":1782040282592.1,"status":"passed","message":"","name":"D:/Projects/Angular v20.2.0/22. State management/Exercise/ponyracer/src/app/menu/menu.spec.ts"},{"assertionResults":[{"ancestorTitles":["Pony"],"fullName":"Pony should display an image and a legend","status":"passed","title":"should display an image and a legend","duration":68,"failureMessages":[],"meta":{},"tags":[]},{"ancestorTitles":["Pony"],"fullName":"Pony should emit an event on click","status":"passed","title":"should emit an event on click","duration":127.89999999850988,"failureMessages":[],"meta":{},"tags":[]}],"startTime":1782040281864,"endTime":1782040282059.9,"status":"passed","message":"","name":"D:/Projects/Angular v20.2.0/22. State management/Exercise/ponyracer/src/app/pony/pony.spec.ts"},{"assertionResults":[{"ancestorTitles":["Race"],"fullName":"Race should display a race name and its ponies","status":"passed","title":"should display a race name and its ponies","duration":27,"failureMessages":[],"meta":{},"tags":[]}],"startTime":1782040282393,"endTime":1782040282420,"status":"passed","message":"","name":"D:/Projects/Angular v20.2.0/22. State management/Exercise/ponyracer/src/app/race/race.spec.ts"},{"assertionResults":[{"ancestorTitles":["Races"],"fullName":"Races should display every race","status":"passed","title":"should display every race","duration":58.5,"failureMessages":[],"meta":{},"tags":[]},{"ancestorTitles":["Races"],"fullName":"Races should display a loading message while races are loading","status":"passed","title":"should display a loading message while races are loading","duration":14.5,"failureMessages":[],"meta":{},"tags":[]},{"ancestorTitles":["Races"],"fullName":"Races should display an error message if loading races failed","status":"passed","title":"should display an error message if loading races failed","duration":13.5,"failureMessages":[],"meta":{},"tags":[]}],"startTime":1782040282215,"endTime":1782040282301.5,"status":"passed","message":"","name":"D:/Projects/Angular v20.2.0/22. State management/Exercise/ponyracer/src/app/races/races.spec.ts"},{"assertionResults":[{"ancestorTitles":["Register"],"fullName":"Register should validate the login input","status":"passed","title":"should validate the login input","duration":704.9000000022352,"failureMessages":[],"meta":{},"tags":[]},{"ancestorTitles":["Register"],"fullName":"Register should validate the password input","status":"passed","title":"should validate the password input","duration":78.60000000149012,"failureMessages":[],"meta":{},"tags":[]},{"ancestorTitles":["Register"],"fullName":"Register should validate the password confirmation input","status":"passed","title":"should validate the password confirmation input","duration":100.29999999701977,"failureMessages":[],"meta":{},"tags":[]},{"ancestorTitles":["Register"],"fullName":"Register should validate that passwords match","status":"passed","title":"should validate that passwords match","duration":189.10000000149012,"failureMessages":[],"meta":{},"tags":[]},{"ancestorTitles":["Register"],"fullName":"Register should validate the birth year","status":"passed","title":"should validate the birth year","duration":276.69999999925494,"failureMessages":[],"meta":{},"tags":[]},{"ancestorTitles":["Register"],"fullName":"Register should displays errors on submit if the form is invalid","status":"passed","title":"should displays errors on submit if the form is invalid","duration":211.90000000223517,"failureMessages":[],"meta":{},"tags":[]},{"ancestorTitles":["Register"],"fullName":"Register should call the user service to register","status":"passed","title":"should call the user service to register","duration":370.0999999977648,"failureMessages":[],"meta":{},"tags":[]},{"ancestorTitles":["Register"],"fullName":"Register should display an error message if registration fails","status":"passed","title":"should display an error message if registration fails","duration":548.8999999985099,"failureMessages":[],"meta":{},"tags":[]}],"startTime":1782040280268,"endTime":1782040282748.9,"status":"passed","message":"","name":"D:/Projects/Angular v20.2.0/22. State management/Exercise/ponyracer/src/app/register/register.spec.ts"},{"assertionResults":[{"ancestorTitles":["RaceService"],"fullName":"RaceService should list races","status":"passed","title":"should list races","duration":17.699999999254942,"failureMessages":[],"meta":{},"tags":[]}],"startTime":1782040282818,"endTime":1782040282835.7,"status":"passed","message":"","name":"D:/Projects/Angular v20.2.0/22. State management/Exercise/ponyracer/src/app/services/race-service.spec.ts"},{"assertionResults":[{"ancestorTitles":["UserService"],"fullName":"UserService should authenticate a user","status":"passed","title":"should authenticate a user","duration":10.100000001490116,"failureMessages":[],"meta":{},"tags":[]},{"ancestorTitles":["UserService"],"fullName":"UserService should register a user","status":"passed","title":"should register a user","duration":6.600000001490116,"failureMessages":[],"meta":{},"tags":[]},{"ancestorTitles":["UserService"],"fullName":"UserService should logout the user","status":"passed","title":"should logout the user","duration":4.900000002235174,"failureMessages":[],"meta":{},"tags":[]}],"startTime":1782040282831,"endTime":1782040282852.9,"status":"passed","message":"","name":"D:/Projects/Angular v20.2.0/22. State management/Exercise/ponyracer/src/app/services/user-service.spec.ts"},{"assertionResults":[{"ancestorTitles":["PrettyDatePipe"],"fullName":"PrettyDatePipe should transform the input","status":"passed","title":"should transform the input","duration":1,"failureMessages":[],"meta":{},"tags":[]}],"startTime":1782040282888,"endTime":1782040282889,"status":"passed","message":"","name":"D:/Projects/Angular v20.2.0/22. State management/Exercise/ponyracer/src/app/shared/pipes/pretty-date-pipe.spec.ts"}]}