{"numTotalTestSuites":33,"numPassedTestSuites":33,"numFailedTestSuites":0,"numPendingTestSuites":0,"numTotalTests":82,"numPassedTests":82,"numFailedTests":0,"numPendingTests":0,"numTodoTests":0,"snapshot":{"added":0,"failure":false,"filesAdded":0,"filesRemoved":0,"filesRemovedList":[],"filesUnmatched":0,"filesUpdated":0,"matched":0,"total":0,"unchecked":0,"uncheckedKeysByFile":[],"unmatched":0,"updated":0,"didUpdate":false},"startTime":1783611166162,"success":true,"testResults":[{"assertionResults":[{"ancestorTitles":["App"],"fullName":"App should have a router outlet","status":"passed","title":"should have a router outlet","duration":24.799999982118607,"failureMessages":[],"meta":{},"tags":[]},{"ancestorTitles":["App"],"fullName":"App should display the menu component","status":"passed","title":"should display the menu component","duration":17.30000001192093,"failureMessages":[],"meta":{},"tags":[]}],"startTime":1783611180781,"endTime":1783611180822.3,"status":"passed","message":"","name":"D:/Projects/Angular/25. Advanced observables/Exercise/ponyracer - WebSockets implemented from chapter 17/src/app/app.spec.ts"},{"assertionResults":[{"ancestorTitles":["jwtInterceptor"],"fullName":"jwtInterceptor should do nothing if no jwt token","status":"passed","title":"should do nothing if no jwt token","duration":10.699999988079071,"failureMessages":[],"meta":{},"tags":[]},{"ancestorTitles":["jwtInterceptor"],"fullName":"jwtInterceptor should send a jwt token","status":"passed","title":"should send a jwt token","duration":8.300000011920929,"failureMessages":[],"meta":{},"tags":[]}],"startTime":1783611181218,"endTime":1783611181237.3,"status":"passed","message":"","name":"D:/Projects/Angular/25. Advanced observables/Exercise/ponyracer - WebSockets implemented from chapter 17/src/app/jwt-interceptor.spec.ts"},{"assertionResults":[{"ancestorTitles":["Bet"],"fullName":"Bet should display a race, its date and its ponies","status":"passed","title":"should display a race, its date and its ponies","duration":122.30000001192093,"failureMessages":[],"meta":{},"tags":[]},{"ancestorTitles":["Bet"],"fullName":"Bet should trigger a bet when a pony is clicked","status":"passed","title":"should trigger a bet when a pony is clicked","duration":211.69999998807907,"failureMessages":[],"meta":{},"tags":[]},{"ancestorTitles":["Bet"],"fullName":"Bet should display an error message if bet failed","status":"passed","title":"should display an error message if bet failed","duration":336.59999999403954,"failureMessages":[],"meta":{},"tags":[]},{"ancestorTitles":["Bet"],"fullName":"Bet should display a loading message while loading the race","status":"passed","title":"should display a loading message while loading the race","duration":22.799999982118607,"failureMessages":[],"meta":{},"tags":[]},{"ancestorTitles":["Bet"],"fullName":"Bet should display an error message if loading the race failed","status":"passed","title":"should display an error message if loading the race failed","duration":24,"failureMessages":[],"meta":{},"tags":[]},{"ancestorTitles":["Bet"],"fullName":"Bet should cancel a bet","status":"passed","title":"should cancel a bet","duration":173.59999999403954,"failureMessages":[],"meta":{},"tags":[]},{"ancestorTitles":["Bet"],"fullName":"Bet should display a message if canceling a bet fails","status":"passed","title":"should display a message if canceling a bet fails","duration":156.10000002384186,"failureMessages":[],"meta":{},"tags":[]},{"ancestorTitles":["Bet"],"fullName":"Bet should display a link to go to live","status":"passed","title":"should display a link to go to live","duration":41.79999998211861,"failureMessages":[],"meta":{},"tags":[]}],"startTime":1783611178862,"endTime":1783611179951.8,"status":"passed","message":"","name":"D:/Projects/Angular/25. Advanced observables/Exercise/ponyracer - WebSockets implemented from chapter 17/src/app/bet/bet.spec.ts"},{"assertionResults":[{"ancestorTitles":["BirthYearInput"],"fullName":"BirthYearInput should display the initial value and update it","status":"passed","title":"should display the initial value and update it","duration":1049.9000000059605,"failureMessages":[],"meta":{},"tags":[]},{"ancestorTitles":["BirthYearInput"],"fullName":"BirthYearInput should transform negative value","status":"passed","title":"should transform negative value","duration":237.30000001192093,"failureMessages":[],"meta":{},"tags":[]},{"ancestorTitles":["BirthYearInput"],"fullName":"BirthYearInput should transform value less than 1900","status":"passed","title":"should transform value less than 1900","duration":237.19999998807907,"failureMessages":[],"meta":{},"tags":[]},{"ancestorTitles":["BirthYearInput"],"fullName":"BirthYearInput should transform value greater than current year","status":"passed","title":"should transform value greater than current year","duration":182.69999998807907,"failureMessages":[],"meta":{},"tags":[]},{"ancestorTitles":["BirthYearInput"],"fullName":"BirthYearInput should transform value after 1900 and before current year","status":"passed","title":"should transform value after 1900 and before current year","duration":330,"failureMessages":[],"meta":{},"tags":[]},{"ancestorTitles":["BirthYearInput"],"fullName":"BirthYearInput should transform value greater than 100 and lower than 1900","status":"passed","title":"should transform value greater than 100 and lower than 1900","duration":96.59999999403954,"failureMessages":[],"meta":{},"tags":[]},{"ancestorTitles":["BirthYearInput"],"fullName":"BirthYearInput should transform value less than 100 and after current year","status":"passed","title":"should transform value less than 100 and after current year","duration":115.90000000596046,"failureMessages":[],"meta":{},"tags":[]},{"ancestorTitles":["BirthYearInput"],"fullName":"BirthYearInput should transform value less than 100 and before current year","status":"passed","title":"should transform value less than 100 and before current year","duration":133.69999998807907,"failureMessages":[],"meta":{},"tags":[]},{"ancestorTitles":["BirthYearInput"],"fullName":"BirthYearInput should propagate null when the value is cleared","status":"passed","title":"should propagate null when the value is cleared","duration":127.89999997615814,"failureMessages":[],"meta":{},"tags":[]},{"ancestorTitles":["BirthYearInput"],"fullName":"BirthYearInput should have the is-invalid class if invalid","status":"passed","title":"should have the is-invalid class if invalid","duration":126,"failureMessages":[],"meta":{},"tags":[]},{"ancestorTitles":["BirthYearInput"],"fullName":"BirthYearInput should be disabled if the form control is disabled","status":"passed","title":"should be disabled if the form control is disabled","duration":39.599999994039536,"failureMessages":[],"meta":{},"tags":[]},{"ancestorTitles":["BirthYearInput"],"fullName":"BirthYearInput should mark the field as touched on blur","status":"passed","title":"should mark the field as touched on blur","duration":289.90000000596046,"failureMessages":[],"meta":{},"tags":[]}],"startTime":1783611174430,"endTime":1783611177397.9,"status":"passed","message":"","name":"D:/Projects/Angular/25. Advanced observables/Exercise/ponyracer - WebSockets implemented from chapter 17/src/app/birth-year-input/birth-year-input.spec.ts"},{"assertionResults":[{"ancestorTitles":["Home"],"fullName":"Home should display the title and quote","status":"passed","title":"should display the title and quote","duration":16.19999998807907,"failureMessages":[],"meta":{},"tags":[]},{"ancestorTitles":["Home"],"fullName":"Home should display a link to go to the login page and another to the register page","status":"passed","title":"should display a link to go to the login page and another to the register page","duration":33.5,"failureMessages":[],"meta":{},"tags":[]},{"ancestorTitles":["Home"],"fullName":"Home should display only a link to go the races page if logged in","status":"passed","title":"should display only a link to go the races page if logged in","duration":18.099999994039536,"failureMessages":[],"meta":{},"tags":[]}],"startTime":1783611180497,"endTime":1783611180564.1,"status":"passed","message":"","name":"D:/Projects/Angular/25. Advanced observables/Exercise/ponyracer - WebSockets implemented from chapter 17/src/app/home/home.spec.ts"},{"assertionResults":[{"ancestorTitles":["Live"],"fullName":"Live should change the race status once the race is RUNNING","status":"passed","title":"should change the race status once the race is RUNNING","duration":490.59999999403954,"failureMessages":[],"meta":{},"tags":[]},{"ancestorTitles":["Live"],"fullName":"Live should unsubscribe on destruction","status":"passed","title":"should unsubscribe on destruction","duration":82.7000000178814,"failureMessages":[],"meta":{},"tags":[]},{"ancestorTitles":["Live"],"fullName":"Live should display the pending race","status":"passed","title":"should display the pending race","duration":93.69999998807907,"failureMessages":[],"meta":{},"tags":[]},{"ancestorTitles":["Live"],"fullName":"Live should display the running race","status":"passed","title":"should display the running race","duration":97.2000000178814,"failureMessages":[],"meta":{},"tags":[]},{"ancestorTitles":["Live"],"fullName":"Live should display the finished race","status":"passed","title":"should display the finished race","duration":98.59999999403954,"failureMessages":[],"meta":{},"tags":[]},{"ancestorTitles":["Live"],"fullName":"Live should display a message when the race is lost","status":"passed","title":"should display a message when the race is lost","duration":63.900000005960464,"failureMessages":[],"meta":{},"tags":[]},{"ancestorTitles":["Live"],"fullName":"Live should display a message when the race is over","status":"passed","title":"should display a message when the race is over","duration":49.099999994039536,"failureMessages":[],"meta":{},"tags":[]},{"ancestorTitles":["Live"],"fullName":"Live should display a message when an error occurred","status":"passed","title":"should display a message when an error occurred","duration":54.70000001788139,"failureMessages":[],"meta":{},"tags":[]},{"ancestorTitles":["Live","with boost"],"fullName":"Live with boost should buffer clicks over a second and call the boost method","status":"passed","title":"should buffer clicks over a second and call the boost method","duration":2734.300000011921,"failureMessages":[],"meta":{},"tags":[]},{"ancestorTitles":["Live","with boost"],"fullName":"Live with boost should filter click buffer that are not at least 5","status":"passed","title":"should filter click buffer that are not at least 5","duration":1522.300000011921,"failureMessages":[],"meta":{},"tags":[]},{"ancestorTitles":["Live","with boost"],"fullName":"Live with boost should throttle repeated boosts","status":"passed","title":"should throttle repeated boosts","duration":1837.0999999940395,"failureMessages":[],"meta":{},"tags":[]},{"ancestorTitles":["Live","with boost"],"fullName":"Live with boost should catch a boost error","status":"passed","title":"should catch a boost error","duration":722.3000000119209,"failureMessages":[],"meta":{},"tags":[]}],"startTime":1783611174399,"endTime":1783611182247.3,"status":"passed","message":"","name":"D:/Projects/Angular/25. Advanced observables/Exercise/ponyracer - WebSockets implemented from chapter 17/src/app/live/live.spec.ts"},{"assertionResults":[{"ancestorTitles":["Login"],"fullName":"Login should have a title","status":"passed","title":"should have a title","duration":122.80000001192093,"failureMessages":[],"meta":{},"tags":[]},{"ancestorTitles":["Login"],"fullName":"Login should display error messages if fields are touched and invalid","status":"passed","title":"should display error messages if fields are touched and invalid","duration":320.80000001192093,"failureMessages":[],"meta":{},"tags":[]},{"ancestorTitles":["Login"],"fullName":"Login should displays errors on submit if the form is invalid","status":"passed","title":"should displays errors on submit if the form is invalid","duration":203.2999999821186,"failureMessages":[],"meta":{},"tags":[]},{"ancestorTitles":["Login"],"fullName":"Login should call the user service and redirect if success","status":"passed","title":"should call the user service and redirect if success","duration":368.60000002384186,"failureMessages":[],"meta":{},"tags":[]},{"ancestorTitles":["Login"],"fullName":"Login should call the user service and display a message if failed","status":"passed","title":"should call the user service and display a message if failed","duration":375.89999997615814,"failureMessages":[],"meta":{},"tags":[]}],"startTime":1783611177808,"endTime":1783611179199.9,"status":"passed","message":"","name":"D:/Projects/Angular/25. Advanced observables/Exercise/ponyracer - WebSockets implemented from chapter 17/src/app/login/login.spec.ts"},{"assertionResults":[{"ancestorTitles":["Menu"],"fullName":"Menu should toggle the class on click","status":"passed","title":"should toggle the class on click","duration":307.90000000596046,"failureMessages":[],"meta":{},"tags":[]},{"ancestorTitles":["Menu"],"fullName":"Menu should use routerLink to navigate","status":"passed","title":"should use routerLink to navigate","duration":39.599999994039536,"failureMessages":[],"meta":{},"tags":[]},{"ancestorTitles":["Menu"],"fullName":"Menu should display the user if logged in","status":"passed","title":"should display the user if logged in","duration":19.5,"failureMessages":[],"meta":{},"tags":[]},{"ancestorTitles":["Menu"],"fullName":"Menu should display a logout button","status":"passed","title":"should display a logout button","duration":401.19999998807907,"failureMessages":[],"meta":{},"tags":[]},{"ancestorTitles":["Menu"],"fullName":"Menu should listen to score updates","status":"passed","title":"should listen to score updates","duration":227.7000000178814,"failureMessages":[],"meta":{},"tags":[]}],"startTime":1783611179364,"endTime":1783611180359.7,"status":"passed","message":"","name":"D:/Projects/Angular/25. Advanced observables/Exercise/ponyracer - WebSockets implemented from chapter 17/src/app/menu/menu.spec.ts"},{"assertionResults":[{"ancestorTitles":["Pony"],"fullName":"Pony should display an image and a legend","status":"passed","title":"should display an image and a legend","duration":40.599999994039536,"failureMessages":[],"meta":{},"tags":[]},{"ancestorTitles":["Pony"],"fullName":"Pony should emit an event on click","status":"passed","title":"should emit an event on click","duration":139.60000002384186,"failureMessages":[],"meta":{},"tags":[]},{"ancestorTitles":["Pony"],"fullName":"Pony should display a running pony","status":"passed","title":"should display a running pony","duration":19.099999994039536,"failureMessages":[],"meta":{},"tags":[]},{"ancestorTitles":["Pony"],"fullName":"Pony should display a boosted pony","status":"passed","title":"should display a boosted pony","duration":15,"failureMessages":[],"meta":{},"tags":[]}],"startTime":1783611180077,"endTime":1783611180292,"status":"passed","message":"","name":"D:/Projects/Angular/25. Advanced observables/Exercise/ponyracer - WebSockets implemented from chapter 17/src/app/pony/pony.spec.ts"},{"assertionResults":[{"ancestorTitles":["Race"],"fullName":"Race should display a race name and its ponies","status":"passed","title":"should display a race name and its ponies","duration":27.80000001192093,"failureMessages":[],"meta":{},"tags":[]}],"startTime":1783611180690,"endTime":1783611180717.8,"status":"passed","message":"","name":"D:/Projects/Angular/25. Advanced observables/Exercise/ponyracer - WebSockets implemented from chapter 17/src/app/race/race.spec.ts"},{"assertionResults":[{"ancestorTitles":["Races"],"fullName":"Races should display every race","status":"passed","title":"should display every race","duration":39.19999998807907,"failureMessages":[],"meta":{},"tags":[]},{"ancestorTitles":["Races"],"fullName":"Races should display a loading message while races are loading","status":"passed","title":"should display a loading message while races are loading","duration":17.30000001192093,"failureMessages":[],"meta":{},"tags":[]},{"ancestorTitles":["Races"],"fullName":"Races should display an error message if loading races failed","status":"passed","title":"should display an error message if loading races failed","duration":19,"failureMessages":[],"meta":{},"tags":[]},{"ancestorTitles":["Races"],"fullName":"Races should display a link to bet on a race","status":"passed","title":"should display a link to bet on a race","duration":34,"failureMessages":[],"meta":{},"tags":[]}],"startTime":1783611180455,"endTime":1783611180565,"status":"passed","message":"","name":"D:/Projects/Angular/25. Advanced observables/Exercise/ponyracer - WebSockets implemented from chapter 17/src/app/races/races.spec.ts"},{"assertionResults":[{"ancestorTitles":["Register"],"fullName":"Register should validate the login input","status":"passed","title":"should validate the login input","duration":1404.5,"failureMessages":[],"meta":{},"tags":[]},{"ancestorTitles":["Register"],"fullName":"Register should validate the password input","status":"passed","title":"should validate the password input","duration":377.7999999821186,"failureMessages":[],"meta":{},"tags":[]},{"ancestorTitles":["Register"],"fullName":"Register should validate the password confirmation input","status":"passed","title":"should validate the password confirmation input","duration":238.39999997615814,"failureMessages":[],"meta":{},"tags":[]},{"ancestorTitles":["Register"],"fullName":"Register should validate that passwords match","status":"passed","title":"should validate that passwords match","duration":293.2999999821186,"failureMessages":[],"meta":{},"tags":[]},{"ancestorTitles":["Register"],"fullName":"Register should validate the birth year","status":"passed","title":"should validate the birth year","duration":475.5,"failureMessages":[],"meta":{},"tags":[]},{"ancestorTitles":["Register"],"fullName":"Register should displays errors on submit if the form is invalid","status":"passed","title":"should displays errors on submit if the form is invalid","duration":311.60000002384186,"failureMessages":[],"meta":{},"tags":[]},{"ancestorTitles":["Register"],"fullName":"Register should call the user service to register","status":"passed","title":"should call the user service to register","duration":522.1999999880791,"failureMessages":[],"meta":{},"tags":[]},{"ancestorTitles":["Register"],"fullName":"Register should display an error message if registration fails","status":"passed","title":"should display an error message if registration fails","duration":471.40000000596046,"failureMessages":[],"meta":{},"tags":[]}],"startTime":1783611174565,"endTime":1783611178660.4,"status":"passed","message":"","name":"D:/Projects/Angular/25. Advanced observables/Exercise/ponyracer - WebSockets implemented from chapter 17/src/app/register/register.spec.ts"},{"assertionResults":[{"ancestorTitles":["RaceService"],"fullName":"RaceService should list races","status":"passed","title":"should list races","duration":21.900000005960464,"failureMessages":[],"meta":{},"tags":[]},{"ancestorTitles":["RaceService"],"fullName":"RaceService should get a race","status":"passed","title":"should get a race","duration":10.099999994039536,"failureMessages":[],"meta":{},"tags":[]},{"ancestorTitles":["RaceService"],"fullName":"RaceService should bet on a race","status":"passed","title":"should bet on a race","duration":7.4000000059604645,"failureMessages":[],"meta":{},"tags":[]},{"ancestorTitles":["RaceService"],"fullName":"RaceService should cancel a bet on a race","status":"passed","title":"should cancel a bet on a race","duration":7.399999976158142,"failureMessages":[],"meta":{},"tags":[]},{"ancestorTitles":["RaceService"],"fullName":"RaceService should return a live race from websockets","status":"passed","title":"should return a live race from websockets","duration":7.299999982118607,"failureMessages":[],"meta":{},"tags":[]},{"ancestorTitles":["RaceService"],"fullName":"RaceService should boost a pony in a race","status":"passed","title":"should boost a pony in a race","duration":6.600000023841858,"failureMessages":[],"meta":{},"tags":[]}],"startTime":1783611180935,"endTime":1783611180995.6,"status":"passed","message":"","name":"D:/Projects/Angular/25. Advanced observables/Exercise/ponyracer - WebSockets implemented from chapter 17/src/app/services/race-service.spec.ts"},{"assertionResults":[{"ancestorTitles":["UserService"],"fullName":"UserService should authenticate and store a user","status":"passed","title":"should authenticate and store a user","duration":18.900000005960464,"failureMessages":[],"meta":{},"tags":[]},{"ancestorTitles":["UserService"],"fullName":"UserService should register a user","status":"passed","title":"should register a user","duration":8.699999988079071,"failureMessages":[],"meta":{},"tags":[]},{"ancestorTitles":["UserService"],"fullName":"UserService should retrieve a user if one is stored","status":"passed","title":"should retrieve a user if one is stored","duration":8.800000011920929,"failureMessages":[],"meta":{},"tags":[]},{"ancestorTitles":["UserService"],"fullName":"UserService should retrieve no user if none stored","status":"passed","title":"should retrieve no user if none stored","duration":7.5,"failureMessages":[],"meta":{},"tags":[]},{"ancestorTitles":["UserService"],"fullName":"UserService should logout the user","status":"passed","title":"should logout the user","duration":7.799999982118607,"failureMessages":[],"meta":{},"tags":[]},{"ancestorTitles":["UserService"],"fullName":"UserService should subscribe to the score of the user","status":"passed","title":"should subscribe to the score of the user","duration":6.9000000059604645,"failureMessages":[],"meta":{},"tags":[]}],"startTime":1783611181006,"endTime":1783611181064.9,"status":"passed","message":"","name":"D:/Projects/Angular/25. Advanced observables/Exercise/ponyracer - WebSockets implemented from chapter 17/src/app/services/user-service.spec.ts"},{"assertionResults":[{"ancestorTitles":["WsService"],"fullName":"WsService should connect to a websocket channel","status":"passed","title":"should connect to a websocket channel","duration":15.200000017881393,"failureMessages":[],"meta":{},"tags":[]},{"ancestorTitles":["WsService"],"fullName":"WsService should throw an error if the connection fails","status":"passed","title":"should throw an error if the connection fails","duration":15.899999976158142,"failureMessages":[],"meta":{},"tags":[]},{"ancestorTitles":["WsService"],"fullName":"WsService should unsubscribe from the websocket connection on unsubscription","status":"passed","title":"should unsubscribe from the websocket connection on unsubscription","duration":9.199999988079071,"failureMessages":[],"meta":{},"tags":[]}],"startTime":1783611181120,"endTime":1783611181160.2,"status":"passed","message":"","name":"D:/Projects/Angular/25. Advanced observables/Exercise/ponyracer - WebSockets implemented from chapter 17/src/app/services/ws-service.spec.ts"},{"assertionResults":[{"ancestorTitles":["PrettyDatePipe"],"fullName":"PrettyDatePipe should transform the input","status":"passed","title":"should transform the input","duration":2.899999976158142,"failureMessages":[],"meta":{},"tags":[]}],"startTime":1783611181309,"endTime":1783611181311.9,"status":"passed","message":"","name":"D:/Projects/Angular/25. Advanced observables/Exercise/ponyracer - WebSockets implemented from chapter 17/src/app/shared/pipes/pretty-date-pipe.spec.ts"}]}