{"numTotalTestSuites":16,"numPassedTestSuites":16,"numFailedTestSuites":0,"numPendingTestSuites":0,"numTotalTests":12,"numPassedTests":12,"numFailedTests":0,"numPendingTests":0,"numTodoTests":0,"snapshot":{"added":0,"failure":false,"filesAdded":0,"filesRemoved":0,"filesRemovedList":[],"filesUnmatched":0,"filesUpdated":0,"matched":0,"total":0,"unchecked":0,"uncheckedKeysByFile":[],"unmatched":0,"updated":0,"didUpdate":false},"startTime":1780323769231,"success":true,"testResults":[{"assertionResults":[{"ancestorTitles":["App"],"fullName":"App should have a router outlet","status":"passed","title":"should have a router outlet","duration":53.5,"failureMessages":[],"meta":{},"tags":[]},{"ancestorTitles":["App"],"fullName":"App should display the menu component","status":"passed","title":"should display the menu component","duration":40.900000005960464,"failureMessages":[],"meta":{},"tags":[]}],"startTime":1780323796302,"endTime":1780323796396.9,"status":"passed","message":"","name":"D:/Projects/Angular v20.2.0/18. Router/Exercise11/ponyracer/src/app/app.spec.ts"},{"assertionResults":[{"ancestorTitles":["Home"],"fullName":"Home should display the title and quote","status":"passed","title":"should display the title and quote","duration":47,"failureMessages":[],"meta":{},"tags":[]},{"ancestorTitles":["Home"],"fullName":"Home should display only a link to go the races page","status":"passed","title":"should display only a link to go the races page","duration":54.8999999910593,"failureMessages":[],"meta":{},"tags":[]}],"startTime":1780323795974,"endTime":1780323796075.9,"status":"passed","message":"","name":"D:/Projects/Angular v20.2.0/18. Router/Exercise11/ponyracer/src/app/home/home.spec.ts"},{"assertionResults":[{"ancestorTitles":["Menu"],"fullName":"Menu should toggle the class on click","status":"passed","title":"should toggle the class on click","duration":1164.2999999970198,"failureMessages":[],"meta":{},"tags":[]},{"ancestorTitles":["Menu"],"fullName":"Menu should use routerLink to navigate","status":"passed","title":"should use routerLink to navigate","duration":34.6000000089407,"failureMessages":[],"meta":{},"tags":[]}],"startTime":1780323794868,"endTime":1780323796066.6,"status":"passed","message":"","name":"D:/Projects/Angular v20.2.0/18. Router/Exercise11/ponyracer/src/app/menu/menu.spec.ts"},{"assertionResults":[{"ancestorTitles":["Pony"],"fullName":"Pony should display an image and a legend","status":"passed","title":"should display an image and a legend","duration":275.1000000089407,"failureMessages":[],"meta":{},"tags":[]},{"ancestorTitles":["Pony"],"fullName":"Pony should emit an event on click","status":"passed","title":"should emit an event on click","duration":460.20000000298023,"failureMessages":[],"meta":{},"tags":[]}],"startTime":1780323795134,"endTime":1780323795870.2,"status":"passed","message":"","name":"D:/Projects/Angular v20.2.0/18. Router/Exercise11/ponyracer/src/app/pony/pony.spec.ts"},{"assertionResults":[{"ancestorTitles":["Race"],"fullName":"Race should display a race name and its ponies","status":"passed","title":"should display a race name and its ponies","duration":364.90000000596046,"failureMessages":[],"meta":{},"tags":[]}],"startTime":1780323794828,"endTime":1780323795192.9,"status":"passed","message":"","name":"D:/Projects/Angular v20.2.0/18. Router/Exercise11/ponyracer/src/app/race/race.spec.ts"},{"assertionResults":[{"ancestorTitles":["Races"],"fullName":"Races should display every race","status":"passed","title":"should display every race","duration":88.29999999701977,"failureMessages":[],"meta":{},"tags":[]}],"startTime":1780323796340,"endTime":1780323796428.3,"status":"passed","message":"","name":"D:/Projects/Angular v20.2.0/18. Router/Exercise11/ponyracer/src/app/races/races.spec.ts"},{"assertionResults":[{"ancestorTitles":["RaceService"],"fullName":"RaceService should list races","status":"passed","title":"should list races","duration":20.200000002980232,"failureMessages":[],"meta":{},"tags":[]}],"startTime":1780323795646,"endTime":1780323795666.2,"status":"passed","message":"","name":"D:/Projects/Angular v20.2.0/18. Router/Exercise11/ponyracer/src/app/services/race-service.spec.ts"},{"assertionResults":[{"ancestorTitles":["PrettyDatePipe"],"fullName":"PrettyDatePipe should transform the input","status":"passed","title":"should transform the input","duration":2,"failureMessages":[],"meta":{},"tags":[]}],"startTime":1780323796220,"endTime":1780323796222,"status":"passed","message":"","name":"D:/Projects/Angular v20.2.0/18. Router/Exercise11/ponyracer/src/app/shared/pipes/pretty-date-pipe.spec.ts"}]}