{"numTotalTestSuites":16,"numPassedTestSuites":16,"numFailedTestSuites":0,"numPendingTestSuites":0,"numTotalTests":14,"numPassedTests":14,"numFailedTests":0,"numPendingTests":0,"numTodoTests":0,"snapshot":{"added":0,"failure":false,"filesAdded":0,"filesRemoved":0,"filesRemovedList":[],"filesUnmatched":0,"filesUpdated":0,"matched":0,"total":0,"unchecked":0,"uncheckedKeysByFile":[],"unmatched":0,"updated":0,"didUpdate":false},"startTime":1781700082690,"success":true,"testResults":[{"assertionResults":[{"ancestorTitles":["App"],"fullName":"App should have a router outlet","status":"passed","title":"should have a router outlet","duration":68.20000004768372,"failureMessages":[],"meta":{},"tags":[]},{"ancestorTitles":["App"],"fullName":"App should display the menu component","status":"passed","title":"should display the menu component","duration":98.40000003576279,"failureMessages":[],"meta":{},"tags":[]}],"startTime":1781700107338,"endTime":1781700107504.4,"status":"passed","message":"","name":"D:/Projects/Angular v20.2.0/19. Router/Exercise/ponyracer/src/app/app.spec.ts"},{"assertionResults":[{"ancestorTitles":["Home"],"fullName":"Home should display the title and quote","status":"passed","title":"should display the title and quote","duration":405.5,"failureMessages":[],"meta":{},"tags":[]},{"ancestorTitles":["Home"],"fullName":"Home should display only a link to go the races page","status":"passed","title":"should display only a link to go the races page","duration":269.19999998807907,"failureMessages":[],"meta":{},"tags":[]}],"startTime":1781700106004,"endTime":1781700106680.2,"status":"passed","message":"","name":"D:/Projects/Angular v20.2.0/19. Router/Exercise/ponyracer/src/app/home/home.spec.ts"},{"assertionResults":[{"ancestorTitles":["Menu"],"fullName":"Menu should toggle the class on click","status":"passed","title":"should toggle the class on click","duration":3686.300000011921,"failureMessages":[],"meta":{},"tags":[]},{"ancestorTitles":["Menu"],"fullName":"Menu should use routerLink to navigate","status":"passed","title":"should use routerLink to navigate","duration":86,"failureMessages":[],"meta":{},"tags":[]}],"startTime":1781700105953,"endTime":1781700109726,"status":"passed","message":"","name":"D:/Projects/Angular v20.2.0/19. Router/Exercise/ponyracer/src/app/menu/menu.spec.ts"},{"assertionResults":[{"ancestorTitles":["Pony"],"fullName":"Pony should display an image and a legend","status":"passed","title":"should display an image and a legend","duration":143.39999997615814,"failureMessages":[],"meta":{},"tags":[]},{"ancestorTitles":["Pony"],"fullName":"Pony should emit an event on click","status":"passed","title":"should emit an event on click","duration":1360.5999999642372,"failureMessages":[],"meta":{},"tags":[]}],"startTime":1781700106999,"endTime":1781700108503.6,"status":"passed","message":"","name":"D:/Projects/Angular v20.2.0/19. Router/Exercise/ponyracer/src/app/pony/pony.spec.ts"},{"assertionResults":[{"ancestorTitles":["Race"],"fullName":"Race should display a race name and its ponies","status":"passed","title":"should display a race name and its ponies","duration":896.7999999523163,"failureMessages":[],"meta":{},"tags":[]}],"startTime":1781700105511,"endTime":1781700106407.8,"status":"passed","message":"","name":"D:/Projects/Angular v20.2.0/19. Router/Exercise/ponyracer/src/app/race/race.spec.ts"},{"assertionResults":[{"ancestorTitles":["Races"],"fullName":"Races should display every race","status":"passed","title":"should display every race","duration":203.30000001192093,"failureMessages":[],"meta":{},"tags":[]},{"ancestorTitles":["Races"],"fullName":"Races should display a loading message while races are loading","status":"passed","title":"should display a loading message while races are loading","duration":54.10000002384186,"failureMessages":[],"meta":{},"tags":[]},{"ancestorTitles":["Races"],"fullName":"Races should display an error message if loading races failed","status":"passed","title":"should display an error message if loading races failed","duration":82,"failureMessages":[],"meta":{},"tags":[]}],"startTime":1781700108086,"endTime":1781700108426,"status":"passed","message":"","name":"D:/Projects/Angular v20.2.0/19. Router/Exercise/ponyracer/src/app/races/races.spec.ts"},{"assertionResults":[{"ancestorTitles":["RaceService"],"fullName":"RaceService should list races","status":"passed","title":"should list races","duration":96.10000002384186,"failureMessages":[],"meta":{},"tags":[]}],"startTime":1781700109593,"endTime":1781700109689.1,"status":"passed","message":"","name":"D:/Projects/Angular v20.2.0/19. Router/Exercise/ponyracer/src/app/services/race-service.spec.ts"},{"assertionResults":[{"ancestorTitles":["PrettyDatePipe"],"fullName":"PrettyDatePipe should transform the input","status":"passed","title":"should transform the input","duration":6.899999976158142,"failureMessages":[],"meta":{},"tags":[]}],"startTime":1781700109291,"endTime":1781700109297.9,"status":"passed","message":"","name":"D:/Projects/Angular v20.2.0/19. Router/Exercise/ponyracer/src/app/shared/pipes/pretty-date-pipe.spec.ts"}]}