{"numTotalTestSuites":8,"numPassedTestSuites":8,"numFailedTestSuites":0,"numPendingTestSuites":0,"numTotalTests":6,"numPassedTests":6,"numFailedTests":0,"numPendingTests":0,"numTodoTests":0,"snapshot":{"added":0,"failure":false,"filesAdded":0,"filesRemoved":0,"filesRemovedList":[],"filesUnmatched":0,"filesUpdated":0,"matched":0,"total":0,"unchecked":0,"uncheckedKeysByFile":[],"unmatched":0,"updated":0,"didUpdate":false},"startTime":1785241019051,"success":true,"testResults":[{"assertionResults":[{"ancestorTitles":["App"],"fullName":"App should have a title","status":"passed","title":"should have a title","duration":204.20000004768372,"failureMessages":[],"meta":{},"tags":[]},{"ancestorTitles":["App"],"fullName":"App should display the menu component","status":"passed","title":"should display the menu component","duration":25.5,"failureMessages":[],"meta":{},"tags":[]},{"ancestorTitles":["App"],"fullName":"App should display the races component","status":"passed","title":"should display the races component","duration":97.39999997615814,"failureMessages":[],"meta":{},"tags":[]}],"startTime":1785241029235,"endTime":1785241029562.4,"status":"passed","message":"","name":"D:/Projects/Angular/9. The templating syntax/Exercise/ponyracer/src/app/app.spec.ts"},{"assertionResults":[{"ancestorTitles":["Menu"],"fullName":"Menu should toggle the class on click","status":"passed","title":"should toggle the class on click","duration":1591.7000000476837,"failureMessages":[],"meta":{},"tags":[]}],"startTime":1785241029308,"endTime":1785241030899.7,"status":"passed","message":"","name":"D:/Projects/Angular/9. The templating syntax/Exercise/ponyracer/src/app/menu/menu.spec.ts"},{"assertionResults":[{"ancestorTitles":["Race"],"fullName":"Race should display a race name and its ponies","status":"passed","title":"should display a race name and its ponies","duration":244.70000004768372,"failureMessages":[],"meta":{},"tags":[]}],"startTime":1785241029209,"endTime":1785241029453.7,"status":"passed","message":"","name":"D:/Projects/Angular/9. The templating syntax/Exercise/ponyracer/src/app/race/race.spec.ts"},{"assertionResults":[{"ancestorTitles":["Races"],"fullName":"Races should display every race","status":"passed","title":"should display every race","duration":84.19999992847443,"failureMessages":[],"meta":{},"tags":[]}],"startTime":1785241029859,"endTime":1785241029943.2,"status":"passed","message":"","name":"D:/Projects/Angular/9. The templating syntax/Exercise/ponyracer/src/app/races/races.spec.ts"}]}