{"numTotalTestSuites":8,"numPassedTestSuites":8,"numFailedTestSuites":0,"numPendingTestSuites":0,"numTotalTests":6,"numPassedTests":6,"numFailedTests":0,"numPendingTests":0,"numTodoTests":0,"snapshot":{"added":0,"failure":false,"filesAdded":0,"filesRemoved":0,"filesRemovedList":[],"filesUnmatched":0,"filesUpdated":0,"matched":0,"total":0,"unchecked":0,"uncheckedKeysByFile":[],"unmatched":0,"updated":0,"didUpdate":false},"startTime":1779273014549,"success":true,"testResults":[{"assertionResults":[{"ancestorTitles":["App"],"fullName":"App should have a title","status":"passed","title":"should have a title","duration":124.39999997615814,"failureMessages":[],"meta":{},"tags":[]},{"ancestorTitles":["App"],"fullName":"App should display the menu component","status":"passed","title":"should display the menu component","duration":61.10000002384186,"failureMessages":[],"meta":{},"tags":[]},{"ancestorTitles":["App"],"fullName":"App should display the races component","status":"passed","title":"should display the races component","duration":103.39999997615814,"failureMessages":[],"meta":{},"tags":[]}],"startTime":1779273025699,"endTime":1779273025987.4,"status":"passed","message":"","name":"D:/Projects/Angular v20.2.0/9. The templating syntax/Exercise/ponyracer/src/app/app.spec.ts"},{"assertionResults":[{"ancestorTitles":["Menu"],"fullName":"Menu should toggle the class on click","status":"passed","title":"should toggle the class on click","duration":765,"failureMessages":[],"meta":{},"tags":[]}],"startTime":1779273025884,"endTime":1779273026649,"status":"passed","message":"","name":"D:/Projects/Angular v20.2.0/9. The templating syntax/Exercise/ponyracer/src/app/menu/menu.spec.ts"},{"assertionResults":[{"ancestorTitles":["Race"],"fullName":"Race should display a race name and its ponies","status":"passed","title":"should display a race name and its ponies","duration":189.0999999642372,"failureMessages":[],"meta":{},"tags":[]}],"startTime":1779273025700,"endTime":1779273025889.1,"status":"passed","message":"","name":"D:/Projects/Angular v20.2.0/9. The templating syntax/Exercise/ponyracer/src/app/race/race.spec.ts"},{"assertionResults":[{"ancestorTitles":["Races"],"fullName":"Races should display every race","status":"passed","title":"should display every race","duration":34.59999996423721,"failureMessages":[],"meta":{},"tags":[]}],"startTime":1779273026018,"endTime":1779273026052.6,"status":"passed","message":"","name":"D:/Projects/Angular v20.2.0/9. The templating syntax/Exercise/ponyracer/src/app/races/races.spec.ts"}]}