{"numTotalTestSuites":10,"numPassedTestSuites":10,"numFailedTestSuites":0,"numPendingTestSuites":0,"numTotalTests":8,"numPassedTests":8,"numFailedTests":0,"numPendingTests":0,"numTodoTests":0,"snapshot":{"added":0,"failure":false,"filesAdded":0,"filesRemoved":0,"filesRemovedList":[],"filesUnmatched":0,"filesUpdated":0,"matched":0,"total":0,"unchecked":0,"uncheckedKeysByFile":[],"unmatched":0,"updated":0,"didUpdate":false},"startTime":1779288989916,"success":true,"testResults":[{"assertionResults":[{"ancestorTitles":["App"],"fullName":"App should have a title","status":"passed","title":"should have a title","duration":195.60000002384186,"failureMessages":[],"meta":{},"tags":[]},{"ancestorTitles":["App"],"fullName":"App should display the menu component","status":"passed","title":"should display the menu component","duration":130,"failureMessages":[],"meta":{},"tags":[]},{"ancestorTitles":["App"],"fullName":"App should display the races component","status":"passed","title":"should display the races component","duration":168.5,"failureMessages":[],"meta":{},"tags":[]}],"startTime":1779289011111,"endTime":1779289011605.5,"status":"passed","message":"","name":"D:/Projects/Angular v20.2.0/11. Reacting to signal changes/Exercise6/ponyracer/src/app/app.spec.ts"},{"assertionResults":[{"ancestorTitles":["Menu"],"fullName":"Menu should toggle the class on click","status":"passed","title":"should toggle the class on click","duration":1076.300000011921,"failureMessages":[],"meta":{},"tags":[]}],"startTime":1779289011218,"endTime":1779289012294.3,"status":"passed","message":"","name":"D:/Projects/Angular v20.2.0/11. Reacting to signal changes/Exercise6/ponyracer/src/app/menu/menu.spec.ts"},{"assertionResults":[{"ancestorTitles":["Pony"],"fullName":"Pony should display an image and a legend","status":"passed","title":"should display an image and a legend","duration":249.39999997615814,"failureMessages":[],"meta":{},"tags":[]},{"ancestorTitles":["Pony"],"fullName":"Pony should emit an event on click","status":"passed","title":"should emit an event on click","duration":447.69999998807907,"failureMessages":[],"meta":{},"tags":[]}],"startTime":1779289011422,"endTime":1779289012119.7,"status":"passed","message":"","name":"D:/Projects/Angular v20.2.0/11. Reacting to signal changes/Exercise6/ponyracer/src/app/pony/pony.spec.ts"},{"assertionResults":[{"ancestorTitles":["Race"],"fullName":"Race should display a race name and its ponies","status":"passed","title":"should display a race name and its ponies","duration":45.5,"failureMessages":[],"meta":{},"tags":[]}],"startTime":1779289011793,"endTime":1779289011838.5,"status":"passed","message":"","name":"D:/Projects/Angular v20.2.0/11. Reacting to signal changes/Exercise6/ponyracer/src/app/race/race.spec.ts"},{"assertionResults":[{"ancestorTitles":["Races"],"fullName":"Races should display every race","status":"passed","title":"should display every race","duration":33.39999997615814,"failureMessages":[],"meta":{},"tags":[]}],"startTime":1779289011962,"endTime":1779289011995.4,"status":"passed","message":"","name":"D:/Projects/Angular v20.2.0/11. Reacting to signal changes/Exercise6/ponyracer/src/app/races/races.spec.ts"}]}