{"numTotalTestSuites":24,"numPassedTestSuites":24,"numFailedTestSuites":0,"numPendingTestSuites":0,"numTotalTests":41,"numPassedTests":41,"numFailedTests":0,"numPendingTests":0,"numTodoTests":0,"snapshot":{"added":0,"failure":false,"filesAdded":0,"filesRemoved":0,"filesRemovedList":[],"filesUnmatched":0,"filesUpdated":0,"matched":0,"total":0,"unchecked":0,"uncheckedKeysByFile":[],"unmatched":0,"updated":0,"didUpdate":false},"startTime":1782023066490,"success":true,"testResults":[{"assertionResults":[{"ancestorTitles":["App"],"fullName":"App should have a router outlet","status":"passed","title":"should have a router outlet","duration":8.900000000372529,"failureMessages":[],"meta":{},"tags":[]},{"ancestorTitles":["App"],"fullName":"App should display the menu component","status":"passed","title":"should display the menu component","duration":10.400000000372529,"failureMessages":[],"meta":{},"tags":[]}],"startTime":1782023120053,"endTime":1782023120072.4,"status":"passed","message":"","name":"D:/Projects/Angular v20.2.0/21. Signal forms/Exercise/ponyracer/src/app/app.spec.ts"},{"assertionResults":[{"ancestorTitles":["BirthYearInput"],"fullName":"BirthYearInput should display the initial value and update it","status":"passed","title":"should display the initial value and update it","duration":814.2000000011176,"failureMessages":[],"meta":{},"tags":[]},{"ancestorTitles":["BirthYearInput"],"fullName":"BirthYearInput should transform negative value","status":"passed","title":"should transform negative value","duration":190.69999999925494,"failureMessages":[],"meta":{},"tags":[]},{"ancestorTitles":["BirthYearInput"],"fullName":"BirthYearInput should transform value less than 1900","status":"passed","title":"should transform value less than 1900","duration":187.7000000011176,"failureMessages":[],"meta":{},"tags":[]},{"ancestorTitles":["BirthYearInput"],"fullName":"BirthYearInput should transform value greater than current year","status":"passed","title":"should transform value greater than current year","duration":230.09999999962747,"failureMessages":[],"meta":{},"tags":[]},{"ancestorTitles":["BirthYearInput"],"fullName":"BirthYearInput should transform value after 1900 and before current year","status":"passed","title":"should transform value after 1900 and before current year","duration":179.80000000074506,"failureMessages":[],"meta":{},"tags":[]},{"ancestorTitles":["BirthYearInput"],"fullName":"BirthYearInput should transform value greater than 100 and lower than 1900","status":"passed","title":"should transform value greater than 100 and lower than 1900","duration":245.69999999925494,"failureMessages":[],"meta":{},"tags":[]},{"ancestorTitles":["BirthYearInput"],"fullName":"BirthYearInput should transform value less than 100 and after current year","status":"passed","title":"should transform value less than 100 and after current year","duration":337.6000000014901,"failureMessages":[],"meta":{},"tags":[]},{"ancestorTitles":["BirthYearInput"],"fullName":"BirthYearInput should transform value less than 100 and before current year","status":"passed","title":"should transform value less than 100 and before current year","duration":270.09999999962747,"failureMessages":[],"meta":{},"tags":[]},{"ancestorTitles":["BirthYearInput"],"fullName":"BirthYearInput should propagate null when the value is cleared","status":"passed","title":"should propagate null when the value is cleared","duration":192.80000000074506,"failureMessages":[],"meta":{},"tags":[]},{"ancestorTitles":["BirthYearInput"],"fullName":"BirthYearInput should have the is-invalid class if invalid","status":"passed","title":"should have the is-invalid class if invalid","duration":101.29999999888241,"failureMessages":[],"meta":{},"tags":[]},{"ancestorTitles":["BirthYearInput"],"fullName":"BirthYearInput should be disabled if the form control is disabled","status":"passed","title":"should be disabled if the form control is disabled","duration":32.90000000037253,"failureMessages":[],"meta":{},"tags":[]},{"ancestorTitles":["BirthYearInput"],"fullName":"BirthYearInput should mark the field as touched on blur","status":"passed","title":"should mark the field as touched on blur","duration":185.09999999962747,"failureMessages":[],"meta":{},"tags":[]}],"startTime":1782023115518,"endTime":1782023118487.1,"status":"passed","message":"","name":"D:/Projects/Angular v20.2.0/21. Signal forms/Exercise/ponyracer/src/app/birth-year-input/birth-year-input.spec.ts"},{"assertionResults":[{"ancestorTitles":["Home"],"fullName":"Home should display the title and quote","status":"passed","title":"should display the title and quote","duration":12.400000000372529,"failureMessages":[],"meta":{},"tags":[]},{"ancestorTitles":["Home"],"fullName":"Home should display a link to go to the login page and another to the register page","status":"passed","title":"should display a link to go to the login page and another to the register page","duration":22.800000000745058,"failureMessages":[],"meta":{},"tags":[]}],"startTime":1782023118955,"endTime":1782023118990.8,"status":"passed","message":"","name":"D:/Projects/Angular v20.2.0/21. Signal forms/Exercise/ponyracer/src/app/home/home.spec.ts"},{"assertionResults":[{"ancestorTitles":["Login"],"fullName":"Login should have a title","status":"passed","title":"should have a title","duration":294.5,"failureMessages":[],"meta":{},"tags":[]},{"ancestorTitles":["Login"],"fullName":"Login should display error messages if fields are touched and invalid","status":"passed","title":"should display error messages if fields are touched and invalid","duration":833.7999999988824,"failureMessages":[],"meta":{},"tags":[]},{"ancestorTitles":["Login"],"fullName":"Login should displays errors on submit if the form is invalid","status":"passed","title":"should displays errors on submit if the form is invalid","duration":475.2999999988824,"failureMessages":[],"meta":{},"tags":[]},{"ancestorTitles":["Login"],"fullName":"Login should call the user service and redirect if success","status":"passed","title":"should call the user service and redirect if success","duration":737.1000000014901,"failureMessages":[],"meta":{},"tags":[]},{"ancestorTitles":["Login"],"fullName":"Login should call the user service and display a message if failed","status":"passed","title":"should call the user service and display a message if failed","duration":259.3999999985099,"failureMessages":[],"meta":{},"tags":[]}],"startTime":1782023115841,"endTime":1782023118442.4,"status":"passed","message":"","name":"D:/Projects/Angular v20.2.0/21. Signal forms/Exercise/ponyracer/src/app/login/login.spec.ts"},{"assertionResults":[{"ancestorTitles":["Menu"],"fullName":"Menu should toggle the class on click","status":"passed","title":"should toggle the class on click","duration":1170.5999999996275,"failureMessages":[],"meta":{},"tags":[]},{"ancestorTitles":["Menu"],"fullName":"Menu should use routerLink to navigate","status":"passed","title":"should use routerLink to navigate","duration":43.79999999888241,"failureMessages":[],"meta":{},"tags":[]}],"startTime":1782023115555,"endTime":1782023116770.8,"status":"passed","message":"","name":"D:/Projects/Angular v20.2.0/21. Signal forms/Exercise/ponyracer/src/app/menu/menu.spec.ts"},{"assertionResults":[{"ancestorTitles":["Pony"],"fullName":"Pony should display an image and a legend","status":"passed","title":"should display an image and a legend","duration":198.40000000037253,"failureMessages":[],"meta":{},"tags":[]},{"ancestorTitles":["Pony"],"fullName":"Pony should emit an event on click","status":"passed","title":"should emit an event on click","duration":140.2000000011176,"failureMessages":[],"meta":{},"tags":[]}],"startTime":1782023118544,"endTime":1782023118883.2,"status":"passed","message":"","name":"D:/Projects/Angular v20.2.0/21. Signal forms/Exercise/ponyracer/src/app/pony/pony.spec.ts"},{"assertionResults":[{"ancestorTitles":["Race"],"fullName":"Race should display a race name and its ponies","status":"passed","title":"should display a race name and its ponies","duration":41.79999999888241,"failureMessages":[],"meta":{},"tags":[]}],"startTime":1782023119977,"endTime":1782023120018.8,"status":"passed","message":"","name":"D:/Projects/Angular v20.2.0/21. Signal forms/Exercise/ponyracer/src/app/race/race.spec.ts"},{"assertionResults":[{"ancestorTitles":["Races"],"fullName":"Races should display every race","status":"passed","title":"should display every race","duration":65.90000000037253,"failureMessages":[],"meta":{},"tags":[]},{"ancestorTitles":["Races"],"fullName":"Races should display a loading message while races are loading","status":"passed","title":"should display a loading message while races are loading","duration":15.900000000372529,"failureMessages":[],"meta":{},"tags":[]},{"ancestorTitles":["Races"],"fullName":"Races should display an error message if loading races failed","status":"passed","title":"should display an error message if loading races failed","duration":14.599999999627471,"failureMessages":[],"meta":{},"tags":[]}],"startTime":1782023119974,"endTime":1782023120070.6,"status":"passed","message":"","name":"D:/Projects/Angular v20.2.0/21. Signal forms/Exercise/ponyracer/src/app/races/races.spec.ts"},{"assertionResults":[{"ancestorTitles":["Register"],"fullName":"Register should validate the login input","status":"passed","title":"should validate the login input","duration":391.5,"failureMessages":[],"meta":{},"tags":[]},{"ancestorTitles":["Register"],"fullName":"Register should validate the password input","status":"passed","title":"should validate the password input","duration":317.19999999925494,"failureMessages":[],"meta":{},"tags":[]},{"ancestorTitles":["Register"],"fullName":"Register should validate the password confirmation input","status":"passed","title":"should validate the password confirmation input","duration":101.30000000074506,"failureMessages":[],"meta":{},"tags":[]},{"ancestorTitles":["Register"],"fullName":"Register should validate that passwords match","status":"passed","title":"should validate that passwords match","duration":140.69999999925494,"failureMessages":[],"meta":{},"tags":[]},{"ancestorTitles":["Register"],"fullName":"Register should validate the birth year","status":"passed","title":"should validate the birth year","duration":236.2000000011176,"failureMessages":[],"meta":{},"tags":[]},{"ancestorTitles":["Register"],"fullName":"Register should displays errors on submit if the form is invalid","status":"passed","title":"should displays errors on submit if the form is invalid","duration":85.90000000037253,"failureMessages":[],"meta":{},"tags":[]},{"ancestorTitles":["Register"],"fullName":"Register should call the user service to register","status":"passed","title":"should call the user service to register","duration":236.5,"failureMessages":[],"meta":{},"tags":[]},{"ancestorTitles":["Register"],"fullName":"Register should display an error message if registration fails","status":"passed","title":"should display an error message if registration fails","duration":231.19999999925494,"failureMessages":[],"meta":{},"tags":[]}],"startTime":1782023118116,"endTime":1782023119856.2,"status":"passed","message":"","name":"D:/Projects/Angular v20.2.0/21. Signal forms/Exercise/ponyracer/src/app/register/register.spec.ts"},{"assertionResults":[{"ancestorTitles":["RaceService"],"fullName":"RaceService should list races","status":"passed","title":"should list races","duration":14,"failureMessages":[],"meta":{},"tags":[]}],"startTime":1782023120154,"endTime":1782023120168,"status":"passed","message":"","name":"D:/Projects/Angular v20.2.0/21. Signal forms/Exercise/ponyracer/src/app/services/race-service.spec.ts"},{"assertionResults":[{"ancestorTitles":["UserService"],"fullName":"UserService should authenticate a user","status":"passed","title":"should authenticate a user","duration":5.700000001117587,"failureMessages":[],"meta":{},"tags":[]},{"ancestorTitles":["UserService"],"fullName":"UserService should register a user","status":"passed","title":"should register a user","duration":3.799999998882413,"failureMessages":[],"meta":{},"tags":[]}],"startTime":1782023120242,"endTime":1782023120251.8,"status":"passed","message":"","name":"D:/Projects/Angular v20.2.0/21. Signal forms/Exercise/ponyracer/src/app/services/user-service.spec.ts"},{"assertionResults":[{"ancestorTitles":["PrettyDatePipe"],"fullName":"PrettyDatePipe should transform the input","status":"passed","title":"should transform the input","duration":2.800000000745058,"failureMessages":[],"meta":{},"tags":[]}],"startTime":1782023120205,"endTime":1782023120207.8,"status":"passed","message":"","name":"D:/Projects/Angular v20.2.0/21. Signal forms/Exercise/ponyracer/src/app/shared/pipes/pretty-date-pipe.spec.ts"}]}