{"numTotalTestSuites":2,"numPassedTestSuites":2,"numFailedTestSuites":0,"numPendingTestSuites":0,"numTotalTests":8,"numPassedTests":8,"numFailedTests":0,"numPendingTests":0,"numTodoTests":0,"snapshot":{"added":0,"failure":false,"filesAdded":0,"filesRemoved":0,"filesRemovedList":[],"filesUnmatched":0,"filesUpdated":0,"matched":0,"total":0,"unchecked":0,"uncheckedKeysByFile":[],"unmatched":0,"updated":0,"didUpdate":false},"startTime":1781843786748,"success":true,"testResults":[{"assertionResults":[{"ancestorTitles":["Register"],"fullName":"Register should validate the login input","status":"passed","title":"should validate the login input","duration":286.89999997615814,"failureMessages":[],"meta":{},"tags":[]},{"ancestorTitles":["Register"],"fullName":"Register should validate the password input","status":"passed","title":"should validate the password input","duration":83.5,"failureMessages":[],"meta":{},"tags":[]},{"ancestorTitles":["Register"],"fullName":"Register should validate the password confirmation input","status":"passed","title":"should validate the password confirmation input","duration":85.60000002384186,"failureMessages":[],"meta":{},"tags":[]},{"ancestorTitles":["Register"],"fullName":"Register should validate that passwords match","status":"passed","title":"should validate that passwords match","duration":160.5,"failureMessages":[],"meta":{},"tags":[]},{"ancestorTitles":["Register"],"fullName":"Register should validate the birth year","status":"passed","title":"should validate the birth year","duration":306.7999999523163,"failureMessages":[],"meta":{},"tags":[]},{"ancestorTitles":["Register"],"fullName":"Register should displays errors on submit if the form is invalid","status":"passed","title":"should displays errors on submit if the form is invalid","duration":142,"failureMessages":[],"meta":{},"tags":[]},{"ancestorTitles":["Register"],"fullName":"Register should call the user service to register","status":"passed","title":"should call the user service to register","duration":295,"failureMessages":[],"meta":{},"tags":[]},{"ancestorTitles":["Register"],"fullName":"Register should display an error message if registration fails","status":"passed","title":"should display an error message if registration fails","duration":291,"failureMessages":[],"meta":{},"tags":[]}],"startTime":1781844166035,"endTime":1781844167686,"status":"passed","message":"","name":"D:/Projects/Angular v20.2.0/21. Signal forms/Exercise/ponyracer/src/app/register/register.spec.ts"}]}