{"numTotalTestSuites":2,"numPassedTestSuites":2,"numFailedTestSuites":0,"numPendingTestSuites":0,"numTotalTests":1,"numPassedTests":1,"numFailedTests":0,"numPendingTests":0,"numTodoTests":0,"snapshot":{"added":0,"failure":false,"filesAdded":0,"filesRemoved":0,"filesRemovedList":[],"filesUnmatched":0,"filesUpdated":0,"matched":0,"total":0,"unchecked":0,"uncheckedKeysByFile":[],"unmatched":0,"updated":0,"didUpdate":false},"startTime":1779891763880,"success":true,"testResults":[{"assertionResults":[{"ancestorTitles":["RaceService"],"fullName":"RaceService should list races","status":"passed","title":"should list races","duration":7.399999976158142,"failureMessages":[],"meta":{},"tags":[]}],"startTime":1779891849276,"endTime":1779891849283.4,"status":"passed","message":"","name":"D:/Projects/Angular v20.2.0/14. Dependency injection/Exercise8/ponyracer/src/app/services/race-service.spec.ts"}]}