{"numTotalTestSuites":10,"numPassedTestSuites":10,"numFailedTestSuites":0,"numPendingTestSuites":0,"numTotalTests":8,"numPassedTests":8,"numFailedTests":0,"numPendingTests":0,"numTodoTests":0,"snapshot":{"added":0,"failure":false,"filesAdded":0,"filesRemoved":0,"filesRemovedList":[],"filesUnmatched":0,"filesUpdated":0,"matched":0,"total":0,"unchecked":0,"uncheckedKeysByFile":[],"unmatched":0,"updated":0,"didUpdate":false},"startTime":1779448850745,"success":true,"testResults":[{"assertionResults":[{"ancestorTitles":["App"],"fullName":"App should have a title","status":"passed","title":"should have a title","duration":74.09999996423721,"failureMessages":[],"meta":{},"tags":[]},{"ancestorTitles":["App"],"fullName":"App should display the menu component","status":"passed","title":"should display the menu component","duration":44.69999998807907,"failureMessages":[],"meta":{},"tags":[]},{"ancestorTitles":["App"],"fullName":"App should display the races component","status":"passed","title":"should display the races component","duration":94.30000001192093,"failureMessages":[],"meta":{},"tags":[]}],"startTime":1779448880207,"endTime":1779448880420.3,"status":"passed","message":"","name":"D:/Projects/Angular v20.2.0/11. Reacting to signal changes/Exercise6/ponyracer/src/app/app.spec.ts"},{"assertionResults":[{"ancestorTitles":["Menu"],"fullName":"Menu should toggle the class on click","status":"passed","title":"should toggle the class on click","duration":703.5,"failureMessages":[],"meta":{},"tags":[]}],"startTime":1779448879920,"endTime":1779448880623.5,"status":"passed","message":"","name":"D:/Projects/Angular v20.2.0/11. Reacting to signal changes/Exercise6/ponyracer/src/app/menu/menu.spec.ts"},{"assertionResults":[{"ancestorTitles":["Pony"],"fullName":"Pony should display an image and a legend","status":"passed","title":"should display an image and a legend","duration":238.30000001192093,"failureMessages":[],"meta":{},"tags":[]},{"ancestorTitles":["Pony"],"fullName":"Pony should emit an event on click","status":"passed","title":"should emit an event on click","duration":341.89999997615814,"failureMessages":[],"meta":{},"tags":[]}],"startTime":1779448879913,"endTime":1779448880493.9,"status":"passed","message":"","name":"D:/Projects/Angular v20.2.0/11. Reacting to signal changes/Exercise6/ponyracer/src/app/pony/pony.spec.ts"},{"assertionResults":[{"ancestorTitles":["Race"],"fullName":"Race should display a race name and its ponies","status":"passed","title":"should display a race name and its ponies","duration":33.299999952316284,"failureMessages":[],"meta":{},"tags":[]}],"startTime":1779448880509,"endTime":1779448880542.3,"status":"passed","message":"","name":"D:/Projects/Angular v20.2.0/11. Reacting to signal changes/Exercise6/ponyracer/src/app/race/race.spec.ts"},{"assertionResults":[{"ancestorTitles":["Races"],"fullName":"Races should display every race","status":"passed","title":"should display every race","duration":64.10000002384186,"failureMessages":[],"meta":{},"tags":[]}],"startTime":1779448880598,"endTime":1779448880662.1,"status":"passed","message":"","name":"D:/Projects/Angular v20.2.0/11. Reacting to signal changes/Exercise6/ponyracer/src/app/races/races.spec.ts"}]}